[0.007s] Invoking command in '/home/min/dev_ws/my_mobile/build/my_robot_gazebo': CMAKE_PREFIX_PATH=${CMAKE_PREFIX_PATH}:/opt/ros/humble /usr/bin/cmake /home/min/dev_ws/my_mobile/src/my_robot_gazebo -DCMAKE_INSTALL_PREFIX=/home/min/dev_ws/my_mobile/install/my_robot_gazebo
[0.048s] -- The C compiler identification is GNU 11.4.0
[0.089s] -- The CXX compiler identification is GNU 11.4.0
[0.094s] -- Detecting C compiler ABI info
[0.147s] -- Detecting C compiler ABI info - done
[0.152s] -- Check for working C compiler: /usr/bin/cc - skipped
[0.153s] -- Detecting C compile features
[0.153s] -- Detecting C compile features - done
[0.155s] -- Detecting CXX compiler ABI info
[0.214s] -- Detecting CXX compiler ABI info - done
[0.220s] -- Check for working CXX compiler: /usr/bin/c++ - skipped
[0.221s] -- Detecting CXX compile features
[0.221s] -- Detecting CXX compile features - done
[0.222s] -- Found ament_cmake: 1.3.9 (/opt/ros/humble/share/ament_cmake/cmake)
[0.339s] -- Found Python3: /usr/bin/python3 (found version "3.10.12") found components: Interpreter 
[0.415s] -- Found ament_lint_auto: 0.12.11 (/opt/ros/humble/share/ament_lint_auto/cmake)
[0.479s] -- Added test 'lint_cmake' to check CMake code style
[0.480s] -- Added test 'xmllint' to check XML markup files
[0.482s] -- Configuring done
[0.484s] -- Generating done
[0.485s] -- Build files have been written to: /home/min/dev_ws/my_mobile/build/my_robot_gazebo
[0.490s] Invoked command in '/home/min/dev_ws/my_mobile/build/my_robot_gazebo' returned '0': CMAKE_PREFIX_PATH=${CMAKE_PREFIX_PATH}:/opt/ros/humble /usr/bin/cmake /home/min/dev_ws/my_mobile/src/my_robot_gazebo -DCMAKE_INSTALL_PREFIX=/home/min/dev_ws/my_mobile/install/my_robot_gazebo
[0.491s] Invoking command in '/home/min/dev_ws/my_mobile/build/my_robot_gazebo': CMAKE_PREFIX_PATH=${CMAKE_PREFIX_PATH}:/opt/ros/humble /usr/bin/cmake --build /home/min/dev_ws/my_mobile/build/my_robot_gazebo -- -j12 -l12
[0.520s] Invoked command in '/home/min/dev_ws/my_mobile/build/my_robot_gazebo' returned '0': CMAKE_PREFIX_PATH=${CMAKE_PREFIX_PATH}:/opt/ros/humble /usr/bin/cmake --build /home/min/dev_ws/my_mobile/build/my_robot_gazebo -- -j12 -l12
[0.545s] Invoking command in '/home/min/dev_ws/my_mobile/build/my_robot_gazebo': CMAKE_PREFIX_PATH=${CMAKE_PREFIX_PATH}:/opt/ros/humble /usr/bin/cmake --install /home/min/dev_ws/my_mobile/build/my_robot_gazebo
[0.551s] -- Install configuration: ""
[0.551s] -- Up-to-date: /home/min/dev_ws/my_mobile/install/my_robot_gazebo/share/my_robot_gazebo/launch
[0.551s] -- Up-to-date: /home/min/dev_ws/my_mobile/install/my_robot_gazebo/share/my_robot_gazebo/launch/launch_sim_old.launch.xml
[0.551s] -- Up-to-date: /home/min/dev_ws/my_mobile/install/my_robot_gazebo/share/my_robot_gazebo/launch/launch_sim.launch.xml
[0.551s] -- Up-to-date: /home/min/dev_ws/my_mobile/install/my_robot_gazebo/share/my_robot_gazebo/config
[0.551s] -- Up-to-date: /home/min/dev_ws/my_mobile/install/my_robot_gazebo/share/my_robot_gazebo/config/my_controllers.yaml
[0.551s] -- Installing: /home/min/dev_ws/my_mobile/install/my_robot_gazebo/share/ament_index/resource_index/package_run_dependencies/my_robot_gazebo
[0.551s] -- Installing: /home/min/dev_ws/my_mobile/install/my_robot_gazebo/share/ament_index/resource_index/parent_prefix_path/my_robot_gazebo
[0.551s] -- Up-to-date: /home/min/dev_ws/my_mobile/install/my_robot_gazebo/share/my_robot_gazebo/environment/ament_prefix_path.sh
[0.552s] -- Installing: /home/min/dev_ws/my_mobile/install/my_robot_gazebo/share/my_robot_gazebo/environment/ament_prefix_path.dsv
[0.552s] -- Up-to-date: /home/min/dev_ws/my_mobile/install/my_robot_gazebo/share/my_robot_gazebo/environment/path.sh
[0.552s] -- Installing: /home/min/dev_ws/my_mobile/install/my_robot_gazebo/share/my_robot_gazebo/environment/path.dsv
[0.552s] -- Installing: /home/min/dev_ws/my_mobile/install/my_robot_gazebo/share/my_robot_gazebo/local_setup.bash
[0.552s] -- Installing: /home/min/dev_ws/my_mobile/install/my_robot_gazebo/share/my_robot_gazebo/local_setup.sh
[0.552s] -- Installing: /home/min/dev_ws/my_mobile/install/my_robot_gazebo/share/my_robot_gazebo/local_setup.zsh
[0.552s] -- Installing: /home/min/dev_ws/my_mobile/install/my_robot_gazebo/share/my_robot_gazebo/local_setup.dsv
[0.552s] -- Installing: /home/min/dev_ws/my_mobile/install/my_robot_gazebo/share/my_robot_gazebo/package.dsv
[0.552s] -- Installing: /home/min/dev_ws/my_mobile/install/my_robot_gazebo/share/ament_index/resource_index/packages/my_robot_gazebo
[0.552s] -- Installing: /home/min/dev_ws/my_mobile/install/my_robot_gazebo/share/my_robot_gazebo/cmake/my_robot_gazeboConfig.cmake
[0.552s] -- Installing: /home/min/dev_ws/my_mobile/install/my_robot_gazebo/share/my_robot_gazebo/cmake/my_robot_gazeboConfig-version.cmake
[0.553s] -- Installing: /home/min/dev_ws/my_mobile/install/my_robot_gazebo/share/my_robot_gazebo/package.xml
[0.556s] Invoked command in '/home/min/dev_ws/my_mobile/build/my_robot_gazebo' returned '0': CMAKE_PREFIX_PATH=${CMAKE_PREFIX_PATH}:/opt/ros/humble /usr/bin/cmake --install /home/min/dev_ws/my_mobile/build/my_robot_gazebo
