[0.093s] DEBUG:colcon:Command line arguments: ['/usr/bin/colcon', 'build']
[0.093s] DEBUG:colcon:Parsed command line arguments: Namespace(log_base=None, log_level=None, verb_name='build', build_base='build', install_base='install', merge_install=False, symlink_install=False, test_result_base=None, continue_on_error=False, executor='parallel', parallel_workers=12, event_handlers=None, ignore_user_meta=False, metas=['./colcon.meta'], base_paths=['.'], packages_ignore=None, packages_ignore_regex=None, paths=None, packages_up_to=None, packages_up_to_regex=None, packages_above=None, packages_above_and_dependencies=None, packages_above_depth=None, packages_select_by_dep=None, packages_skip_by_dep=None, packages_skip_up_to=None, packages_select_build_failed=False, packages_skip_build_finished=False, packages_select_test_failures=False, packages_skip_test_passed=False, packages_select=None, packages_skip=None, packages_select_regex=None, packages_skip_regex=None, packages_start=None, packages_end=None, allow_overriding=[], cmake_args=None, cmake_target=None, cmake_target_skip_unavailable=False, cmake_clean_cache=False, cmake_clean_first=False, cmake_force_configure=False, ament_cmake_args=None, catkin_cmake_args=None, catkin_skip_building_tests=False, mixin_files=None, mixin=None, verb_parser=<colcon_mixin.mixin.mixin_argument.MixinArgumentDecorator object at 0x744fc9271690>, verb_extension=<colcon_core.verb.build.BuildVerb object at 0x744fc9270c70>, main=<bound method BuildVerb.main of <colcon_core.verb.build.BuildVerb object at 0x744fc9270c70>>, mixin_verb=('build',))
[0.267s] Level 1:colcon.colcon_core.package_discovery:discover_packages(colcon_meta) check parameters
[0.267s] Level 1:colcon.colcon_core.package_discovery:discover_packages(recursive) check parameters
[0.267s] Level 1:colcon.colcon_core.package_discovery:discover_packages(ignore) check parameters
[0.267s] Level 1:colcon.colcon_core.package_discovery:discover_packages(path) check parameters
[0.267s] Level 1:colcon.colcon_core.package_discovery:discover_packages(colcon_meta) discover
[0.267s] Level 1:colcon.colcon_core.package_discovery:discover_packages(recursive) discover
[0.267s] INFO:colcon.colcon_core.package_discovery:Crawling recursively for packages in '/home/min/dev_ws/my_mobile'
[0.268s] Level 1:colcon.colcon_core.package_identification:_identify(.) by extensions ['ignore', 'ignore_ament_install']
[0.268s] Level 1:colcon.colcon_core.package_identification:_identify(.) by extension 'ignore'
[0.268s] Level 1:colcon.colcon_core.package_identification:_identify(.) by extension 'ignore_ament_install'
[0.268s] Level 1:colcon.colcon_core.package_identification:_identify(.) by extensions ['colcon_pkg']
[0.268s] Level 1:colcon.colcon_core.package_identification:_identify(.) by extension 'colcon_pkg'
[0.268s] Level 1:colcon.colcon_core.package_identification:_identify(.) by extensions ['colcon_meta']
[0.268s] Level 1:colcon.colcon_core.package_identification:_identify(.) by extension 'colcon_meta'
[0.268s] Level 1:colcon.colcon_core.package_identification:_identify(.) by extensions ['ros']
[0.268s] Level 1:colcon.colcon_core.package_identification:_identify(.) by extension 'ros'
[0.283s] Level 1:colcon.colcon_core.package_identification:_identify(.) by extensions ['cmake', 'python']
[0.283s] Level 1:colcon.colcon_core.package_identification:_identify(.) by extension 'cmake'
[0.283s] Level 1:colcon.colcon_core.package_identification:_identify(.) by extension 'python'
[0.283s] Level 1:colcon.colcon_core.package_identification:_identify(.) by extensions ['python_setup_py']
[0.283s] Level 1:colcon.colcon_core.package_identification:_identify(.) by extension 'python_setup_py'
[0.283s] Level 1:colcon.colcon_core.package_identification:_identify(build) by extensions ['ignore', 'ignore_ament_install']
[0.283s] Level 1:colcon.colcon_core.package_identification:_identify(build) by extension 'ignore'
[0.283s] Level 1:colcon.colcon_core.package_identification:_identify(build) ignored
[0.283s] Level 1:colcon.colcon_core.package_identification:_identify(install) by extensions ['ignore', 'ignore_ament_install']
[0.283s] Level 1:colcon.colcon_core.package_identification:_identify(install) by extension 'ignore'
[0.283s] Level 1:colcon.colcon_core.package_identification:_identify(install) ignored
[0.283s] Level 1:colcon.colcon_core.package_identification:_identify(log) by extensions ['ignore', 'ignore_ament_install']
[0.283s] Level 1:colcon.colcon_core.package_identification:_identify(log) by extension 'ignore'
[0.283s] Level 1:colcon.colcon_core.package_identification:_identify(log) ignored
[0.283s] Level 1:colcon.colcon_core.package_identification:_identify(src) by extensions ['ignore', 'ignore_ament_install']
[0.284s] Level 1:colcon.colcon_core.package_identification:_identify(src) by extension 'ignore'
[0.284s] Level 1:colcon.colcon_core.package_identification:_identify(src) by extension 'ignore_ament_install'
[0.284s] Level 1:colcon.colcon_core.package_identification:_identify(src) by extensions ['colcon_pkg']
[0.284s] Level 1:colcon.colcon_core.package_identification:_identify(src) by extension 'colcon_pkg'
[0.284s] Level 1:colcon.colcon_core.package_identification:_identify(src) by extensions ['colcon_meta']
[0.284s] Level 1:colcon.colcon_core.package_identification:_identify(src) by extension 'colcon_meta'
[0.284s] Level 1:colcon.colcon_core.package_identification:_identify(src) by extensions ['ros']
[0.284s] Level 1:colcon.colcon_core.package_identification:_identify(src) by extension 'ros'
[0.284s] Level 1:colcon.colcon_core.package_identification:_identify(src) by extensions ['cmake', 'python']
[0.284s] Level 1:colcon.colcon_core.package_identification:_identify(src) by extension 'cmake'
[0.284s] Level 1:colcon.colcon_core.package_identification:_identify(src) by extension 'python'
[0.284s] Level 1:colcon.colcon_core.package_identification:_identify(src) by extensions ['python_setup_py']
[0.284s] Level 1:colcon.colcon_core.package_identification:_identify(src) by extension 'python_setup_py'
[0.284s] Level 1:colcon.colcon_core.package_identification:_identify(src/my_robot_description) by extensions ['ignore', 'ignore_ament_install']
[0.284s] Level 1:colcon.colcon_core.package_identification:_identify(src/my_robot_description) by extension 'ignore'
[0.284s] Level 1:colcon.colcon_core.package_identification:_identify(src/my_robot_description) by extension 'ignore_ament_install'
[0.284s] Level 1:colcon.colcon_core.package_identification:_identify(src/my_robot_description) by extensions ['colcon_pkg']
[0.284s] Level 1:colcon.colcon_core.package_identification:_identify(src/my_robot_description) by extension 'colcon_pkg'
[0.284s] Level 1:colcon.colcon_core.package_identification:_identify(src/my_robot_description) by extensions ['colcon_meta']
[0.284s] Level 1:colcon.colcon_core.package_identification:_identify(src/my_robot_description) by extension 'colcon_meta'
[0.284s] Level 1:colcon.colcon_core.package_identification:_identify(src/my_robot_description) by extensions ['ros']
[0.284s] Level 1:colcon.colcon_core.package_identification:_identify(src/my_robot_description) by extension 'ros'
[0.286s] DEBUG:colcon.colcon_core.package_identification:Package 'src/my_robot_description' with type 'ros.ament_cmake' and name 'my_robot_description'
[0.286s] Level 1:colcon.colcon_core.package_identification:_identify(src/my_robot_gazebo) by extensions ['ignore', 'ignore_ament_install']
[0.286s] Level 1:colcon.colcon_core.package_identification:_identify(src/my_robot_gazebo) by extension 'ignore'
[0.286s] Level 1:colcon.colcon_core.package_identification:_identify(src/my_robot_gazebo) by extension 'ignore_ament_install'
[0.287s] Level 1:colcon.colcon_core.package_identification:_identify(src/my_robot_gazebo) by extensions ['colcon_pkg']
[0.287s] Level 1:colcon.colcon_core.package_identification:_identify(src/my_robot_gazebo) by extension 'colcon_pkg'
[0.287s] Level 1:colcon.colcon_core.package_identification:_identify(src/my_robot_gazebo) by extensions ['colcon_meta']
[0.287s] Level 1:colcon.colcon_core.package_identification:_identify(src/my_robot_gazebo) by extension 'colcon_meta'
[0.287s] Level 1:colcon.colcon_core.package_identification:_identify(src/my_robot_gazebo) by extensions ['ros']
[0.287s] Level 1:colcon.colcon_core.package_identification:_identify(src/my_robot_gazebo) by extension 'ros'
[0.287s] DEBUG:colcon.colcon_core.package_identification:Package 'src/my_robot_gazebo' with type 'ros.ament_cmake' and name 'my_robot_gazebo'
[0.287s] Level 1:colcon.colcon_core.package_identification:_identify(src/my_robot_navigation) by extensions ['ignore', 'ignore_ament_install']
[0.287s] Level 1:colcon.colcon_core.package_identification:_identify(src/my_robot_navigation) by extension 'ignore'
[0.287s] Level 1:colcon.colcon_core.package_identification:_identify(src/my_robot_navigation) by extension 'ignore_ament_install'
[0.287s] Level 1:colcon.colcon_core.package_identification:_identify(src/my_robot_navigation) by extensions ['colcon_pkg']
[0.287s] Level 1:colcon.colcon_core.package_identification:_identify(src/my_robot_navigation) by extension 'colcon_pkg'
[0.287s] Level 1:colcon.colcon_core.package_identification:_identify(src/my_robot_navigation) by extensions ['colcon_meta']
[0.287s] Level 1:colcon.colcon_core.package_identification:_identify(src/my_robot_navigation) by extension 'colcon_meta'
[0.287s] Level 1:colcon.colcon_core.package_identification:_identify(src/my_robot_navigation) by extensions ['ros']
[0.287s] Level 1:colcon.colcon_core.package_identification:_identify(src/my_robot_navigation) by extension 'ros'
[0.288s] DEBUG:colcon.colcon_core.package_identification:Package 'src/my_robot_navigation' with type 'ros.ament_cmake' and name 'my_robot_navigation'
[0.288s] Level 1:colcon.colcon_core.package_discovery:discover_packages(recursive) using defaults
[0.288s] Level 1:colcon.colcon_core.package_discovery:discover_packages(ignore) discover
[0.288s] Level 1:colcon.colcon_core.package_discovery:discover_packages(ignore) using defaults
[0.288s] Level 1:colcon.colcon_core.package_discovery:discover_packages(path) discover
[0.288s] Level 1:colcon.colcon_core.package_discovery:discover_packages(path) using defaults
[0.303s] Level 1:colcon.colcon_core.package_discovery:discover_packages(prefix_path) check parameters
[0.304s] Level 1:colcon.colcon_core.package_discovery:discover_packages(prefix_path) discover
[0.304s] WARNING:colcon.colcon_ros.prefix_path.ament:The path '/home/min/dev_ws/my_mobile/install/my_robot_navigation' in the environment variable AMENT_PREFIX_PATH doesn't exist
[0.304s] WARNING:colcon.colcon_ros.prefix_path.ament:The path '/home/min/dev_ws/my_mobile/install/my_robot_gazebo' in the environment variable AMENT_PREFIX_PATH doesn't exist
[0.304s] WARNING:colcon.colcon_ros.prefix_path.ament:The path '/home/min/dev_ws/my_mobile/install/my_robot_description' in the environment variable AMENT_PREFIX_PATH doesn't exist
[0.304s] WARNING:colcon.colcon_ros.prefix_path.catkin:The path '/home/min/dev_ws/my_mobile/install/my_robot_navigation' in the environment variable CMAKE_PREFIX_PATH doesn't exist
[0.304s] WARNING:colcon.colcon_ros.prefix_path.catkin:The path '/home/min/dev_ws/my_mobile/install/my_robot_gazebo' in the environment variable CMAKE_PREFIX_PATH doesn't exist
[0.304s] WARNING:colcon.colcon_ros.prefix_path.catkin:The path '/home/min/dev_ws/my_mobile/install/my_robot_description' in the environment variable CMAKE_PREFIX_PATH doesn't exist
[0.305s] DEBUG:colcon.colcon_installed_package_information.package_discovery:Found 0 installed packages in /home/min/dev_ws/my_mobile/install
[0.306s] DEBUG:colcon.colcon_installed_package_information.package_discovery:Found 382 installed packages in /opt/ros/humble
[0.308s] Level 1:colcon.colcon_core.package_discovery:discover_packages(prefix_path) using defaults
[0.348s] Level 5:colcon.colcon_core.verb:set package 'my_robot_description' build argument 'cmake_args' from command line to 'None'
[0.348s] Level 5:colcon.colcon_core.verb:set package 'my_robot_description' build argument 'cmake_target' from command line to 'None'
[0.348s] Level 5:colcon.colcon_core.verb:set package 'my_robot_description' build argument 'cmake_target_skip_unavailable' from command line to 'False'
[0.348s] Level 5:colcon.colcon_core.verb:set package 'my_robot_description' build argument 'cmake_clean_cache' from command line to 'False'
[0.348s] Level 5:colcon.colcon_core.verb:set package 'my_robot_description' build argument 'cmake_clean_first' from command line to 'False'
[0.348s] Level 5:colcon.colcon_core.verb:set package 'my_robot_description' build argument 'cmake_force_configure' from command line to 'False'
[0.348s] Level 5:colcon.colcon_core.verb:set package 'my_robot_description' build argument 'ament_cmake_args' from command line to 'None'
[0.348s] Level 5:colcon.colcon_core.verb:set package 'my_robot_description' build argument 'catkin_cmake_args' from command line to 'None'
[0.348s] Level 5:colcon.colcon_core.verb:set package 'my_robot_description' build argument 'catkin_skip_building_tests' from command line to 'False'
[0.348s] DEBUG:colcon.colcon_core.verb:Building package 'my_robot_description' with the following arguments: {'ament_cmake_args': None, 'build_base': '/home/min/dev_ws/my_mobile/build/my_robot_description', 'catkin_cmake_args': None, 'catkin_skip_building_tests': False, 'cmake_args': None, 'cmake_clean_cache': False, 'cmake_clean_first': False, 'cmake_force_configure': False, 'cmake_target': None, 'cmake_target_skip_unavailable': False, 'install_base': '/home/min/dev_ws/my_mobile/install/my_robot_description', 'merge_install': False, 'path': '/home/min/dev_ws/my_mobile/src/my_robot_description', 'symlink_install': False, 'test_result_base': None}
[0.349s] Level 5:colcon.colcon_core.verb:set package 'my_robot_gazebo' build argument 'cmake_args' from command line to 'None'
[0.349s] Level 5:colcon.colcon_core.verb:set package 'my_robot_gazebo' build argument 'cmake_target' from command line to 'None'
[0.349s] Level 5:colcon.colcon_core.verb:set package 'my_robot_gazebo' build argument 'cmake_target_skip_unavailable' from command line to 'False'
[0.349s] Level 5:colcon.colcon_core.verb:set package 'my_robot_gazebo' build argument 'cmake_clean_cache' from command line to 'False'
[0.349s] Level 5:colcon.colcon_core.verb:set package 'my_robot_gazebo' build argument 'cmake_clean_first' from command line to 'False'
[0.349s] Level 5:colcon.colcon_core.verb:set package 'my_robot_gazebo' build argument 'cmake_force_configure' from command line to 'False'
[0.349s] Level 5:colcon.colcon_core.verb:set package 'my_robot_gazebo' build argument 'ament_cmake_args' from command line to 'None'
[0.349s] Level 5:colcon.colcon_core.verb:set package 'my_robot_gazebo' build argument 'catkin_cmake_args' from command line to 'None'
[0.349s] Level 5:colcon.colcon_core.verb:set package 'my_robot_gazebo' build argument 'catkin_skip_building_tests' from command line to 'False'
[0.349s] DEBUG:colcon.colcon_core.verb:Building package 'my_robot_gazebo' with the following arguments: {'ament_cmake_args': None, 'build_base': '/home/min/dev_ws/my_mobile/build/my_robot_gazebo', 'catkin_cmake_args': None, 'catkin_skip_building_tests': False, 'cmake_args': None, 'cmake_clean_cache': False, 'cmake_clean_first': False, 'cmake_force_configure': False, 'cmake_target': None, 'cmake_target_skip_unavailable': False, 'install_base': '/home/min/dev_ws/my_mobile/install/my_robot_gazebo', 'merge_install': False, 'path': '/home/min/dev_ws/my_mobile/src/my_robot_gazebo', 'symlink_install': False, 'test_result_base': None}
[0.349s] Level 5:colcon.colcon_core.verb:set package 'my_robot_navigation' build argument 'cmake_args' from command line to 'None'
[0.349s] Level 5:colcon.colcon_core.verb:set package 'my_robot_navigation' build argument 'cmake_target' from command line to 'None'
[0.349s] Level 5:colcon.colcon_core.verb:set package 'my_robot_navigation' build argument 'cmake_target_skip_unavailable' from command line to 'False'
[0.349s] Level 5:colcon.colcon_core.verb:set package 'my_robot_navigation' build argument 'cmake_clean_cache' from command line to 'False'
[0.349s] Level 5:colcon.colcon_core.verb:set package 'my_robot_navigation' build argument 'cmake_clean_first' from command line to 'False'
[0.349s] Level 5:colcon.colcon_core.verb:set package 'my_robot_navigation' build argument 'cmake_force_configure' from command line to 'False'
[0.349s] Level 5:colcon.colcon_core.verb:set package 'my_robot_navigation' build argument 'ament_cmake_args' from command line to 'None'
[0.349s] Level 5:colcon.colcon_core.verb:set package 'my_robot_navigation' build argument 'catkin_cmake_args' from command line to 'None'
[0.349s] Level 5:colcon.colcon_core.verb:set package 'my_robot_navigation' build argument 'catkin_skip_building_tests' from command line to 'False'
[0.349s] DEBUG:colcon.colcon_core.verb:Building package 'my_robot_navigation' with the following arguments: {'ament_cmake_args': None, 'build_base': '/home/min/dev_ws/my_mobile/build/my_robot_navigation', 'catkin_cmake_args': None, 'catkin_skip_building_tests': False, 'cmake_args': None, 'cmake_clean_cache': False, 'cmake_clean_first': False, 'cmake_force_configure': False, 'cmake_target': None, 'cmake_target_skip_unavailable': False, 'install_base': '/home/min/dev_ws/my_mobile/install/my_robot_navigation', 'merge_install': False, 'path': '/home/min/dev_ws/my_mobile/src/my_robot_navigation', 'symlink_install': False, 'test_result_base': None}
[0.349s] INFO:colcon.colcon_core.executor:Executing jobs using 'parallel' executor
[0.350s] DEBUG:colcon.colcon_parallel_executor.executor.parallel:run_until_complete
[0.350s] INFO:colcon.colcon_ros.task.ament_cmake.build:Building ROS package in '/home/min/dev_ws/my_mobile/src/my_robot_description' with build type 'ament_cmake'
[0.350s] INFO:colcon.colcon_cmake.task.cmake.build:Building CMake package in '/home/min/dev_ws/my_mobile/src/my_robot_description'
[0.352s] INFO:colcon.colcon_core.plugin_system:Skipping extension 'colcon_core.shell.bat': Not used on non-Windows systems
[0.352s] INFO:colcon.colcon_core.shell:Skip shell extension 'powershell' for command environment: Not usable outside of PowerShell
[0.352s] DEBUG:colcon.colcon_core.shell:Skip shell extension 'dsv' for command environment
[0.355s] INFO:colcon.colcon_ros.task.ament_cmake.build:Building ROS package in '/home/min/dev_ws/my_mobile/src/my_robot_gazebo' with build type 'ament_cmake'
[0.355s] INFO:colcon.colcon_cmake.task.cmake.build:Building CMake package in '/home/min/dev_ws/my_mobile/src/my_robot_gazebo'
[0.355s] INFO:colcon.colcon_core.shell:Skip shell extension 'powershell' for command environment: Not usable outside of PowerShell
[0.355s] DEBUG:colcon.colcon_core.shell:Skip shell extension 'dsv' for command environment
[0.357s] INFO:colcon.colcon_ros.task.ament_cmake.build:Building ROS package in '/home/min/dev_ws/my_mobile/src/my_robot_navigation' with build type 'ament_cmake'
[0.358s] INFO:colcon.colcon_cmake.task.cmake.build:Building CMake package in '/home/min/dev_ws/my_mobile/src/my_robot_navigation'
[0.358s] INFO:colcon.colcon_core.shell:Skip shell extension 'powershell' for command environment: Not usable outside of PowerShell
[0.358s] DEBUG:colcon.colcon_core.shell:Skip shell extension 'dsv' for command environment
[0.363s] DEBUG:colcon.colcon_core.event_handler.log_command:Invoking command in '/home/min/dev_ws/my_mobile/build/my_robot_description': CMAKE_PREFIX_PATH=${CMAKE_PREFIX_PATH}:/opt/ros/humble /usr/bin/cmake /home/min/dev_ws/my_mobile/src/my_robot_description -DCMAKE_INSTALL_PREFIX=/home/min/dev_ws/my_mobile/install/my_robot_description
[0.366s] DEBUG:colcon.colcon_core.event_handler.log_command:Invoking command in '/home/min/dev_ws/my_mobile/build/my_robot_gazebo': CMAKE_PREFIX_PATH=${CMAKE_PREFIX_PATH}:/opt/ros/humble /usr/bin/cmake /home/min/dev_ws/my_mobile/src/my_robot_gazebo -DCMAKE_INSTALL_PREFIX=/home/min/dev_ws/my_mobile/install/my_robot_gazebo
[0.368s] DEBUG:colcon.colcon_core.event_handler.log_command:Invoking command in '/home/min/dev_ws/my_mobile/build/my_robot_navigation': CMAKE_PREFIX_PATH=${CMAKE_PREFIX_PATH}:/opt/ros/humble /usr/bin/cmake /home/min/dev_ws/my_mobile/src/my_robot_navigation -DCMAKE_INSTALL_PREFIX=/home/min/dev_ws/my_mobile/install/my_robot_navigation
[1.079s] DEBUG:colcon.colcon_core.event_handler.log_command:Invoked command in '/home/min/dev_ws/my_mobile/build/my_robot_description' returned '0': CMAKE_PREFIX_PATH=${CMAKE_PREFIX_PATH}:/opt/ros/humble /usr/bin/cmake /home/min/dev_ws/my_mobile/src/my_robot_description -DCMAKE_INSTALL_PREFIX=/home/min/dev_ws/my_mobile/install/my_robot_description
[1.080s] DEBUG:colcon.colcon_core.event_handler.log_command:Invoking command in '/home/min/dev_ws/my_mobile/build/my_robot_description': CMAKE_PREFIX_PATH=${CMAKE_PREFIX_PATH}:/opt/ros/humble /usr/bin/cmake --build /home/min/dev_ws/my_mobile/build/my_robot_description -- -j12 -l12
[1.081s] DEBUG:colcon.colcon_core.event_handler.log_command:Invoked command in '/home/min/dev_ws/my_mobile/build/my_robot_gazebo' returned '0': CMAKE_PREFIX_PATH=${CMAKE_PREFIX_PATH}:/opt/ros/humble /usr/bin/cmake /home/min/dev_ws/my_mobile/src/my_robot_gazebo -DCMAKE_INSTALL_PREFIX=/home/min/dev_ws/my_mobile/install/my_robot_gazebo
[1.081s] DEBUG:colcon.colcon_core.event_handler.log_command:Invoking command in '/home/min/dev_ws/my_mobile/build/my_robot_gazebo': CMAKE_PREFIX_PATH=${CMAKE_PREFIX_PATH}:/opt/ros/humble /usr/bin/cmake --build /home/min/dev_ws/my_mobile/build/my_robot_gazebo -- -j12 -l12
[1.082s] DEBUG:colcon.colcon_core.event_handler.log_command:Invoked command in '/home/min/dev_ws/my_mobile/build/my_robot_navigation' returned '0': CMAKE_PREFIX_PATH=${CMAKE_PREFIX_PATH}:/opt/ros/humble /usr/bin/cmake /home/min/dev_ws/my_mobile/src/my_robot_navigation -DCMAKE_INSTALL_PREFIX=/home/min/dev_ws/my_mobile/install/my_robot_navigation
[1.084s] DEBUG:colcon.colcon_core.event_handler.log_command:Invoking command in '/home/min/dev_ws/my_mobile/build/my_robot_navigation': CMAKE_PREFIX_PATH=${CMAKE_PREFIX_PATH}:/opt/ros/humble /usr/bin/cmake --build /home/min/dev_ws/my_mobile/build/my_robot_navigation -- -j12 -l12
[1.110s] DEBUG:colcon.colcon_core.event_handler.log_command:Invoked command in '/home/min/dev_ws/my_mobile/build/my_robot_gazebo' returned '0': CMAKE_PREFIX_PATH=${CMAKE_PREFIX_PATH}:/opt/ros/humble /usr/bin/cmake --build /home/min/dev_ws/my_mobile/build/my_robot_gazebo -- -j12 -l12
[1.111s] DEBUG:colcon.colcon_core.event_handler.log_command:Invoked command in '/home/min/dev_ws/my_mobile/build/my_robot_description' returned '0': CMAKE_PREFIX_PATH=${CMAKE_PREFIX_PATH}:/opt/ros/humble /usr/bin/cmake --build /home/min/dev_ws/my_mobile/build/my_robot_description -- -j12 -l12
[1.112s] DEBUG:colcon.colcon_core.event_handler.log_command:Invoked command in '/home/min/dev_ws/my_mobile/build/my_robot_navigation' returned '0': CMAKE_PREFIX_PATH=${CMAKE_PREFIX_PATH}:/opt/ros/humble /usr/bin/cmake --build /home/min/dev_ws/my_mobile/build/my_robot_navigation -- -j12 -l12
[1.134s] DEBUG:colcon.colcon_core.event_handler.log_command:Invoking command in '/home/min/dev_ws/my_mobile/build/my_robot_gazebo': CMAKE_PREFIX_PATH=${CMAKE_PREFIX_PATH}:/opt/ros/humble /usr/bin/cmake --install /home/min/dev_ws/my_mobile/build/my_robot_gazebo
[1.135s] DEBUG:colcon.colcon_core.event_handler.log_command:Invoking command in '/home/min/dev_ws/my_mobile/build/my_robot_description': CMAKE_PREFIX_PATH=${CMAKE_PREFIX_PATH}:/opt/ros/humble /usr/bin/cmake --install /home/min/dev_ws/my_mobile/build/my_robot_description
[1.136s] DEBUG:colcon.colcon_core.event_handler.log_command:Invoking command in '/home/min/dev_ws/my_mobile/build/my_robot_navigation': CMAKE_PREFIX_PATH=${CMAKE_PREFIX_PATH}:/opt/ros/humble /usr/bin/cmake --install /home/min/dev_ws/my_mobile/build/my_robot_navigation
[1.144s] Level 1:colcon.colcon_core.environment:create_environment_scripts_only(my_robot_gazebo)
[1.147s] Level 1:colcon.colcon_core.environment:checking '/home/min/dev_ws/my_mobile/install/my_robot_gazebo' for CMake module files
[1.148s] Level 1:colcon.colcon_core.environment:checking '/home/min/dev_ws/my_mobile/install/my_robot_gazebo' for CMake config files
[1.148s] DEBUG:colcon.colcon_core.event_handler.log_command:Invoked command in '/home/min/dev_ws/my_mobile/build/my_robot_gazebo' returned '0': CMAKE_PREFIX_PATH=${CMAKE_PREFIX_PATH}:/opt/ros/humble /usr/bin/cmake --install /home/min/dev_ws/my_mobile/build/my_robot_gazebo
[1.149s] Level 1:colcon.colcon_core.shell:create_environment_hook('my_robot_gazebo', 'cmake_prefix_path')
[1.149s] INFO:colcon.colcon_core.shell:Creating environment hook '/home/min/dev_ws/my_mobile/install/my_robot_gazebo/share/my_robot_gazebo/hook/cmake_prefix_path.ps1'
[1.150s] INFO:colcon.colcon_core.shell:Creating environment descriptor '/home/min/dev_ws/my_mobile/install/my_robot_gazebo/share/my_robot_gazebo/hook/cmake_prefix_path.dsv'
[1.151s] INFO:colcon.colcon_core.shell:Creating environment hook '/home/min/dev_ws/my_mobile/install/my_robot_gazebo/share/my_robot_gazebo/hook/cmake_prefix_path.sh'
[1.152s] Level 1:colcon.colcon_core.environment:checking '/home/min/dev_ws/my_mobile/install/my_robot_gazebo/bin'
[1.152s] Level 1:colcon.colcon_core.environment:checking '/home/min/dev_ws/my_mobile/install/my_robot_gazebo/lib/pkgconfig/my_robot_gazebo.pc'
[1.152s] Level 1:colcon.colcon_core.environment:checking '/home/min/dev_ws/my_mobile/install/my_robot_gazebo/lib/python3.10/site-packages'
[1.152s] Level 1:colcon.colcon_core.environment:checking '/home/min/dev_ws/my_mobile/install/my_robot_gazebo/bin'
[1.152s] INFO:colcon.colcon_core.shell:Creating package script '/home/min/dev_ws/my_mobile/install/my_robot_gazebo/share/my_robot_gazebo/package.ps1'
[1.153s] INFO:colcon.colcon_core.shell:Creating package descriptor '/home/min/dev_ws/my_mobile/install/my_robot_gazebo/share/my_robot_gazebo/package.dsv'
[1.153s] INFO:colcon.colcon_core.shell:Creating package script '/home/min/dev_ws/my_mobile/install/my_robot_gazebo/share/my_robot_gazebo/package.sh'
[1.154s] INFO:colcon.colcon_core.shell:Creating package script '/home/min/dev_ws/my_mobile/install/my_robot_gazebo/share/my_robot_gazebo/package.bash'
[1.155s] INFO:colcon.colcon_core.shell:Creating package script '/home/min/dev_ws/my_mobile/install/my_robot_gazebo/share/my_robot_gazebo/package.zsh'
[1.155s] Level 1:colcon.colcon_core.environment:create_file_with_runtime_dependencies(/home/min/dev_ws/my_mobile/install/my_robot_gazebo/share/colcon-core/packages/my_robot_gazebo)
[1.157s] Level 1:colcon.colcon_core.environment:create_environment_scripts_only(my_robot_navigation)
[1.157s] Level 1:colcon.colcon_core.environment:checking '/home/min/dev_ws/my_mobile/install/my_robot_navigation' for CMake module files
[1.158s] Level 1:colcon.colcon_core.environment:checking '/home/min/dev_ws/my_mobile/install/my_robot_navigation' for CMake config files
[1.159s] DEBUG:colcon.colcon_core.event_handler.log_command:Invoked command in '/home/min/dev_ws/my_mobile/build/my_robot_navigation' returned '0': CMAKE_PREFIX_PATH=${CMAKE_PREFIX_PATH}:/opt/ros/humble /usr/bin/cmake --install /home/min/dev_ws/my_mobile/build/my_robot_navigation
[1.159s] Level 1:colcon.colcon_core.shell:create_environment_hook('my_robot_navigation', 'cmake_prefix_path')
[1.159s] INFO:colcon.colcon_core.shell:Creating environment hook '/home/min/dev_ws/my_mobile/install/my_robot_navigation/share/my_robot_navigation/hook/cmake_prefix_path.ps1'
[1.160s] INFO:colcon.colcon_core.shell:Creating environment descriptor '/home/min/dev_ws/my_mobile/install/my_robot_navigation/share/my_robot_navigation/hook/cmake_prefix_path.dsv'
[1.160s] INFO:colcon.colcon_core.shell:Creating environment hook '/home/min/dev_ws/my_mobile/install/my_robot_navigation/share/my_robot_navigation/hook/cmake_prefix_path.sh'
[1.160s] Level 1:colcon.colcon_core.environment:checking '/home/min/dev_ws/my_mobile/install/my_robot_navigation/bin'
[1.160s] Level 1:colcon.colcon_core.environment:checking '/home/min/dev_ws/my_mobile/install/my_robot_navigation/lib/pkgconfig/my_robot_navigation.pc'
[1.160s] Level 1:colcon.colcon_core.environment:checking '/home/min/dev_ws/my_mobile/install/my_robot_navigation/lib/python3.10/site-packages'
[1.161s] Level 1:colcon.colcon_core.environment:checking '/home/min/dev_ws/my_mobile/install/my_robot_navigation/bin'
[1.161s] INFO:colcon.colcon_core.shell:Creating package script '/home/min/dev_ws/my_mobile/install/my_robot_navigation/share/my_robot_navigation/package.ps1'
[1.161s] INFO:colcon.colcon_core.shell:Creating package descriptor '/home/min/dev_ws/my_mobile/install/my_robot_navigation/share/my_robot_navigation/package.dsv'
[1.161s] INFO:colcon.colcon_core.shell:Creating package script '/home/min/dev_ws/my_mobile/install/my_robot_navigation/share/my_robot_navigation/package.sh'
[1.162s] INFO:colcon.colcon_core.shell:Creating package script '/home/min/dev_ws/my_mobile/install/my_robot_navigation/share/my_robot_navigation/package.bash'
[1.162s] INFO:colcon.colcon_core.shell:Creating package script '/home/min/dev_ws/my_mobile/install/my_robot_navigation/share/my_robot_navigation/package.zsh'
[1.162s] Level 1:colcon.colcon_core.environment:create_file_with_runtime_dependencies(/home/min/dev_ws/my_mobile/install/my_robot_navigation/share/colcon-core/packages/my_robot_navigation)
[1.163s] Level 1:colcon.colcon_core.environment:create_environment_scripts_only(my_robot_description)
[1.164s] Level 1:colcon.colcon_core.environment:checking '/home/min/dev_ws/my_mobile/install/my_robot_description' for CMake module files
[1.164s] DEBUG:colcon.colcon_core.event_handler.log_command:Invoked command in '/home/min/dev_ws/my_mobile/build/my_robot_description' returned '0': CMAKE_PREFIX_PATH=${CMAKE_PREFIX_PATH}:/opt/ros/humble /usr/bin/cmake --install /home/min/dev_ws/my_mobile/build/my_robot_description
[1.164s] Level 1:colcon.colcon_core.environment:checking '/home/min/dev_ws/my_mobile/install/my_robot_description' for CMake config files
[1.165s] Level 1:colcon.colcon_core.shell:create_environment_hook('my_robot_description', 'cmake_prefix_path')
[1.165s] INFO:colcon.colcon_core.shell:Creating environment hook '/home/min/dev_ws/my_mobile/install/my_robot_description/share/my_robot_description/hook/cmake_prefix_path.ps1'
[1.165s] INFO:colcon.colcon_core.shell:Creating environment descriptor '/home/min/dev_ws/my_mobile/install/my_robot_description/share/my_robot_description/hook/cmake_prefix_path.dsv'
[1.166s] INFO:colcon.colcon_core.shell:Creating environment hook '/home/min/dev_ws/my_mobile/install/my_robot_description/share/my_robot_description/hook/cmake_prefix_path.sh'
[1.166s] Level 1:colcon.colcon_core.environment:checking '/home/min/dev_ws/my_mobile/install/my_robot_description/bin'
[1.166s] Level 1:colcon.colcon_core.environment:checking '/home/min/dev_ws/my_mobile/install/my_robot_description/lib/pkgconfig/my_robot_description.pc'
[1.167s] Level 1:colcon.colcon_core.environment:checking '/home/min/dev_ws/my_mobile/install/my_robot_description/lib/python3.10/site-packages'
[1.167s] Level 1:colcon.colcon_core.environment:checking '/home/min/dev_ws/my_mobile/install/my_robot_description/bin'
[1.167s] INFO:colcon.colcon_core.shell:Creating package script '/home/min/dev_ws/my_mobile/install/my_robot_description/share/my_robot_description/package.ps1'
[1.168s] INFO:colcon.colcon_core.shell:Creating package descriptor '/home/min/dev_ws/my_mobile/install/my_robot_description/share/my_robot_description/package.dsv'
[1.168s] INFO:colcon.colcon_core.shell:Creating package script '/home/min/dev_ws/my_mobile/install/my_robot_description/share/my_robot_description/package.sh'
[1.168s] INFO:colcon.colcon_core.shell:Creating package script '/home/min/dev_ws/my_mobile/install/my_robot_description/share/my_robot_description/package.bash'
[1.168s] INFO:colcon.colcon_core.shell:Creating package script '/home/min/dev_ws/my_mobile/install/my_robot_description/share/my_robot_description/package.zsh'
[1.169s] Level 1:colcon.colcon_core.environment:create_file_with_runtime_dependencies(/home/min/dev_ws/my_mobile/install/my_robot_description/share/colcon-core/packages/my_robot_description)
[1.172s] Level 1:colcon.colcon_core.environment:create_environment_scripts_only(my_robot_gazebo)
[1.172s] Level 1:colcon.colcon_core.environment:checking '/home/min/dev_ws/my_mobile/install/my_robot_gazebo' for CMake module files
[1.173s] Level 1:colcon.colcon_core.environment:checking '/home/min/dev_ws/my_mobile/install/my_robot_gazebo' for CMake config files
[1.173s] Level 1:colcon.colcon_core.shell:create_environment_hook('my_robot_gazebo', 'cmake_prefix_path')
[1.173s] INFO:colcon.colcon_core.shell:Creating environment hook '/home/min/dev_ws/my_mobile/install/my_robot_gazebo/share/my_robot_gazebo/hook/cmake_prefix_path.ps1'
[1.174s] INFO:colcon.colcon_core.shell:Creating environment descriptor '/home/min/dev_ws/my_mobile/install/my_robot_gazebo/share/my_robot_gazebo/hook/cmake_prefix_path.dsv'
[1.174s] INFO:colcon.colcon_core.shell:Creating environment hook '/home/min/dev_ws/my_mobile/install/my_robot_gazebo/share/my_robot_gazebo/hook/cmake_prefix_path.sh'
[1.174s] Level 1:colcon.colcon_core.environment:checking '/home/min/dev_ws/my_mobile/install/my_robot_gazebo/bin'
[1.175s] Level 1:colcon.colcon_core.environment:checking '/home/min/dev_ws/my_mobile/install/my_robot_gazebo/lib/pkgconfig/my_robot_gazebo.pc'
[1.175s] Level 1:colcon.colcon_core.environment:checking '/home/min/dev_ws/my_mobile/install/my_robot_gazebo/lib/python3.10/site-packages'
[1.175s] Level 1:colcon.colcon_core.environment:checking '/home/min/dev_ws/my_mobile/install/my_robot_gazebo/bin'
[1.175s] INFO:colcon.colcon_core.shell:Creating package script '/home/min/dev_ws/my_mobile/install/my_robot_gazebo/share/my_robot_gazebo/package.ps1'
[1.176s] INFO:colcon.colcon_core.shell:Creating package descriptor '/home/min/dev_ws/my_mobile/install/my_robot_gazebo/share/my_robot_gazebo/package.dsv'
[1.176s] INFO:colcon.colcon_core.shell:Creating package script '/home/min/dev_ws/my_mobile/install/my_robot_gazebo/share/my_robot_gazebo/package.sh'
[1.176s] INFO:colcon.colcon_core.shell:Creating package script '/home/min/dev_ws/my_mobile/install/my_robot_gazebo/share/my_robot_gazebo/package.bash'
[1.177s] INFO:colcon.colcon_core.shell:Creating package script '/home/min/dev_ws/my_mobile/install/my_robot_gazebo/share/my_robot_gazebo/package.zsh'
[1.177s] Level 1:colcon.colcon_core.environment:create_file_with_runtime_dependencies(/home/min/dev_ws/my_mobile/install/my_robot_gazebo/share/colcon-core/packages/my_robot_gazebo)
[1.179s] Level 1:colcon.colcon_core.environment:create_environment_scripts_only(my_robot_navigation)
[1.180s] Level 1:colcon.colcon_core.environment:checking '/home/min/dev_ws/my_mobile/install/my_robot_navigation' for CMake module files
[1.180s] Level 1:colcon.colcon_core.environment:checking '/home/min/dev_ws/my_mobile/install/my_robot_navigation' for CMake config files
[1.180s] Level 1:colcon.colcon_core.shell:create_environment_hook('my_robot_navigation', 'cmake_prefix_path')
[1.180s] INFO:colcon.colcon_core.shell:Creating environment hook '/home/min/dev_ws/my_mobile/install/my_robot_navigation/share/my_robot_navigation/hook/cmake_prefix_path.ps1'
[1.181s] INFO:colcon.colcon_core.shell:Creating environment descriptor '/home/min/dev_ws/my_mobile/install/my_robot_navigation/share/my_robot_navigation/hook/cmake_prefix_path.dsv'
[1.181s] INFO:colcon.colcon_core.shell:Creating environment hook '/home/min/dev_ws/my_mobile/install/my_robot_navigation/share/my_robot_navigation/hook/cmake_prefix_path.sh'
[1.181s] Level 1:colcon.colcon_core.environment:checking '/home/min/dev_ws/my_mobile/install/my_robot_navigation/bin'
[1.182s] Level 1:colcon.colcon_core.environment:checking '/home/min/dev_ws/my_mobile/install/my_robot_navigation/lib/pkgconfig/my_robot_navigation.pc'
[1.182s] Level 1:colcon.colcon_core.environment:checking '/home/min/dev_ws/my_mobile/install/my_robot_navigation/lib/python3.10/site-packages'
[1.182s] Level 1:colcon.colcon_core.environment:checking '/home/min/dev_ws/my_mobile/install/my_robot_navigation/bin'
[1.182s] INFO:colcon.colcon_core.shell:Creating package script '/home/min/dev_ws/my_mobile/install/my_robot_navigation/share/my_robot_navigation/package.ps1'
[1.182s] INFO:colcon.colcon_core.shell:Creating package descriptor '/home/min/dev_ws/my_mobile/install/my_robot_navigation/share/my_robot_navigation/package.dsv'
[1.183s] INFO:colcon.colcon_core.shell:Creating package script '/home/min/dev_ws/my_mobile/install/my_robot_navigation/share/my_robot_navigation/package.sh'
[1.183s] INFO:colcon.colcon_core.shell:Creating package script '/home/min/dev_ws/my_mobile/install/my_robot_navigation/share/my_robot_navigation/package.bash'
[1.183s] INFO:colcon.colcon_core.shell:Creating package script '/home/min/dev_ws/my_mobile/install/my_robot_navigation/share/my_robot_navigation/package.zsh'
[1.184s] Level 1:colcon.colcon_core.environment:create_file_with_runtime_dependencies(/home/min/dev_ws/my_mobile/install/my_robot_navigation/share/colcon-core/packages/my_robot_navigation)
[1.185s] Level 1:colcon.colcon_core.environment:create_environment_scripts_only(my_robot_description)
[1.185s] Level 1:colcon.colcon_core.environment:checking '/home/min/dev_ws/my_mobile/install/my_robot_description' for CMake module files
[1.186s] Level 1:colcon.colcon_core.environment:checking '/home/min/dev_ws/my_mobile/install/my_robot_description' for CMake config files
[1.186s] Level 1:colcon.colcon_core.shell:create_environment_hook('my_robot_description', 'cmake_prefix_path')
[1.186s] INFO:colcon.colcon_core.shell:Creating environment hook '/home/min/dev_ws/my_mobile/install/my_robot_description/share/my_robot_description/hook/cmake_prefix_path.ps1'
[1.187s] INFO:colcon.colcon_core.shell:Creating environment descriptor '/home/min/dev_ws/my_mobile/install/my_robot_description/share/my_robot_description/hook/cmake_prefix_path.dsv'
[1.187s] INFO:colcon.colcon_core.shell:Creating environment hook '/home/min/dev_ws/my_mobile/install/my_robot_description/share/my_robot_description/hook/cmake_prefix_path.sh'
[1.187s] Level 1:colcon.colcon_core.environment:checking '/home/min/dev_ws/my_mobile/install/my_robot_description/bin'
[1.187s] Level 1:colcon.colcon_core.environment:checking '/home/min/dev_ws/my_mobile/install/my_robot_description/lib/pkgconfig/my_robot_description.pc'
[1.188s] Level 1:colcon.colcon_core.environment:checking '/home/min/dev_ws/my_mobile/install/my_robot_description/lib/python3.10/site-packages'
[1.188s] Level 1:colcon.colcon_core.environment:checking '/home/min/dev_ws/my_mobile/install/my_robot_description/bin'
[1.188s] INFO:colcon.colcon_core.shell:Creating package script '/home/min/dev_ws/my_mobile/install/my_robot_description/share/my_robot_description/package.ps1'
[1.188s] INFO:colcon.colcon_core.shell:Creating package descriptor '/home/min/dev_ws/my_mobile/install/my_robot_description/share/my_robot_description/package.dsv'
[1.189s] INFO:colcon.colcon_core.shell:Creating package script '/home/min/dev_ws/my_mobile/install/my_robot_description/share/my_robot_description/package.sh'
[1.189s] INFO:colcon.colcon_core.shell:Creating package script '/home/min/dev_ws/my_mobile/install/my_robot_description/share/my_robot_description/package.bash'
[1.190s] INFO:colcon.colcon_core.shell:Creating package script '/home/min/dev_ws/my_mobile/install/my_robot_description/share/my_robot_description/package.zsh'
[1.190s] Level 1:colcon.colcon_core.environment:create_file_with_runtime_dependencies(/home/min/dev_ws/my_mobile/install/my_robot_description/share/colcon-core/packages/my_robot_description)
[1.190s] DEBUG:colcon.colcon_parallel_executor.executor.parallel:closing loop
[1.190s] DEBUG:colcon.colcon_parallel_executor.executor.parallel:loop closed
[1.190s] DEBUG:colcon.colcon_parallel_executor.executor.parallel:run_until_complete finished with '0'
[1.190s] DEBUG:colcon.colcon_core.event_reactor:joining thread
[1.194s] INFO:colcon.colcon_core.plugin_system:Skipping extension 'colcon_notification.desktop_notification.terminal_notifier': Not used on non-Darwin systems
[1.194s] INFO:colcon.colcon_core.plugin_system:Skipping extension 'colcon_notification.desktop_notification.win32': Not used on non-Windows systems
[1.194s] INFO:colcon.colcon_notification.desktop_notification:Sending desktop notification using 'notify2'
[1.205s] DEBUG:colcon.colcon_core.event_reactor:joined thread
[1.206s] INFO:colcon.colcon_core.shell:Creating prefix script '/home/min/dev_ws/my_mobile/install/local_setup.ps1'
[1.207s] INFO:colcon.colcon_core.shell:Creating prefix util module '/home/min/dev_ws/my_mobile/install/_local_setup_util_ps1.py'
[1.208s] INFO:colcon.colcon_core.shell:Creating prefix chain script '/home/min/dev_ws/my_mobile/install/setup.ps1'
[1.209s] INFO:colcon.colcon_core.shell:Creating prefix script '/home/min/dev_ws/my_mobile/install/local_setup.sh'
[1.209s] INFO:colcon.colcon_core.shell:Creating prefix util module '/home/min/dev_ws/my_mobile/install/_local_setup_util_sh.py'
[1.209s] INFO:colcon.colcon_core.shell:Creating prefix chain script '/home/min/dev_ws/my_mobile/install/setup.sh'
[1.211s] INFO:colcon.colcon_core.shell:Creating prefix script '/home/min/dev_ws/my_mobile/install/local_setup.bash'
[1.211s] INFO:colcon.colcon_core.shell:Creating prefix chain script '/home/min/dev_ws/my_mobile/install/setup.bash'
[1.213s] INFO:colcon.colcon_core.shell:Creating prefix script '/home/min/dev_ws/my_mobile/install/local_setup.zsh'
[1.213s] INFO:colcon.colcon_core.shell:Creating prefix chain script '/home/min/dev_ws/my_mobile/install/setup.zsh'
