[0.008s] Invoking command in '/home/min/dev_ws/my_mobile/build/my_robot_gazebo': /usr/bin/cmake --build /home/min/dev_ws/my_mobile/build/my_robot_gazebo -- -j12 -l12
[0.036s] Invoked command in '/home/min/dev_ws/my_mobile/build/my_robot_gazebo' returned '0': /usr/bin/cmake --build /home/min/dev_ws/my_mobile/build/my_robot_gazebo -- -j12 -l12
[0.058s] Invoking command in '/home/min/dev_ws/my_mobile/build/my_robot_gazebo': /usr/bin/cmake --install /home/min/dev_ws/my_mobile/build/my_robot_gazebo
[0.071s] -- Install configuration: ""
[0.072s] -- Up-to-date: /home/min/dev_ws/my_mobile/install/my_robot_gazebo/share/my_robot_gazebo/launch
[0.072s] -- Up-to-date: /home/min/dev_ws/my_mobile/install/my_robot_gazebo/share/my_robot_gazebo/launch/launch_sim.launch.xml
[0.073s] -- Up-to-date: /home/min/dev_ws/my_mobile/install/my_robot_gazebo/share/my_robot_gazebo/config
[0.073s] -- Up-to-date: /home/min/dev_ws/my_mobile/install/my_robot_gazebo/share/my_robot_gazebo/config/my_controllers.yaml
[0.076s] -- Up-to-date: /home/min/dev_ws/my_mobile/install/my_robot_gazebo/share/ament_index/resource_index/package_run_dependencies/my_robot_gazebo
[0.076s] -- Up-to-date: /home/min/dev_ws/my_mobile/install/my_robot_gazebo/share/ament_index/resource_index/parent_prefix_path/my_robot_gazebo
[0.076s] -- Up-to-date: /home/min/dev_ws/my_mobile/install/my_robot_gazebo/share/my_robot_gazebo/environment/ament_prefix_path.sh
[0.076s] -- Up-to-date: /home/min/dev_ws/my_mobile/install/my_robot_gazebo/share/my_robot_gazebo/environment/ament_prefix_path.dsv
[0.077s] -- Up-to-date: /home/min/dev_ws/my_mobile/install/my_robot_gazebo/share/my_robot_gazebo/environment/path.sh
[0.077s] -- Up-to-date: /home/min/dev_ws/my_mobile/install/my_robot_gazebo/share/my_robot_gazebo/environment/path.dsv
[0.077s] -- Up-to-date: /home/min/dev_ws/my_mobile/install/my_robot_gazebo/share/my_robot_gazebo/local_setup.bash
[0.078s] -- Up-to-date: /home/min/dev_ws/my_mobile/install/my_robot_gazebo/share/my_robot_gazebo/local_setup.sh
[0.078s] -- Up-to-date: /home/min/dev_ws/my_mobile/install/my_robot_gazebo/share/my_robot_gazebo/local_setup.zsh
[0.078s] -- Up-to-date: /home/min/dev_ws/my_mobile/install/my_robot_gazebo/share/my_robot_gazebo/local_setup.dsv
[0.078s] -- Installing: /home/min/dev_ws/my_mobile/install/my_robot_gazebo/share/my_robot_gazebo/package.dsv
[0.079s] -- Up-to-date: /home/min/dev_ws/my_mobile/install/my_robot_gazebo/share/ament_index/resource_index/packages/my_robot_gazebo
[0.079s] -- Up-to-date: /home/min/dev_ws/my_mobile/install/my_robot_gazebo/share/my_robot_gazebo/cmake/my_robot_gazeboConfig.cmake
[0.079s] -- Up-to-date: /home/min/dev_ws/my_mobile/install/my_robot_gazebo/share/my_robot_gazebo/cmake/my_robot_gazeboConfig-version.cmake
[0.080s] -- Up-to-date: /home/min/dev_ws/my_mobile/install/my_robot_gazebo/share/my_robot_gazebo/package.xml
[0.086s] Invoked command in '/home/min/dev_ws/my_mobile/build/my_robot_gazebo' returned '0': /usr/bin/cmake --install /home/min/dev_ws/my_mobile/build/my_robot_gazebo
