[0.009s] Invoking command in '/home/min/dev_ws/my_mobile/build/my_robot_gazebo': CMAKE_PREFIX_PATH=${CMAKE_PREFIX_PATH}:/opt/ros/humble /usr/bin/cmake --build /home/min/dev_ws/my_mobile/build/my_robot_gazebo -- -j12 -l12
[0.031s] -- Found ament_cmake: 1.3.9 (/opt/ros/humble/share/ament_cmake/cmake)
[0.155s] -- Found ament_lint_auto: 0.12.11 (/opt/ros/humble/share/ament_lint_auto/cmake)
[0.216s] -- Added test 'lint_cmake' to check CMake code style
[0.217s] -- Added test 'xmllint' to check XML markup files
[0.219s] -- Configuring done
[0.222s] -- Generating done
[0.223s] -- Build files have been written to: /home/min/dev_ws/my_mobile/build/my_robot_gazebo
[0.239s] Invoked command in '/home/min/dev_ws/my_mobile/build/my_robot_gazebo' returned '0': CMAKE_PREFIX_PATH=${CMAKE_PREFIX_PATH}:/opt/ros/humble /usr/bin/cmake --build /home/min/dev_ws/my_mobile/build/my_robot_gazebo -- -j12 -l12
[0.255s] Invoking command in '/home/min/dev_ws/my_mobile/build/my_robot_gazebo': CMAKE_PREFIX_PATH=${CMAKE_PREFIX_PATH}:/opt/ros/humble /usr/bin/cmake --install /home/min/dev_ws/my_mobile/build/my_robot_gazebo
[0.261s] -- Install configuration: ""
[0.261s] -- Up-to-date: /home/min/dev_ws/my_mobile/install/my_robot_gazebo/share/my_robot_gazebo/launch
[0.261s] -- Up-to-date: /home/min/dev_ws/my_mobile/install/my_robot_gazebo/share/my_robot_gazebo/launch/launch_sim_old.launch.xml
[0.261s] -- Installing: /home/min/dev_ws/my_mobile/install/my_robot_gazebo/share/my_robot_gazebo/launch/launch_sim.launch.xml
[0.261s] -- Installing: /home/min/dev_ws/my_mobile/install/my_robot_gazebo/share/my_robot_gazebo/config
[0.261s] -- Installing: /home/min/dev_ws/my_mobile/install/my_robot_gazebo/share/my_robot_gazebo/config/my_controllers.yaml
[0.261s] -- Up-to-date: /home/min/dev_ws/my_mobile/install/my_robot_gazebo/share/ament_index/resource_index/package_run_dependencies/my_robot_gazebo
[0.261s] -- Installing: /home/min/dev_ws/my_mobile/install/my_robot_gazebo/share/ament_index/resource_index/parent_prefix_path/my_robot_gazebo
[0.261s] -- Up-to-date: /home/min/dev_ws/my_mobile/install/my_robot_gazebo/share/my_robot_gazebo/environment/ament_prefix_path.sh
[0.262s] -- Installing: /home/min/dev_ws/my_mobile/install/my_robot_gazebo/share/my_robot_gazebo/environment/ament_prefix_path.dsv
[0.262s] -- Up-to-date: /home/min/dev_ws/my_mobile/install/my_robot_gazebo/share/my_robot_gazebo/environment/path.sh
[0.262s] -- Installing: /home/min/dev_ws/my_mobile/install/my_robot_gazebo/share/my_robot_gazebo/environment/path.dsv
[0.262s] -- Up-to-date: /home/min/dev_ws/my_mobile/install/my_robot_gazebo/share/my_robot_gazebo/local_setup.bash
[0.262s] -- Up-to-date: /home/min/dev_ws/my_mobile/install/my_robot_gazebo/share/my_robot_gazebo/local_setup.sh
[0.262s] -- Up-to-date: /home/min/dev_ws/my_mobile/install/my_robot_gazebo/share/my_robot_gazebo/local_setup.zsh
[0.262s] -- Installing: /home/min/dev_ws/my_mobile/install/my_robot_gazebo/share/my_robot_gazebo/local_setup.dsv
[0.262s] -- Installing: /home/min/dev_ws/my_mobile/install/my_robot_gazebo/share/my_robot_gazebo/package.dsv
[0.262s] -- Up-to-date: /home/min/dev_ws/my_mobile/install/my_robot_gazebo/share/ament_index/resource_index/packages/my_robot_gazebo
[0.262s] -- Up-to-date: /home/min/dev_ws/my_mobile/install/my_robot_gazebo/share/my_robot_gazebo/cmake/my_robot_gazeboConfig.cmake
[0.262s] -- Up-to-date: /home/min/dev_ws/my_mobile/install/my_robot_gazebo/share/my_robot_gazebo/cmake/my_robot_gazeboConfig-version.cmake
[0.262s] -- Up-to-date: /home/min/dev_ws/my_mobile/install/my_robot_gazebo/share/my_robot_gazebo/package.xml
[0.264s] Invoked command in '/home/min/dev_ws/my_mobile/build/my_robot_gazebo' returned '0': CMAKE_PREFIX_PATH=${CMAKE_PREFIX_PATH}:/opt/ros/humble /usr/bin/cmake --install /home/min/dev_ws/my_mobile/build/my_robot_gazebo
