[0.016s] Invoking command in '/home/min/dev_ws/my_mobile_test/build/my_robot_gazebo': CMAKE_PREFIX_PATH=${CMAKE_PREFIX_PATH}:/opt/ros/humble /usr/bin/cmake /home/min/dev_ws/my_mobile_test/src/my_robot_gazebo -DCMAKE_INSTALL_PREFIX=/home/min/dev_ws/my_mobile_test/install/my_robot_gazebo
[0.070s] -- The C compiler identification is GNU 11.4.0
[0.141s] -- The CXX compiler identification is GNU 11.4.0
[0.152s] -- Detecting C compiler ABI info
[0.224s] -- Detecting C compiler ABI info - done
[0.231s] -- Check for working C compiler: /usr/bin/cc - skipped
[0.232s] -- Detecting C compile features
[0.232s] -- Detecting C compile features - done
[0.235s] -- Detecting CXX compiler ABI info
[0.328s] -- Detecting CXX compiler ABI info - done
[0.335s] -- Check for working CXX compiler: /usr/bin/c++ - skipped
[0.335s] -- Detecting CXX compile features
[0.336s] -- Detecting CXX compile features - done
[0.337s] -- Found ament_cmake: 1.3.9 (/opt/ros/humble/share/ament_cmake/cmake)
[0.505s] -- Found Python3: /usr/bin/python3 (found version "3.10.12") found components: Interpreter 
[0.602s] -- Found ament_lint_auto: 0.12.11 (/opt/ros/humble/share/ament_lint_auto/cmake)
[0.703s] -- Added test 'lint_cmake' to check CMake code style
[0.706s] -- Added test 'xmllint' to check XML markup files
[0.708s] -- Configuring done
[0.711s] -- Generating done
[0.712s] -- Build files have been written to: /home/min/dev_ws/my_mobile_test/build/my_robot_gazebo
[0.719s] Invoked command in '/home/min/dev_ws/my_mobile_test/build/my_robot_gazebo' returned '0': CMAKE_PREFIX_PATH=${CMAKE_PREFIX_PATH}:/opt/ros/humble /usr/bin/cmake /home/min/dev_ws/my_mobile_test/src/my_robot_gazebo -DCMAKE_INSTALL_PREFIX=/home/min/dev_ws/my_mobile_test/install/my_robot_gazebo
[0.724s] Invoking command in '/home/min/dev_ws/my_mobile_test/build/my_robot_gazebo': CMAKE_PREFIX_PATH=${CMAKE_PREFIX_PATH}:/opt/ros/humble /usr/bin/cmake --build /home/min/dev_ws/my_mobile_test/build/my_robot_gazebo -- -j12 -l12
[0.769s] Invoked command in '/home/min/dev_ws/my_mobile_test/build/my_robot_gazebo' returned '0': CMAKE_PREFIX_PATH=${CMAKE_PREFIX_PATH}:/opt/ros/humble /usr/bin/cmake --build /home/min/dev_ws/my_mobile_test/build/my_robot_gazebo -- -j12 -l12
[0.803s] Invoking command in '/home/min/dev_ws/my_mobile_test/build/my_robot_gazebo': CMAKE_PREFIX_PATH=${CMAKE_PREFIX_PATH}:/opt/ros/humble /usr/bin/cmake --install /home/min/dev_ws/my_mobile_test/build/my_robot_gazebo
[0.814s] -- Install configuration: ""
[0.814s] -- Installing: /home/min/dev_ws/my_mobile_test/install/my_robot_gazebo/share/my_robot_gazebo/launch
[0.814s] -- Installing: /home/min/dev_ws/my_mobile_test/install/my_robot_gazebo/share/my_robot_gazebo/launch/launch_sim.launch.xml
[0.814s] -- Installing: /home/min/dev_ws/my_mobile_test/install/my_robot_gazebo/share/my_robot_gazebo/config
[0.814s] -- Installing: /home/min/dev_ws/my_mobile_test/install/my_robot_gazebo/share/my_robot_gazebo/config/my_controllers.yaml
[0.814s] -- Installing: /home/min/dev_ws/my_mobile_test/install/my_robot_gazebo/share/my_robot_gazebo/worlds
[0.814s] -- Installing: /home/min/dev_ws/my_mobile_test/install/my_robot_gazebo/share/my_robot_gazebo/worlds/simple_building.world
[0.814s] -- Installing: /home/min/dev_ws/my_mobile_test/install/my_robot_gazebo/share/my_robot_gazebo/worlds/empty.world
[0.814s] -- Installing: /home/min/dev_ws/my_mobile_test/install/my_robot_gazebo/share/my_robot_gazebo/worlds/my_world.world
[0.814s] -- Installing: /home/min/dev_ws/my_mobile_test/install/my_robot_gazebo/share/my_robot_gazebo/models
[0.814s] -- Installing: /home/min/dev_ws/my_mobile_test/install/my_robot_gazebo/share/my_robot_gazebo/models/.empty
[0.814s] -- Installing: /home/min/dev_ws/my_mobile_test/install/my_robot_gazebo/share/my_robot_gazebo/models/simple_building
[0.814s] -- Installing: /home/min/dev_ws/my_mobile_test/install/my_robot_gazebo/share/my_robot_gazebo/models/simple_building/model.config
[0.814s] -- Installing: /home/min/dev_ws/my_mobile_test/install/my_robot_gazebo/share/my_robot_gazebo/models/simple_building/model.sdf
[0.814s] -- Installing: /home/min/dev_ws/my_mobile_test/install/my_robot_gazebo/share/my_robot_gazebo/models/my_world
[0.814s] -- Installing: /home/min/dev_ws/my_mobile_test/install/my_robot_gazebo/share/my_robot_gazebo/models/my_world/model.config
[0.815s] -- Installing: /home/min/dev_ws/my_mobile_test/install/my_robot_gazebo/share/my_robot_gazebo/models/my_world/model.sdf
[0.815s] -- Installing: /home/min/dev_ws/my_mobile_test/install/my_robot_gazebo/share/ament_index/resource_index/package_run_dependencies/my_robot_gazebo
[0.815s] -- Installing: /home/min/dev_ws/my_mobile_test/install/my_robot_gazebo/share/ament_index/resource_index/parent_prefix_path/my_robot_gazebo
[0.815s] -- Installing: /home/min/dev_ws/my_mobile_test/install/my_robot_gazebo/share/my_robot_gazebo/environment/ament_prefix_path.sh
[0.815s] -- Installing: /home/min/dev_ws/my_mobile_test/install/my_robot_gazebo/share/my_robot_gazebo/environment/ament_prefix_path.dsv
[0.815s] -- Installing: /home/min/dev_ws/my_mobile_test/install/my_robot_gazebo/share/my_robot_gazebo/environment/path.sh
[0.815s] -- Installing: /home/min/dev_ws/my_mobile_test/install/my_robot_gazebo/share/my_robot_gazebo/environment/path.dsv
[0.815s] -- Installing: /home/min/dev_ws/my_mobile_test/install/my_robot_gazebo/share/my_robot_gazebo/local_setup.bash
[0.815s] -- Installing: /home/min/dev_ws/my_mobile_test/install/my_robot_gazebo/share/my_robot_gazebo/local_setup.sh
[0.815s] -- Installing: /home/min/dev_ws/my_mobile_test/install/my_robot_gazebo/share/my_robot_gazebo/local_setup.zsh
[0.816s] -- Installing: /home/min/dev_ws/my_mobile_test/install/my_robot_gazebo/share/my_robot_gazebo/local_setup.dsv
[0.816s] -- Installing: /home/min/dev_ws/my_mobile_test/install/my_robot_gazebo/share/my_robot_gazebo/package.dsv
[0.818s] -- Installing: /home/min/dev_ws/my_mobile_test/install/my_robot_gazebo/share/ament_index/resource_index/packages/my_robot_gazebo
[0.818s] -- Installing: /home/min/dev_ws/my_mobile_test/install/my_robot_gazebo/share/my_robot_gazebo/cmake/my_robot_gazeboConfig.cmake
[0.818s] -- Installing: /home/min/dev_ws/my_mobile_test/install/my_robot_gazebo/share/my_robot_gazebo/cmake/my_robot_gazeboConfig-version.cmake
[0.818s] -- Installing: /home/min/dev_ws/my_mobile_test/install/my_robot_gazebo/share/my_robot_gazebo/package.xml
[0.824s] Invoked command in '/home/min/dev_ws/my_mobile_test/build/my_robot_gazebo' returned '0': CMAKE_PREFIX_PATH=${CMAKE_PREFIX_PATH}:/opt/ros/humble /usr/bin/cmake --install /home/min/dev_ws/my_mobile_test/build/my_robot_gazebo
