[0.011s] Invoking command in '/home/min/dev_ws/my_mobile/build/my_robot_navigation': /usr/bin/cmake --build /home/min/dev_ws/my_mobile/build/my_robot_navigation -- -j12 -l12
[0.043s] Invoked command in '/home/min/dev_ws/my_mobile/build/my_robot_navigation' returned '0': /usr/bin/cmake --build /home/min/dev_ws/my_mobile/build/my_robot_navigation -- -j12 -l12
[0.064s] Invoking command in '/home/min/dev_ws/my_mobile/build/my_robot_navigation': /usr/bin/cmake --install /home/min/dev_ws/my_mobile/build/my_robot_navigation
[0.083s] -- Install configuration: ""
[0.084s] -- Up-to-date: /home/min/dev_ws/my_mobile/install/my_robot_navigation/share/my_robot_navigation/launch
[0.084s] -- Up-to-date: /home/min/dev_ws/my_mobile/install/my_robot_navigation/share/my_robot_navigation/launch/localization_launch.xml
[0.085s] -- Up-to-date: /home/min/dev_ws/my_mobile/install/my_robot_navigation/share/my_robot_navigation/launch/navigation_launch.xml
[0.085s] -- Installing: /home/min/dev_ws/my_mobile/install/my_robot_navigation/share/my_robot_navigation/launch/nav2_view.launch.xml
[0.085s] -- Installing: /home/min/dev_ws/my_mobile/install/my_robot_navigation/share/my_robot_navigation/launch/bringup_launch.xml
[0.086s] -- Installing: /home/min/dev_ws/my_mobile/install/my_robot_navigation/share/my_robot_navigation/launch/map_building.launch.xml
[0.086s] -- Up-to-date: /home/min/dev_ws/my_mobile/install/my_robot_navigation/share/my_robot_navigation/config
[0.087s] -- Up-to-date: /home/min/dev_ws/my_mobile/install/my_robot_navigation/share/my_robot_navigation/config/mapper_params.yaml
[0.087s] -- Up-to-date: /home/min/dev_ws/my_mobile/install/my_robot_navigation/share/ament_index/resource_index/package_run_dependencies/my_robot_navigation
[0.088s] -- Up-to-date: /home/min/dev_ws/my_mobile/install/my_robot_navigation/share/ament_index/resource_index/parent_prefix_path/my_robot_navigation
[0.088s] -- Up-to-date: /home/min/dev_ws/my_mobile/install/my_robot_navigation/share/my_robot_navigation/environment/ament_prefix_path.sh
[0.088s] -- Up-to-date: /home/min/dev_ws/my_mobile/install/my_robot_navigation/share/my_robot_navigation/environment/ament_prefix_path.dsv
[0.088s] -- Up-to-date: /home/min/dev_ws/my_mobile/install/my_robot_navigation/share/my_robot_navigation/environment/path.sh
[0.088s] -- Up-to-date: /home/min/dev_ws/my_mobile/install/my_robot_navigation/share/my_robot_navigation/environment/path.dsv
[0.088s] -- Up-to-date: /home/min/dev_ws/my_mobile/install/my_robot_navigation/share/my_robot_navigation/local_setup.bash
[0.088s] -- Up-to-date: /home/min/dev_ws/my_mobile/install/my_robot_navigation/share/my_robot_navigation/local_setup.sh
[0.089s] -- Up-to-date: /home/min/dev_ws/my_mobile/install/my_robot_navigation/share/my_robot_navigation/local_setup.zsh
[0.089s] -- Up-to-date: /home/min/dev_ws/my_mobile/install/my_robot_navigation/share/my_robot_navigation/local_setup.dsv
[0.089s] -- Installing: /home/min/dev_ws/my_mobile/install/my_robot_navigation/share/my_robot_navigation/package.dsv
[0.089s] -- Up-to-date: /home/min/dev_ws/my_mobile/install/my_robot_navigation/share/ament_index/resource_index/packages/my_robot_navigation
[0.090s] -- Up-to-date: /home/min/dev_ws/my_mobile/install/my_robot_navigation/share/my_robot_navigation/cmake/my_robot_navigationConfig.cmake
[0.090s] -- Up-to-date: /home/min/dev_ws/my_mobile/install/my_robot_navigation/share/my_robot_navigation/cmake/my_robot_navigationConfig-version.cmake
[0.090s] -- Up-to-date: /home/min/dev_ws/my_mobile/install/my_robot_navigation/share/my_robot_navigation/package.xml
[0.094s] Invoked command in '/home/min/dev_ws/my_mobile/build/my_robot_navigation' returned '0': /usr/bin/cmake --install /home/min/dev_ws/my_mobile/build/my_robot_navigation
