[0.012s] Invoking command in '/home/min/dev_ws/my_mobile/build/my_robot_navigation': CMAKE_PREFIX_PATH=${CMAKE_PREFIX_PATH}:/opt/ros/humble /usr/bin/cmake /home/min/dev_ws/my_mobile/src/my_robot_navigation -DCMAKE_INSTALL_PREFIX=/home/min/dev_ws/my_mobile/install/my_robot_navigation
[0.053s] -- The C compiler identification is GNU 11.4.0
[0.097s] -- The CXX compiler identification is GNU 11.4.0
[0.104s] -- Detecting C compiler ABI info
[0.157s] -- Detecting C compiler ABI info - done
[0.163s] -- Check for working C compiler: /usr/bin/cc - skipped
[0.163s] -- Detecting C compile features
[0.164s] -- Detecting C compile features - done
[0.166s] -- Detecting CXX compiler ABI info
[0.225s] -- Detecting CXX compiler ABI info - done
[0.233s] -- Check for working CXX compiler: /usr/bin/c++ - skipped
[0.234s] -- Detecting CXX compile features
[0.234s] -- Detecting CXX compile features - done
[0.237s] -- Found ament_cmake: 1.3.9 (/opt/ros/humble/share/ament_cmake/cmake)
[0.356s] -- Found Python3: /usr/bin/python3 (found version "3.10.12") found components: Interpreter 
[0.443s] -- Found ament_lint_auto: 0.12.11 (/opt/ros/humble/share/ament_lint_auto/cmake)
[0.512s] -- Added test 'lint_cmake' to check CMake code style
[0.512s] -- Added test 'xmllint' to check XML markup files
[0.513s] -- Configuring done
[0.515s] -- Generating done
[0.516s] -- Build files have been written to: /home/min/dev_ws/my_mobile/build/my_robot_navigation
[0.519s] Invoked command in '/home/min/dev_ws/my_mobile/build/my_robot_navigation' returned '0': CMAKE_PREFIX_PATH=${CMAKE_PREFIX_PATH}:/opt/ros/humble /usr/bin/cmake /home/min/dev_ws/my_mobile/src/my_robot_navigation -DCMAKE_INSTALL_PREFIX=/home/min/dev_ws/my_mobile/install/my_robot_navigation
[0.520s] Invoking command in '/home/min/dev_ws/my_mobile/build/my_robot_navigation': CMAKE_PREFIX_PATH=${CMAKE_PREFIX_PATH}:/opt/ros/humble /usr/bin/cmake --build /home/min/dev_ws/my_mobile/build/my_robot_navigation -- -j12 -l12
[0.551s] Invoked command in '/home/min/dev_ws/my_mobile/build/my_robot_navigation' returned '0': CMAKE_PREFIX_PATH=${CMAKE_PREFIX_PATH}:/opt/ros/humble /usr/bin/cmake --build /home/min/dev_ws/my_mobile/build/my_robot_navigation -- -j12 -l12
[0.567s] Invoking command in '/home/min/dev_ws/my_mobile/build/my_robot_navigation': CMAKE_PREFIX_PATH=${CMAKE_PREFIX_PATH}:/opt/ros/humble /usr/bin/cmake --install /home/min/dev_ws/my_mobile/build/my_robot_navigation
[0.572s] -- Install configuration: ""
[0.572s] -- Installing: /home/min/dev_ws/my_mobile/install/my_robot_navigation/share/my_robot_navigation/launch
[0.572s] -- Installing: /home/min/dev_ws/my_mobile/install/my_robot_navigation/share/my_robot_navigation/launch/map_building.launch.xml
[0.573s] -- Installing: /home/min/dev_ws/my_mobile/install/my_robot_navigation/share/my_robot_navigation/config
[0.573s] -- Installing: /home/min/dev_ws/my_mobile/install/my_robot_navigation/share/my_robot_navigation/config/mapper_params.yaml
[0.573s] -- Installing: /home/min/dev_ws/my_mobile/install/my_robot_navigation/share/ament_index/resource_index/package_run_dependencies/my_robot_navigation
[0.573s] -- Installing: /home/min/dev_ws/my_mobile/install/my_robot_navigation/share/ament_index/resource_index/parent_prefix_path/my_robot_navigation
[0.573s] -- Installing: /home/min/dev_ws/my_mobile/install/my_robot_navigation/share/my_robot_navigation/environment/ament_prefix_path.sh
[0.573s] -- Installing: /home/min/dev_ws/my_mobile/install/my_robot_navigation/share/my_robot_navigation/environment/ament_prefix_path.dsv
[0.573s] -- Installing: /home/min/dev_ws/my_mobile/install/my_robot_navigation/share/my_robot_navigation/environment/path.sh
[0.573s] -- Installing: /home/min/dev_ws/my_mobile/install/my_robot_navigation/share/my_robot_navigation/environment/path.dsv
[0.574s] -- Installing: /home/min/dev_ws/my_mobile/install/my_robot_navigation/share/my_robot_navigation/local_setup.bash
[0.574s] -- Installing: /home/min/dev_ws/my_mobile/install/my_robot_navigation/share/my_robot_navigation/local_setup.sh
[0.574s] -- Installing: /home/min/dev_ws/my_mobile/install/my_robot_navigation/share/my_robot_navigation/local_setup.zsh
[0.574s] -- Installing: /home/min/dev_ws/my_mobile/install/my_robot_navigation/share/my_robot_navigation/local_setup.dsv
[0.574s] -- Installing: /home/min/dev_ws/my_mobile/install/my_robot_navigation/share/my_robot_navigation/package.dsv
[0.574s] -- Installing: /home/min/dev_ws/my_mobile/install/my_robot_navigation/share/ament_index/resource_index/packages/my_robot_navigation
[0.574s] -- Installing: /home/min/dev_ws/my_mobile/install/my_robot_navigation/share/my_robot_navigation/cmake/my_robot_navigationConfig.cmake
[0.575s] -- Installing: /home/min/dev_ws/my_mobile/install/my_robot_navigation/share/my_robot_navigation/cmake/my_robot_navigationConfig-version.cmake
[0.575s] -- Installing: /home/min/dev_ws/my_mobile/install/my_robot_navigation/share/my_robot_navigation/package.xml
[0.576s] Invoked command in '/home/min/dev_ws/my_mobile/build/my_robot_navigation' returned '0': CMAKE_PREFIX_PATH=${CMAKE_PREFIX_PATH}:/opt/ros/humble /usr/bin/cmake --install /home/min/dev_ws/my_mobile/build/my_robot_navigation
