[0.214s] DEBUG:colcon:Command line arguments: ['/usr/bin/colcon', 'build']
[0.215s] DEBUG:colcon:Parsed command line arguments: Namespace(log_base=None, log_level=None, verb_name='build', build_base='build', install_base='install', merge_install=False, symlink_install=False, test_result_base=None, continue_on_error=False, executor='parallel', parallel_workers=12, event_handlers=None, ignore_user_meta=False, metas=['./colcon.meta'], base_paths=['.'], packages_ignore=None, packages_ignore_regex=None, paths=None, packages_up_to=None, packages_up_to_regex=None, packages_above=None, packages_above_and_dependencies=None, packages_above_depth=None, packages_select_by_dep=None, packages_skip_by_dep=None, packages_skip_up_to=None, packages_select_build_failed=False, packages_skip_build_finished=False, packages_select_test_failures=False, packages_skip_test_passed=False, packages_select=None, packages_skip=None, packages_select_regex=None, packages_skip_regex=None, packages_start=None, packages_end=None, allow_overriding=[], cmake_args=None, cmake_target=None, cmake_target_skip_unavailable=False, cmake_clean_cache=False, cmake_clean_first=False, cmake_force_configure=False, ament_cmake_args=None, catkin_cmake_args=None, catkin_skip_building_tests=False, mixin_files=None, mixin=None, verb_parser=<colcon_mixin.mixin.mixin_argument.MixinArgumentDecorator object at 0x7c048af5c100>, verb_extension=<colcon_core.verb.build.BuildVerb object at 0x7c048af1b6a0>, main=<bound method BuildVerb.main of <colcon_core.verb.build.BuildVerb object at 0x7c048af1b6a0>>, mixin_verb=('build',))
[0.489s] Level 1:colcon.colcon_core.package_discovery:discover_packages(colcon_meta) check parameters
[0.489s] Level 1:colcon.colcon_core.package_discovery:discover_packages(recursive) check parameters
[0.489s] Level 1:colcon.colcon_core.package_discovery:discover_packages(ignore) check parameters
[0.490s] Level 1:colcon.colcon_core.package_discovery:discover_packages(path) check parameters
[0.490s] Level 1:colcon.colcon_core.package_discovery:discover_packages(colcon_meta) discover
[0.490s] Level 1:colcon.colcon_core.package_discovery:discover_packages(recursive) discover
[0.490s] INFO:colcon.colcon_core.package_discovery:Crawling recursively for packages in '/home/min/dev_ws/my_mobile'
[0.490s] Level 1:colcon.colcon_core.package_identification:_identify(.) by extensions ['ignore', 'ignore_ament_install']
[0.490s] Level 1:colcon.colcon_core.package_identification:_identify(.) by extension 'ignore'
[0.490s] Level 1:colcon.colcon_core.package_identification:_identify(.) by extension 'ignore_ament_install'
[0.490s] Level 1:colcon.colcon_core.package_identification:_identify(.) by extensions ['colcon_pkg']
[0.490s] Level 1:colcon.colcon_core.package_identification:_identify(.) by extension 'colcon_pkg'
[0.490s] Level 1:colcon.colcon_core.package_identification:_identify(.) by extensions ['colcon_meta']
[0.490s] Level 1:colcon.colcon_core.package_identification:_identify(.) by extension 'colcon_meta'
[0.490s] Level 1:colcon.colcon_core.package_identification:_identify(.) by extensions ['ros']
[0.490s] Level 1:colcon.colcon_core.package_identification:_identify(.) by extension 'ros'
[0.512s] Level 1:colcon.colcon_core.package_identification:_identify(.) by extensions ['cmake', 'python']
[0.512s] Level 1:colcon.colcon_core.package_identification:_identify(.) by extension 'cmake'
[0.512s] Level 1:colcon.colcon_core.package_identification:_identify(.) by extension 'python'
[0.512s] Level 1:colcon.colcon_core.package_identification:_identify(.) by extensions ['python_setup_py']
[0.512s] Level 1:colcon.colcon_core.package_identification:_identify(.) by extension 'python_setup_py'
[0.512s] Level 1:colcon.colcon_core.package_identification:_identify(build) by extensions ['ignore', 'ignore_ament_install']
[0.512s] Level 1:colcon.colcon_core.package_identification:_identify(build) by extension 'ignore'
[0.512s] Level 1:colcon.colcon_core.package_identification:_identify(build) ignored
[0.513s] Level 1:colcon.colcon_core.package_identification:_identify(install) by extensions ['ignore', 'ignore_ament_install']
[0.513s] Level 1:colcon.colcon_core.package_identification:_identify(install) by extension 'ignore'
[0.513s] Level 1:colcon.colcon_core.package_identification:_identify(install) ignored
[0.513s] Level 1:colcon.colcon_core.package_identification:_identify(log) by extensions ['ignore', 'ignore_ament_install']
[0.513s] Level 1:colcon.colcon_core.package_identification:_identify(log) by extension 'ignore'
[0.513s] Level 1:colcon.colcon_core.package_identification:_identify(log) ignored
[0.513s] Level 1:colcon.colcon_core.package_identification:_identify(src) by extensions ['ignore', 'ignore_ament_install']
[0.513s] Level 1:colcon.colcon_core.package_identification:_identify(src) by extension 'ignore'
[0.513s] Level 1:colcon.colcon_core.package_identification:_identify(src) by extension 'ignore_ament_install'
[0.513s] Level 1:colcon.colcon_core.package_identification:_identify(src) by extensions ['colcon_pkg']
[0.513s] Level 1:colcon.colcon_core.package_identification:_identify(src) by extension 'colcon_pkg'
[0.513s] Level 1:colcon.colcon_core.package_identification:_identify(src) by extensions ['colcon_meta']
[0.513s] Level 1:colcon.colcon_core.package_identification:_identify(src) by extension 'colcon_meta'
[0.513s] Level 1:colcon.colcon_core.package_identification:_identify(src) by extensions ['ros']
[0.513s] Level 1:colcon.colcon_core.package_identification:_identify(src) by extension 'ros'
[0.513s] Level 1:colcon.colcon_core.package_identification:_identify(src) by extensions ['cmake', 'python']
[0.514s] Level 1:colcon.colcon_core.package_identification:_identify(src) by extension 'cmake'
[0.514s] Level 1:colcon.colcon_core.package_identification:_identify(src) by extension 'python'
[0.514s] Level 1:colcon.colcon_core.package_identification:_identify(src) by extensions ['python_setup_py']
[0.514s] Level 1:colcon.colcon_core.package_identification:_identify(src) by extension 'python_setup_py'
[0.514s] Level 1:colcon.colcon_core.package_identification:_identify(src/my_robot_description) by extensions ['ignore', 'ignore_ament_install']
[0.514s] Level 1:colcon.colcon_core.package_identification:_identify(src/my_robot_description) by extension 'ignore'
[0.514s] Level 1:colcon.colcon_core.package_identification:_identify(src/my_robot_description) by extension 'ignore_ament_install'
[0.514s] Level 1:colcon.colcon_core.package_identification:_identify(src/my_robot_description) by extensions ['colcon_pkg']
[0.514s] Level 1:colcon.colcon_core.package_identification:_identify(src/my_robot_description) by extension 'colcon_pkg'
[0.514s] Level 1:colcon.colcon_core.package_identification:_identify(src/my_robot_description) by extensions ['colcon_meta']
[0.514s] Level 1:colcon.colcon_core.package_identification:_identify(src/my_robot_description) by extension 'colcon_meta'
[0.514s] Level 1:colcon.colcon_core.package_identification:_identify(src/my_robot_description) by extensions ['ros']
[0.514s] Level 1:colcon.colcon_core.package_identification:_identify(src/my_robot_description) by extension 'ros'
[0.521s] DEBUG:colcon.colcon_core.package_identification:Package 'src/my_robot_description' with type 'ros.ament_cmake' and name 'my_robot_description'
[0.522s] Level 1:colcon.colcon_core.package_identification:_identify(src/my_robot_gazebo) by extensions ['ignore', 'ignore_ament_install']
[0.522s] Level 1:colcon.colcon_core.package_identification:_identify(src/my_robot_gazebo) by extension 'ignore'
[0.522s] Level 1:colcon.colcon_core.package_identification:_identify(src/my_robot_gazebo) by extension 'ignore_ament_install'
[0.522s] Level 1:colcon.colcon_core.package_identification:_identify(src/my_robot_gazebo) by extensions ['colcon_pkg']
[0.522s] Level 1:colcon.colcon_core.package_identification:_identify(src/my_robot_gazebo) by extension 'colcon_pkg'
[0.522s] Level 1:colcon.colcon_core.package_identification:_identify(src/my_robot_gazebo) by extensions ['colcon_meta']
[0.522s] Level 1:colcon.colcon_core.package_identification:_identify(src/my_robot_gazebo) by extension 'colcon_meta'
[0.522s] Level 1:colcon.colcon_core.package_identification:_identify(src/my_robot_gazebo) by extensions ['ros']
[0.522s] Level 1:colcon.colcon_core.package_identification:_identify(src/my_robot_gazebo) by extension 'ros'
[0.523s] DEBUG:colcon.colcon_core.package_identification:Package 'src/my_robot_gazebo' with type 'ros.ament_cmake' and name 'my_robot_gazebo'
[0.524s] Level 1:colcon.colcon_core.package_identification:_identify(src/my_robot_navigation) by extensions ['ignore', 'ignore_ament_install']
[0.524s] Level 1:colcon.colcon_core.package_identification:_identify(src/my_robot_navigation) by extension 'ignore'
[0.524s] Level 1:colcon.colcon_core.package_identification:_identify(src/my_robot_navigation) by extension 'ignore_ament_install'
[0.524s] Level 1:colcon.colcon_core.package_identification:_identify(src/my_robot_navigation) by extensions ['colcon_pkg']
[0.524s] Level 1:colcon.colcon_core.package_identification:_identify(src/my_robot_navigation) by extension 'colcon_pkg'
[0.524s] Level 1:colcon.colcon_core.package_identification:_identify(src/my_robot_navigation) by extensions ['colcon_meta']
[0.524s] Level 1:colcon.colcon_core.package_identification:_identify(src/my_robot_navigation) by extension 'colcon_meta'
[0.524s] Level 1:colcon.colcon_core.package_identification:_identify(src/my_robot_navigation) by extensions ['ros']
[0.524s] Level 1:colcon.colcon_core.package_identification:_identify(src/my_robot_navigation) by extension 'ros'
[0.525s] DEBUG:colcon.colcon_core.package_identification:Package 'src/my_robot_navigation' with type 'ros.ament_cmake' and name 'my_robot_navigation'
[0.525s] Level 1:colcon.colcon_core.package_discovery:discover_packages(recursive) using defaults
[0.525s] Level 1:colcon.colcon_core.package_discovery:discover_packages(ignore) discover
[0.525s] Level 1:colcon.colcon_core.package_discovery:discover_packages(ignore) using defaults
[0.525s] Level 1:colcon.colcon_core.package_discovery:discover_packages(path) discover
[0.525s] Level 1:colcon.colcon_core.package_discovery:discover_packages(path) using defaults
[0.602s] Level 1:colcon.colcon_core.package_discovery:discover_packages(prefix_path) check parameters
[0.602s] Level 1:colcon.colcon_core.package_discovery:discover_packages(prefix_path) discover
[0.603s] Level 1:colcon.colcon_core.package_discovery:discover_packages(prefix_path) using defaults
[0.603s] Level 5:colcon.colcon_core.verb:set package 'my_robot_description' build argument 'cmake_args' from command line to 'None'
[0.604s] Level 5:colcon.colcon_core.verb:set package 'my_robot_description' build argument 'cmake_target' from command line to 'None'
[0.604s] Level 5:colcon.colcon_core.verb:set package 'my_robot_description' build argument 'cmake_target_skip_unavailable' from command line to 'False'
[0.604s] Level 5:colcon.colcon_core.verb:set package 'my_robot_description' build argument 'cmake_clean_cache' from command line to 'False'
[0.604s] Level 5:colcon.colcon_core.verb:set package 'my_robot_description' build argument 'cmake_clean_first' from command line to 'False'
[0.604s] Level 5:colcon.colcon_core.verb:set package 'my_robot_description' build argument 'cmake_force_configure' from command line to 'False'
[0.604s] Level 5:colcon.colcon_core.verb:set package 'my_robot_description' build argument 'ament_cmake_args' from command line to 'None'
[0.604s] Level 5:colcon.colcon_core.verb:set package 'my_robot_description' build argument 'catkin_cmake_args' from command line to 'None'
[0.604s] Level 5:colcon.colcon_core.verb:set package 'my_robot_description' build argument 'catkin_skip_building_tests' from command line to 'False'
[0.604s] DEBUG:colcon.colcon_core.verb:Building package 'my_robot_description' with the following arguments: {'ament_cmake_args': None, 'build_base': '/home/min/dev_ws/my_mobile/build/my_robot_description', 'catkin_cmake_args': None, 'catkin_skip_building_tests': False, 'cmake_args': None, 'cmake_clean_cache': False, 'cmake_clean_first': False, 'cmake_force_configure': False, 'cmake_target': None, 'cmake_target_skip_unavailable': False, 'install_base': '/home/min/dev_ws/my_mobile/install/my_robot_description', 'merge_install': False, 'path': '/home/min/dev_ws/my_mobile/src/my_robot_description', 'symlink_install': False, 'test_result_base': None}
[0.604s] Level 5:colcon.colcon_core.verb:set package 'my_robot_gazebo' build argument 'cmake_args' from command line to 'None'
[0.604s] Level 5:colcon.colcon_core.verb:set package 'my_robot_gazebo' build argument 'cmake_target' from command line to 'None'
[0.604s] Level 5:colcon.colcon_core.verb:set package 'my_robot_gazebo' build argument 'cmake_target_skip_unavailable' from command line to 'False'
[0.604s] Level 5:colcon.colcon_core.verb:set package 'my_robot_gazebo' build argument 'cmake_clean_cache' from command line to 'False'
[0.604s] Level 5:colcon.colcon_core.verb:set package 'my_robot_gazebo' build argument 'cmake_clean_first' from command line to 'False'
[0.604s] Level 5:colcon.colcon_core.verb:set package 'my_robot_gazebo' build argument 'cmake_force_configure' from command line to 'False'
[0.604s] Level 5:colcon.colcon_core.verb:set package 'my_robot_gazebo' build argument 'ament_cmake_args' from command line to 'None'
[0.604s] Level 5:colcon.colcon_core.verb:set package 'my_robot_gazebo' build argument 'catkin_cmake_args' from command line to 'None'
[0.604s] Level 5:colcon.colcon_core.verb:set package 'my_robot_gazebo' build argument 'catkin_skip_building_tests' from command line to 'False'
[0.604s] DEBUG:colcon.colcon_core.verb:Building package 'my_robot_gazebo' with the following arguments: {'ament_cmake_args': None, 'build_base': '/home/min/dev_ws/my_mobile/build/my_robot_gazebo', 'catkin_cmake_args': None, 'catkin_skip_building_tests': False, 'cmake_args': None, 'cmake_clean_cache': False, 'cmake_clean_first': False, 'cmake_force_configure': False, 'cmake_target': None, 'cmake_target_skip_unavailable': False, 'install_base': '/home/min/dev_ws/my_mobile/install/my_robot_gazebo', 'merge_install': False, 'path': '/home/min/dev_ws/my_mobile/src/my_robot_gazebo', 'symlink_install': False, 'test_result_base': None}
[0.605s] Level 5:colcon.colcon_core.verb:set package 'my_robot_navigation' build argument 'cmake_args' from command line to 'None'
[0.605s] Level 5:colcon.colcon_core.verb:set package 'my_robot_navigation' build argument 'cmake_target' from command line to 'None'
[0.605s] Level 5:colcon.colcon_core.verb:set package 'my_robot_navigation' build argument 'cmake_target_skip_unavailable' from command line to 'False'
[0.605s] Level 5:colcon.colcon_core.verb:set package 'my_robot_navigation' build argument 'cmake_clean_cache' from command line to 'False'
[0.605s] Level 5:colcon.colcon_core.verb:set package 'my_robot_navigation' build argument 'cmake_clean_first' from command line to 'False'
[0.605s] Level 5:colcon.colcon_core.verb:set package 'my_robot_navigation' build argument 'cmake_force_configure' from command line to 'False'
[0.605s] Level 5:colcon.colcon_core.verb:set package 'my_robot_navigation' build argument 'ament_cmake_args' from command line to 'None'
[0.605s] Level 5:colcon.colcon_core.verb:set package 'my_robot_navigation' build argument 'catkin_cmake_args' from command line to 'None'
[0.605s] Level 5:colcon.colcon_core.verb:set package 'my_robot_navigation' build argument 'catkin_skip_building_tests' from command line to 'False'
[0.605s] DEBUG:colcon.colcon_core.verb:Building package 'my_robot_navigation' with the following arguments: {'ament_cmake_args': None, 'build_base': '/home/min/dev_ws/my_mobile/build/my_robot_navigation', 'catkin_cmake_args': None, 'catkin_skip_building_tests': False, 'cmake_args': None, 'cmake_clean_cache': False, 'cmake_clean_first': False, 'cmake_force_configure': False, 'cmake_target': None, 'cmake_target_skip_unavailable': False, 'install_base': '/home/min/dev_ws/my_mobile/install/my_robot_navigation', 'merge_install': False, 'path': '/home/min/dev_ws/my_mobile/src/my_robot_navigation', 'symlink_install': False, 'test_result_base': None}
[0.605s] INFO:colcon.colcon_core.executor:Executing jobs using 'parallel' executor
[0.610s] DEBUG:colcon.colcon_parallel_executor.executor.parallel:run_until_complete
[0.611s] INFO:colcon.colcon_ros.task.ament_cmake.build:Building ROS package in '/home/min/dev_ws/my_mobile/src/my_robot_description' with build type 'ament_cmake'
[0.612s] INFO:colcon.colcon_cmake.task.cmake.build:Building CMake package in '/home/min/dev_ws/my_mobile/src/my_robot_description'
[0.614s] INFO:colcon.colcon_core.plugin_system:Skipping extension 'colcon_core.shell.bat': Not used on non-Windows systems
[0.615s] INFO:colcon.colcon_core.shell:Skip shell extension 'powershell' for command environment: Not usable outside of PowerShell
[0.615s] DEBUG:colcon.colcon_core.shell:Skip shell extension 'dsv' for command environment
[0.621s] INFO:colcon.colcon_ros.task.ament_cmake.build:Building ROS package in '/home/min/dev_ws/my_mobile/src/my_robot_gazebo' with build type 'ament_cmake'
[0.621s] INFO:colcon.colcon_cmake.task.cmake.build:Building CMake package in '/home/min/dev_ws/my_mobile/src/my_robot_gazebo'
[0.622s] INFO:colcon.colcon_core.shell:Skip shell extension 'powershell' for command environment: Not usable outside of PowerShell
[0.622s] DEBUG:colcon.colcon_core.shell:Skip shell extension 'dsv' for command environment
[0.624s] INFO:colcon.colcon_ros.task.ament_cmake.build:Building ROS package in '/home/min/dev_ws/my_mobile/src/my_robot_navigation' with build type 'ament_cmake'
[0.627s] INFO:colcon.colcon_cmake.task.cmake.build:Building CMake package in '/home/min/dev_ws/my_mobile/src/my_robot_navigation'
[0.629s] INFO:colcon.colcon_core.shell:Skip shell extension 'powershell' for command environment: Not usable outside of PowerShell
[0.630s] DEBUG:colcon.colcon_core.shell:Skip shell extension 'dsv' for command environment
[0.644s] DEBUG:colcon.colcon_core.event_handler.log_command:Invoking command in '/home/min/dev_ws/my_mobile/build/my_robot_description': /usr/bin/cmake --build /home/min/dev_ws/my_mobile/build/my_robot_description -- -j12 -l12
[0.651s] DEBUG:colcon.colcon_core.event_handler.log_command:Invoking command in '/home/min/dev_ws/my_mobile/build/my_robot_gazebo': /usr/bin/cmake --build /home/min/dev_ws/my_mobile/build/my_robot_gazebo -- -j12 -l12
[0.661s] DEBUG:colcon.colcon_core.event_handler.log_command:Invoking command in '/home/min/dev_ws/my_mobile/build/my_robot_navigation': /usr/bin/cmake --build /home/min/dev_ws/my_mobile/build/my_robot_navigation -- -j12 -l12
[0.741s] DEBUG:colcon.colcon_core.event_handler.log_command:Invoked command in '/home/min/dev_ws/my_mobile/build/my_robot_description' returned '0': /usr/bin/cmake --build /home/min/dev_ws/my_mobile/build/my_robot_description -- -j12 -l12
[0.748s] DEBUG:colcon.colcon_core.event_handler.log_command:Invoked command in '/home/min/dev_ws/my_mobile/build/my_robot_gazebo' returned '0': /usr/bin/cmake --build /home/min/dev_ws/my_mobile/build/my_robot_gazebo -- -j12 -l12
[0.757s] DEBUG:colcon.colcon_core.event_handler.log_command:Invoked command in '/home/min/dev_ws/my_mobile/build/my_robot_navigation' returned '0': /usr/bin/cmake --build /home/min/dev_ws/my_mobile/build/my_robot_navigation -- -j12 -l12
[0.813s] DEBUG:colcon.colcon_core.event_handler.log_command:Invoking command in '/home/min/dev_ws/my_mobile/build/my_robot_description': /usr/bin/cmake --install /home/min/dev_ws/my_mobile/build/my_robot_description
[0.819s] DEBUG:colcon.colcon_core.event_handler.log_command:Invoking command in '/home/min/dev_ws/my_mobile/build/my_robot_gazebo': /usr/bin/cmake --install /home/min/dev_ws/my_mobile/build/my_robot_gazebo
[0.827s] DEBUG:colcon.colcon_core.event_handler.log_command:Invoking command in '/home/min/dev_ws/my_mobile/build/my_robot_navigation': /usr/bin/cmake --install /home/min/dev_ws/my_mobile/build/my_robot_navigation
[0.843s] Level 1:colcon.colcon_core.environment:create_environment_scripts_only(my_robot_description)
[0.856s] DEBUG:colcon.colcon_core.event_handler.log_command:Invoked command in '/home/min/dev_ws/my_mobile/build/my_robot_description' returned '0': /usr/bin/cmake --install /home/min/dev_ws/my_mobile/build/my_robot_description
[0.860s] Level 1:colcon.colcon_core.environment:checking '/home/min/dev_ws/my_mobile/install/my_robot_description' for CMake module files
[0.862s] Level 1:colcon.colcon_core.environment:checking '/home/min/dev_ws/my_mobile/install/my_robot_description' for CMake config files
[0.865s] Level 1:colcon.colcon_core.shell:create_environment_hook('my_robot_description', 'cmake_prefix_path')
[0.866s] INFO:colcon.colcon_core.shell:Creating environment hook '/home/min/dev_ws/my_mobile/install/my_robot_description/share/my_robot_description/hook/cmake_prefix_path.ps1'
[0.867s] INFO:colcon.colcon_core.shell:Creating environment descriptor '/home/min/dev_ws/my_mobile/install/my_robot_description/share/my_robot_description/hook/cmake_prefix_path.dsv'
[0.867s] INFO:colcon.colcon_core.shell:Creating environment hook '/home/min/dev_ws/my_mobile/install/my_robot_description/share/my_robot_description/hook/cmake_prefix_path.sh'
[0.871s] Level 1:colcon.colcon_core.environment:checking '/home/min/dev_ws/my_mobile/install/my_robot_description/bin'
[0.873s] Level 1:colcon.colcon_core.environment:checking '/home/min/dev_ws/my_mobile/install/my_robot_description/lib/pkgconfig/my_robot_description.pc'
[0.878s] Level 1:colcon.colcon_core.environment:checking '/home/min/dev_ws/my_mobile/install/my_robot_description/lib/python3.10/site-packages'
[0.879s] Level 1:colcon.colcon_core.environment:checking '/home/min/dev_ws/my_mobile/install/my_robot_description/bin'
[0.879s] INFO:colcon.colcon_core.shell:Creating package script '/home/min/dev_ws/my_mobile/install/my_robot_description/share/my_robot_description/package.ps1'
[0.881s] INFO:colcon.colcon_core.shell:Creating package descriptor '/home/min/dev_ws/my_mobile/install/my_robot_description/share/my_robot_description/package.dsv'
[0.885s] INFO:colcon.colcon_core.shell:Creating package script '/home/min/dev_ws/my_mobile/install/my_robot_description/share/my_robot_description/package.sh'
[0.887s] INFO:colcon.colcon_core.shell:Creating package script '/home/min/dev_ws/my_mobile/install/my_robot_description/share/my_robot_description/package.bash'
[0.889s] INFO:colcon.colcon_core.shell:Creating package script '/home/min/dev_ws/my_mobile/install/my_robot_description/share/my_robot_description/package.zsh'
[0.890s] Level 1:colcon.colcon_core.environment:create_file_with_runtime_dependencies(/home/min/dev_ws/my_mobile/install/my_robot_description/share/colcon-core/packages/my_robot_description)
[0.892s] Level 1:colcon.colcon_core.environment:create_environment_scripts_only(my_robot_gazebo)
[0.892s] Level 1:colcon.colcon_core.environment:checking '/home/min/dev_ws/my_mobile/install/my_robot_gazebo' for CMake module files
[0.893s] DEBUG:colcon.colcon_core.event_handler.log_command:Invoked command in '/home/min/dev_ws/my_mobile/build/my_robot_gazebo' returned '0': /usr/bin/cmake --install /home/min/dev_ws/my_mobile/build/my_robot_gazebo
[0.897s] Level 1:colcon.colcon_core.environment:checking '/home/min/dev_ws/my_mobile/install/my_robot_gazebo' for CMake config files
[0.898s] Level 1:colcon.colcon_core.shell:create_environment_hook('my_robot_gazebo', 'cmake_prefix_path')
[0.898s] INFO:colcon.colcon_core.shell:Creating environment hook '/home/min/dev_ws/my_mobile/install/my_robot_gazebo/share/my_robot_gazebo/hook/cmake_prefix_path.ps1'
[0.899s] INFO:colcon.colcon_core.shell:Creating environment descriptor '/home/min/dev_ws/my_mobile/install/my_robot_gazebo/share/my_robot_gazebo/hook/cmake_prefix_path.dsv'
[0.900s] INFO:colcon.colcon_core.shell:Creating environment hook '/home/min/dev_ws/my_mobile/install/my_robot_gazebo/share/my_robot_gazebo/hook/cmake_prefix_path.sh'
[0.901s] Level 1:colcon.colcon_core.environment:checking '/home/min/dev_ws/my_mobile/install/my_robot_gazebo/bin'
[0.901s] Level 1:colcon.colcon_core.environment:checking '/home/min/dev_ws/my_mobile/install/my_robot_gazebo/lib/pkgconfig/my_robot_gazebo.pc'
[0.902s] Level 1:colcon.colcon_core.environment:checking '/home/min/dev_ws/my_mobile/install/my_robot_gazebo/lib/python3.10/site-packages'
[0.905s] Level 1:colcon.colcon_core.environment:checking '/home/min/dev_ws/my_mobile/install/my_robot_gazebo/bin'
[0.907s] INFO:colcon.colcon_core.shell:Creating package script '/home/min/dev_ws/my_mobile/install/my_robot_gazebo/share/my_robot_gazebo/package.ps1'
[0.910s] INFO:colcon.colcon_core.shell:Creating package descriptor '/home/min/dev_ws/my_mobile/install/my_robot_gazebo/share/my_robot_gazebo/package.dsv'
[0.911s] INFO:colcon.colcon_core.shell:Creating package script '/home/min/dev_ws/my_mobile/install/my_robot_gazebo/share/my_robot_gazebo/package.sh'
[0.912s] INFO:colcon.colcon_core.shell:Creating package script '/home/min/dev_ws/my_mobile/install/my_robot_gazebo/share/my_robot_gazebo/package.bash'
[0.912s] INFO:colcon.colcon_core.shell:Creating package script '/home/min/dev_ws/my_mobile/install/my_robot_gazebo/share/my_robot_gazebo/package.zsh'
[0.915s] Level 1:colcon.colcon_core.environment:create_file_with_runtime_dependencies(/home/min/dev_ws/my_mobile/install/my_robot_gazebo/share/colcon-core/packages/my_robot_gazebo)
[0.920s] Level 1:colcon.colcon_core.environment:create_environment_scripts_only(my_robot_navigation)
[0.921s] Level 1:colcon.colcon_core.environment:checking '/home/min/dev_ws/my_mobile/install/my_robot_navigation' for CMake module files
[0.922s] DEBUG:colcon.colcon_core.event_handler.log_command:Invoked command in '/home/min/dev_ws/my_mobile/build/my_robot_navigation' returned '0': /usr/bin/cmake --install /home/min/dev_ws/my_mobile/build/my_robot_navigation
[0.922s] Level 1:colcon.colcon_core.environment:checking '/home/min/dev_ws/my_mobile/install/my_robot_navigation' for CMake config files
[0.922s] Level 1:colcon.colcon_core.shell:create_environment_hook('my_robot_navigation', 'cmake_prefix_path')
[0.923s] INFO:colcon.colcon_core.shell:Creating environment hook '/home/min/dev_ws/my_mobile/install/my_robot_navigation/share/my_robot_navigation/hook/cmake_prefix_path.ps1'
[0.923s] INFO:colcon.colcon_core.shell:Creating environment descriptor '/home/min/dev_ws/my_mobile/install/my_robot_navigation/share/my_robot_navigation/hook/cmake_prefix_path.dsv'
[0.923s] INFO:colcon.colcon_core.shell:Creating environment hook '/home/min/dev_ws/my_mobile/install/my_robot_navigation/share/my_robot_navigation/hook/cmake_prefix_path.sh'
[0.924s] Level 1:colcon.colcon_core.environment:checking '/home/min/dev_ws/my_mobile/install/my_robot_navigation/bin'
[0.924s] Level 1:colcon.colcon_core.environment:checking '/home/min/dev_ws/my_mobile/install/my_robot_navigation/lib/pkgconfig/my_robot_navigation.pc'
[0.924s] Level 1:colcon.colcon_core.environment:checking '/home/min/dev_ws/my_mobile/install/my_robot_navigation/lib/python3.10/site-packages'
[0.925s] Level 1:colcon.colcon_core.environment:checking '/home/min/dev_ws/my_mobile/install/my_robot_navigation/bin'
[0.925s] INFO:colcon.colcon_core.shell:Creating package script '/home/min/dev_ws/my_mobile/install/my_robot_navigation/share/my_robot_navigation/package.ps1'
[0.926s] INFO:colcon.colcon_core.shell:Creating package descriptor '/home/min/dev_ws/my_mobile/install/my_robot_navigation/share/my_robot_navigation/package.dsv'
[0.931s] INFO:colcon.colcon_core.shell:Creating package script '/home/min/dev_ws/my_mobile/install/my_robot_navigation/share/my_robot_navigation/package.sh'
[0.933s] INFO:colcon.colcon_core.shell:Creating package script '/home/min/dev_ws/my_mobile/install/my_robot_navigation/share/my_robot_navigation/package.bash'
[0.934s] INFO:colcon.colcon_core.shell:Creating package script '/home/min/dev_ws/my_mobile/install/my_robot_navigation/share/my_robot_navigation/package.zsh'
[0.935s] Level 1:colcon.colcon_core.environment:create_file_with_runtime_dependencies(/home/min/dev_ws/my_mobile/install/my_robot_navigation/share/colcon-core/packages/my_robot_navigation)
[0.943s] Level 1:colcon.colcon_core.environment:create_environment_scripts_only(my_robot_description)
[0.944s] Level 1:colcon.colcon_core.environment:checking '/home/min/dev_ws/my_mobile/install/my_robot_description' for CMake module files
[0.945s] Level 1:colcon.colcon_core.environment:checking '/home/min/dev_ws/my_mobile/install/my_robot_description' for CMake config files
[0.945s] Level 1:colcon.colcon_core.shell:create_environment_hook('my_robot_description', 'cmake_prefix_path')
[0.946s] INFO:colcon.colcon_core.shell:Creating environment hook '/home/min/dev_ws/my_mobile/install/my_robot_description/share/my_robot_description/hook/cmake_prefix_path.ps1'
[0.952s] INFO:colcon.colcon_core.shell:Creating environment descriptor '/home/min/dev_ws/my_mobile/install/my_robot_description/share/my_robot_description/hook/cmake_prefix_path.dsv'
[0.954s] INFO:colcon.colcon_core.shell:Creating environment hook '/home/min/dev_ws/my_mobile/install/my_robot_description/share/my_robot_description/hook/cmake_prefix_path.sh'
[0.956s] Level 1:colcon.colcon_core.environment:checking '/home/min/dev_ws/my_mobile/install/my_robot_description/bin'
[0.957s] Level 1:colcon.colcon_core.environment:checking '/home/min/dev_ws/my_mobile/install/my_robot_description/lib/pkgconfig/my_robot_description.pc'
[0.957s] Level 1:colcon.colcon_core.environment:checking '/home/min/dev_ws/my_mobile/install/my_robot_description/lib/python3.10/site-packages'
[0.957s] Level 1:colcon.colcon_core.environment:checking '/home/min/dev_ws/my_mobile/install/my_robot_description/bin'
[0.958s] INFO:colcon.colcon_core.shell:Creating package script '/home/min/dev_ws/my_mobile/install/my_robot_description/share/my_robot_description/package.ps1'
[0.959s] INFO:colcon.colcon_core.shell:Creating package descriptor '/home/min/dev_ws/my_mobile/install/my_robot_description/share/my_robot_description/package.dsv'
[0.959s] INFO:colcon.colcon_core.shell:Creating package script '/home/min/dev_ws/my_mobile/install/my_robot_description/share/my_robot_description/package.sh'
[0.963s] INFO:colcon.colcon_core.shell:Creating package script '/home/min/dev_ws/my_mobile/install/my_robot_description/share/my_robot_description/package.bash'
[0.966s] INFO:colcon.colcon_core.shell:Creating package script '/home/min/dev_ws/my_mobile/install/my_robot_description/share/my_robot_description/package.zsh'
[0.968s] Level 1:colcon.colcon_core.environment:create_file_with_runtime_dependencies(/home/min/dev_ws/my_mobile/install/my_robot_description/share/colcon-core/packages/my_robot_description)
[0.969s] Level 1:colcon.colcon_core.environment:create_environment_scripts_only(my_robot_gazebo)
[0.970s] Level 1:colcon.colcon_core.environment:checking '/home/min/dev_ws/my_mobile/install/my_robot_gazebo' for CMake module files
[0.970s] Level 1:colcon.colcon_core.environment:checking '/home/min/dev_ws/my_mobile/install/my_robot_gazebo' for CMake config files
[0.971s] Level 1:colcon.colcon_core.shell:create_environment_hook('my_robot_gazebo', 'cmake_prefix_path')
[0.971s] INFO:colcon.colcon_core.shell:Creating environment hook '/home/min/dev_ws/my_mobile/install/my_robot_gazebo/share/my_robot_gazebo/hook/cmake_prefix_path.ps1'
[0.972s] INFO:colcon.colcon_core.shell:Creating environment descriptor '/home/min/dev_ws/my_mobile/install/my_robot_gazebo/share/my_robot_gazebo/hook/cmake_prefix_path.dsv'
[0.976s] INFO:colcon.colcon_core.shell:Creating environment hook '/home/min/dev_ws/my_mobile/install/my_robot_gazebo/share/my_robot_gazebo/hook/cmake_prefix_path.sh'
[0.978s] Level 1:colcon.colcon_core.environment:checking '/home/min/dev_ws/my_mobile/install/my_robot_gazebo/bin'
[0.979s] Level 1:colcon.colcon_core.environment:checking '/home/min/dev_ws/my_mobile/install/my_robot_gazebo/lib/pkgconfig/my_robot_gazebo.pc'
[0.979s] Level 1:colcon.colcon_core.environment:checking '/home/min/dev_ws/my_mobile/install/my_robot_gazebo/lib/python3.10/site-packages'
[0.979s] Level 1:colcon.colcon_core.environment:checking '/home/min/dev_ws/my_mobile/install/my_robot_gazebo/bin'
[0.980s] INFO:colcon.colcon_core.shell:Creating package script '/home/min/dev_ws/my_mobile/install/my_robot_gazebo/share/my_robot_gazebo/package.ps1'
[0.981s] INFO:colcon.colcon_core.shell:Creating package descriptor '/home/min/dev_ws/my_mobile/install/my_robot_gazebo/share/my_robot_gazebo/package.dsv'
[0.981s] INFO:colcon.colcon_core.shell:Creating package script '/home/min/dev_ws/my_mobile/install/my_robot_gazebo/share/my_robot_gazebo/package.sh'
[0.982s] INFO:colcon.colcon_core.shell:Creating package script '/home/min/dev_ws/my_mobile/install/my_robot_gazebo/share/my_robot_gazebo/package.bash'
[0.986s] INFO:colcon.colcon_core.shell:Creating package script '/home/min/dev_ws/my_mobile/install/my_robot_gazebo/share/my_robot_gazebo/package.zsh'
[0.989s] Level 1:colcon.colcon_core.environment:create_file_with_runtime_dependencies(/home/min/dev_ws/my_mobile/install/my_robot_gazebo/share/colcon-core/packages/my_robot_gazebo)
[0.992s] Level 1:colcon.colcon_core.environment:create_environment_scripts_only(my_robot_navigation)
[0.992s] Level 1:colcon.colcon_core.environment:checking '/home/min/dev_ws/my_mobile/install/my_robot_navigation' for CMake module files
[0.993s] Level 1:colcon.colcon_core.environment:checking '/home/min/dev_ws/my_mobile/install/my_robot_navigation' for CMake config files
[0.995s] Level 1:colcon.colcon_core.shell:create_environment_hook('my_robot_navigation', 'cmake_prefix_path')
[0.998s] INFO:colcon.colcon_core.shell:Creating environment hook '/home/min/dev_ws/my_mobile/install/my_robot_navigation/share/my_robot_navigation/hook/cmake_prefix_path.ps1'
[1.000s] INFO:colcon.colcon_core.shell:Creating environment descriptor '/home/min/dev_ws/my_mobile/install/my_robot_navigation/share/my_robot_navigation/hook/cmake_prefix_path.dsv'
[1.001s] INFO:colcon.colcon_core.shell:Creating environment hook '/home/min/dev_ws/my_mobile/install/my_robot_navigation/share/my_robot_navigation/hook/cmake_prefix_path.sh'
[1.002s] Level 1:colcon.colcon_core.environment:checking '/home/min/dev_ws/my_mobile/install/my_robot_navigation/bin'
[1.003s] Level 1:colcon.colcon_core.environment:checking '/home/min/dev_ws/my_mobile/install/my_robot_navigation/lib/pkgconfig/my_robot_navigation.pc'
[1.003s] Level 1:colcon.colcon_core.environment:checking '/home/min/dev_ws/my_mobile/install/my_robot_navigation/lib/python3.10/site-packages'
[1.003s] Level 1:colcon.colcon_core.environment:checking '/home/min/dev_ws/my_mobile/install/my_robot_navigation/bin'
[1.004s] INFO:colcon.colcon_core.shell:Creating package script '/home/min/dev_ws/my_mobile/install/my_robot_navigation/share/my_robot_navigation/package.ps1'
[1.004s] INFO:colcon.colcon_core.shell:Creating package descriptor '/home/min/dev_ws/my_mobile/install/my_robot_navigation/share/my_robot_navigation/package.dsv'
[1.005s] INFO:colcon.colcon_core.shell:Creating package script '/home/min/dev_ws/my_mobile/install/my_robot_navigation/share/my_robot_navigation/package.sh'
[1.005s] INFO:colcon.colcon_core.shell:Creating package script '/home/min/dev_ws/my_mobile/install/my_robot_navigation/share/my_robot_navigation/package.bash'
[1.005s] INFO:colcon.colcon_core.shell:Creating package script '/home/min/dev_ws/my_mobile/install/my_robot_navigation/share/my_robot_navigation/package.zsh'
[1.006s] Level 1:colcon.colcon_core.environment:create_file_with_runtime_dependencies(/home/min/dev_ws/my_mobile/install/my_robot_navigation/share/colcon-core/packages/my_robot_navigation)
[1.007s] DEBUG:colcon.colcon_parallel_executor.executor.parallel:closing loop
[1.010s] DEBUG:colcon.colcon_parallel_executor.executor.parallel:loop closed
[1.012s] DEBUG:colcon.colcon_parallel_executor.executor.parallel:run_until_complete finished with '0'
[1.012s] DEBUG:colcon.colcon_core.event_reactor:joining thread
[1.024s] INFO:colcon.colcon_core.plugin_system:Skipping extension 'colcon_notification.desktop_notification.terminal_notifier': Not used on non-Darwin systems
[1.024s] INFO:colcon.colcon_core.plugin_system:Skipping extension 'colcon_notification.desktop_notification.win32': Not used on non-Windows systems
[1.024s] INFO:colcon.colcon_notification.desktop_notification:Sending desktop notification using 'notify2'
[1.058s] DEBUG:colcon.colcon_core.event_reactor:joined thread
[1.059s] INFO:colcon.colcon_core.shell:Creating prefix script '/home/min/dev_ws/my_mobile/install/local_setup.ps1'
[1.061s] INFO:colcon.colcon_core.shell:Creating prefix util module '/home/min/dev_ws/my_mobile/install/_local_setup_util_ps1.py'
[1.062s] INFO:colcon.colcon_core.shell:Creating prefix chain script '/home/min/dev_ws/my_mobile/install/setup.ps1'
[1.063s] INFO:colcon.colcon_core.shell:Creating prefix script '/home/min/dev_ws/my_mobile/install/local_setup.sh'
[1.064s] INFO:colcon.colcon_core.shell:Creating prefix util module '/home/min/dev_ws/my_mobile/install/_local_setup_util_sh.py'
[1.067s] INFO:colcon.colcon_core.shell:Creating prefix chain script '/home/min/dev_ws/my_mobile/install/setup.sh'
[1.071s] INFO:colcon.colcon_core.shell:Creating prefix script '/home/min/dev_ws/my_mobile/install/local_setup.bash'
[1.072s] INFO:colcon.colcon_core.shell:Creating prefix chain script '/home/min/dev_ws/my_mobile/install/setup.bash'
[1.074s] INFO:colcon.colcon_core.shell:Creating prefix script '/home/min/dev_ws/my_mobile/install/local_setup.zsh'
[1.074s] INFO:colcon.colcon_core.shell:Creating prefix chain script '/home/min/dev_ws/my_mobile/install/setup.zsh'
