[0.110s] DEBUG:colcon:Command line arguments: ['/usr/bin/colcon', 'build']
[0.110s] DEBUG:colcon:Parsed command line arguments: Namespace(log_base=None, log_level=None, verb_name='build', build_base='build', install_base='install', merge_install=False, symlink_install=False, test_result_base=None, continue_on_error=False, executor='parallel', parallel_workers=12, event_handlers=None, ignore_user_meta=False, metas=['./colcon.meta'], base_paths=['.'], packages_ignore=None, packages_ignore_regex=None, paths=None, packages_up_to=None, packages_up_to_regex=None, packages_above=None, packages_above_and_dependencies=None, packages_above_depth=None, packages_select_by_dep=None, packages_skip_by_dep=None, packages_skip_up_to=None, packages_select_build_failed=False, packages_skip_build_finished=False, packages_select_test_failures=False, packages_skip_test_passed=False, packages_select=None, packages_skip=None, packages_select_regex=None, packages_skip_regex=None, packages_start=None, packages_end=None, allow_overriding=[], cmake_args=None, cmake_target=None, cmake_target_skip_unavailable=False, cmake_clean_cache=False, cmake_clean_first=False, cmake_force_configure=False, ament_cmake_args=None, catkin_cmake_args=None, catkin_skip_building_tests=False, mixin_files=None, mixin=None, verb_parser=<colcon_mixin.mixin.mixin_argument.MixinArgumentDecorator object at 0x7118b95796c0>, verb_extension=<colcon_core.verb.build.BuildVerb object at 0x7118b9578ca0>, main=<bound method BuildVerb.main of <colcon_core.verb.build.BuildVerb object at 0x7118b9578ca0>>, mixin_verb=('build',))
[0.304s] Level 1:colcon.colcon_core.package_discovery:discover_packages(colcon_meta) check parameters
[0.305s] Level 1:colcon.colcon_core.package_discovery:discover_packages(recursive) check parameters
[0.305s] Level 1:colcon.colcon_core.package_discovery:discover_packages(ignore) check parameters
[0.305s] Level 1:colcon.colcon_core.package_discovery:discover_packages(path) check parameters
[0.305s] Level 1:colcon.colcon_core.package_discovery:discover_packages(colcon_meta) discover
[0.305s] Level 1:colcon.colcon_core.package_discovery:discover_packages(recursive) discover
[0.305s] INFO:colcon.colcon_core.package_discovery:Crawling recursively for packages in '/home/min/dev_ws/my_mobile_test'
[0.305s] Level 1:colcon.colcon_core.package_identification:_identify(.) by extensions ['ignore', 'ignore_ament_install']
[0.305s] Level 1:colcon.colcon_core.package_identification:_identify(.) by extension 'ignore'
[0.305s] Level 1:colcon.colcon_core.package_identification:_identify(.) by extension 'ignore_ament_install'
[0.305s] Level 1:colcon.colcon_core.package_identification:_identify(.) by extensions ['colcon_pkg']
[0.305s] Level 1:colcon.colcon_core.package_identification:_identify(.) by extension 'colcon_pkg'
[0.305s] Level 1:colcon.colcon_core.package_identification:_identify(.) by extensions ['colcon_meta']
[0.305s] Level 1:colcon.colcon_core.package_identification:_identify(.) by extension 'colcon_meta'
[0.305s] Level 1:colcon.colcon_core.package_identification:_identify(.) by extensions ['ros']
[0.305s] Level 1:colcon.colcon_core.package_identification:_identify(.) by extension 'ros'
[0.331s] Level 1:colcon.colcon_core.package_identification:_identify(.) by extensions ['cmake', 'python']
[0.331s] Level 1:colcon.colcon_core.package_identification:_identify(.) by extension 'cmake'
[0.331s] Level 1:colcon.colcon_core.package_identification:_identify(.) by extension 'python'
[0.331s] Level 1:colcon.colcon_core.package_identification:_identify(.) by extensions ['python_setup_py']
[0.331s] Level 1:colcon.colcon_core.package_identification:_identify(.) by extension 'python_setup_py'
[0.331s] Level 1:colcon.colcon_core.package_identification:_identify(build) by extensions ['ignore', 'ignore_ament_install']
[0.332s] Level 1:colcon.colcon_core.package_identification:_identify(build) by extension 'ignore'
[0.332s] Level 1:colcon.colcon_core.package_identification:_identify(build) ignored
[0.332s] Level 1:colcon.colcon_core.package_identification:_identify(install) by extensions ['ignore', 'ignore_ament_install']
[0.332s] Level 1:colcon.colcon_core.package_identification:_identify(install) by extension 'ignore'
[0.332s] Level 1:colcon.colcon_core.package_identification:_identify(install) ignored
[0.332s] Level 1:colcon.colcon_core.package_identification:_identify(log) by extensions ['ignore', 'ignore_ament_install']
[0.332s] Level 1:colcon.colcon_core.package_identification:_identify(log) by extension 'ignore'
[0.332s] Level 1:colcon.colcon_core.package_identification:_identify(log) ignored
[0.332s] Level 1:colcon.colcon_core.package_identification:_identify(src) by extensions ['ignore', 'ignore_ament_install']
[0.332s] Level 1:colcon.colcon_core.package_identification:_identify(src) by extension 'ignore'
[0.333s] Level 1:colcon.colcon_core.package_identification:_identify(src) by extension 'ignore_ament_install'
[0.333s] Level 1:colcon.colcon_core.package_identification:_identify(src) by extensions ['colcon_pkg']
[0.333s] Level 1:colcon.colcon_core.package_identification:_identify(src) by extension 'colcon_pkg'
[0.333s] Level 1:colcon.colcon_core.package_identification:_identify(src) by extensions ['colcon_meta']
[0.333s] Level 1:colcon.colcon_core.package_identification:_identify(src) by extension 'colcon_meta'
[0.333s] Level 1:colcon.colcon_core.package_identification:_identify(src) by extensions ['ros']
[0.333s] Level 1:colcon.colcon_core.package_identification:_identify(src) by extension 'ros'
[0.333s] Level 1:colcon.colcon_core.package_identification:_identify(src) by extensions ['cmake', 'python']
[0.333s] Level 1:colcon.colcon_core.package_identification:_identify(src) by extension 'cmake'
[0.333s] Level 1:colcon.colcon_core.package_identification:_identify(src) by extension 'python'
[0.333s] Level 1:colcon.colcon_core.package_identification:_identify(src) by extensions ['python_setup_py']
[0.333s] Level 1:colcon.colcon_core.package_identification:_identify(src) by extension 'python_setup_py'
[0.333s] Level 1:colcon.colcon_core.package_identification:_identify(src/my_robot_description) by extensions ['ignore', 'ignore_ament_install']
[0.333s] Level 1:colcon.colcon_core.package_identification:_identify(src/my_robot_description) by extension 'ignore'
[0.333s] Level 1:colcon.colcon_core.package_identification:_identify(src/my_robot_description) by extension 'ignore_ament_install'
[0.333s] Level 1:colcon.colcon_core.package_identification:_identify(src/my_robot_description) by extensions ['colcon_pkg']
[0.333s] Level 1:colcon.colcon_core.package_identification:_identify(src/my_robot_description) by extension 'colcon_pkg'
[0.333s] Level 1:colcon.colcon_core.package_identification:_identify(src/my_robot_description) by extensions ['colcon_meta']
[0.333s] Level 1:colcon.colcon_core.package_identification:_identify(src/my_robot_description) by extension 'colcon_meta'
[0.333s] Level 1:colcon.colcon_core.package_identification:_identify(src/my_robot_description) by extensions ['ros']
[0.333s] Level 1:colcon.colcon_core.package_identification:_identify(src/my_robot_description) by extension 'ros'
[0.335s] DEBUG:colcon.colcon_core.package_identification:Package 'src/my_robot_description' with type 'ros.ament_cmake' and name 'my_robot_description'
[0.335s] Level 1:colcon.colcon_core.package_identification:_identify(src/my_robot_gazebo) by extensions ['ignore', 'ignore_ament_install']
[0.336s] Level 1:colcon.colcon_core.package_identification:_identify(src/my_robot_gazebo) by extension 'ignore'
[0.336s] Level 1:colcon.colcon_core.package_identification:_identify(src/my_robot_gazebo) by extension 'ignore_ament_install'
[0.336s] Level 1:colcon.colcon_core.package_identification:_identify(src/my_robot_gazebo) by extensions ['colcon_pkg']
[0.336s] Level 1:colcon.colcon_core.package_identification:_identify(src/my_robot_gazebo) by extension 'colcon_pkg'
[0.336s] Level 1:colcon.colcon_core.package_identification:_identify(src/my_robot_gazebo) by extensions ['colcon_meta']
[0.336s] Level 1:colcon.colcon_core.package_identification:_identify(src/my_robot_gazebo) by extension 'colcon_meta'
[0.336s] Level 1:colcon.colcon_core.package_identification:_identify(src/my_robot_gazebo) by extensions ['ros']
[0.336s] Level 1:colcon.colcon_core.package_identification:_identify(src/my_robot_gazebo) by extension 'ros'
[0.336s] DEBUG:colcon.colcon_core.package_identification:Package 'src/my_robot_gazebo' with type 'ros.ament_cmake' and name 'my_robot_gazebo'
[0.336s] Level 1:colcon.colcon_core.package_identification:_identify(src/my_robot_navigation) by extensions ['ignore', 'ignore_ament_install']
[0.336s] Level 1:colcon.colcon_core.package_identification:_identify(src/my_robot_navigation) by extension 'ignore'
[0.336s] Level 1:colcon.colcon_core.package_identification:_identify(src/my_robot_navigation) by extension 'ignore_ament_install'
[0.336s] Level 1:colcon.colcon_core.package_identification:_identify(src/my_robot_navigation) by extensions ['colcon_pkg']
[0.336s] Level 1:colcon.colcon_core.package_identification:_identify(src/my_robot_navigation) by extension 'colcon_pkg'
[0.337s] Level 1:colcon.colcon_core.package_identification:_identify(src/my_robot_navigation) by extensions ['colcon_meta']
[0.337s] Level 1:colcon.colcon_core.package_identification:_identify(src/my_robot_navigation) by extension 'colcon_meta'
[0.337s] Level 1:colcon.colcon_core.package_identification:_identify(src/my_robot_navigation) by extensions ['ros']
[0.337s] Level 1:colcon.colcon_core.package_identification:_identify(src/my_robot_navigation) by extension 'ros'
[0.337s] DEBUG:colcon.colcon_core.package_identification:Package 'src/my_robot_navigation' with type 'ros.ament_cmake' and name 'my_robot_navigation'
[0.337s] Level 1:colcon.colcon_core.package_discovery:discover_packages(recursive) using defaults
[0.337s] Level 1:colcon.colcon_core.package_discovery:discover_packages(ignore) discover
[0.337s] Level 1:colcon.colcon_core.package_discovery:discover_packages(ignore) using defaults
[0.337s] Level 1:colcon.colcon_core.package_discovery:discover_packages(path) discover
[0.337s] Level 1:colcon.colcon_core.package_discovery:discover_packages(path) using defaults
[0.356s] Level 1:colcon.colcon_core.package_discovery:discover_packages(prefix_path) check parameters
[0.356s] Level 1:colcon.colcon_core.package_discovery:discover_packages(prefix_path) discover
[0.358s] DEBUG:colcon.colcon_installed_package_information.package_discovery:Found 3 installed packages in /home/min/dev_ws/my_mobile/install
[0.360s] DEBUG:colcon.colcon_installed_package_information.package_discovery:Found 382 installed packages in /opt/ros/humble
[0.361s] Level 1:colcon.colcon_core.package_discovery:discover_packages(prefix_path) using defaults
[0.407s] Level 5:colcon.colcon_core.verb:set package 'my_robot_description' build argument 'cmake_args' from command line to 'None'
[0.408s] Level 5:colcon.colcon_core.verb:set package 'my_robot_description' build argument 'cmake_target' from command line to 'None'
[0.408s] Level 5:colcon.colcon_core.verb:set package 'my_robot_description' build argument 'cmake_target_skip_unavailable' from command line to 'False'
[0.408s] Level 5:colcon.colcon_core.verb:set package 'my_robot_description' build argument 'cmake_clean_cache' from command line to 'False'
[0.408s] Level 5:colcon.colcon_core.verb:set package 'my_robot_description' build argument 'cmake_clean_first' from command line to 'False'
[0.408s] Level 5:colcon.colcon_core.verb:set package 'my_robot_description' build argument 'cmake_force_configure' from command line to 'False'
[0.408s] Level 5:colcon.colcon_core.verb:set package 'my_robot_description' build argument 'ament_cmake_args' from command line to 'None'
[0.408s] Level 5:colcon.colcon_core.verb:set package 'my_robot_description' build argument 'catkin_cmake_args' from command line to 'None'
[0.408s] Level 5:colcon.colcon_core.verb:set package 'my_robot_description' build argument 'catkin_skip_building_tests' from command line to 'False'
[0.408s] DEBUG:colcon.colcon_core.verb:Building package 'my_robot_description' with the following arguments: {'ament_cmake_args': None, 'build_base': '/home/min/dev_ws/my_mobile_test/build/my_robot_description', 'catkin_cmake_args': None, 'catkin_skip_building_tests': False, 'cmake_args': None, 'cmake_clean_cache': False, 'cmake_clean_first': False, 'cmake_force_configure': False, 'cmake_target': None, 'cmake_target_skip_unavailable': False, 'install_base': '/home/min/dev_ws/my_mobile_test/install/my_robot_description', 'merge_install': False, 'path': '/home/min/dev_ws/my_mobile_test/src/my_robot_description', 'symlink_install': False, 'test_result_base': None}
[0.409s] Level 5:colcon.colcon_core.verb:set package 'my_robot_gazebo' build argument 'cmake_args' from command line to 'None'
[0.409s] Level 5:colcon.colcon_core.verb:set package 'my_robot_gazebo' build argument 'cmake_target' from command line to 'None'
[0.409s] Level 5:colcon.colcon_core.verb:set package 'my_robot_gazebo' build argument 'cmake_target_skip_unavailable' from command line to 'False'
[0.409s] Level 5:colcon.colcon_core.verb:set package 'my_robot_gazebo' build argument 'cmake_clean_cache' from command line to 'False'
[0.409s] Level 5:colcon.colcon_core.verb:set package 'my_robot_gazebo' build argument 'cmake_clean_first' from command line to 'False'
[0.409s] Level 5:colcon.colcon_core.verb:set package 'my_robot_gazebo' build argument 'cmake_force_configure' from command line to 'False'
[0.409s] Level 5:colcon.colcon_core.verb:set package 'my_robot_gazebo' build argument 'ament_cmake_args' from command line to 'None'
[0.409s] Level 5:colcon.colcon_core.verb:set package 'my_robot_gazebo' build argument 'catkin_cmake_args' from command line to 'None'
[0.409s] Level 5:colcon.colcon_core.verb:set package 'my_robot_gazebo' build argument 'catkin_skip_building_tests' from command line to 'False'
[0.409s] DEBUG:colcon.colcon_core.verb:Building package 'my_robot_gazebo' with the following arguments: {'ament_cmake_args': None, 'build_base': '/home/min/dev_ws/my_mobile_test/build/my_robot_gazebo', 'catkin_cmake_args': None, 'catkin_skip_building_tests': False, 'cmake_args': None, 'cmake_clean_cache': False, 'cmake_clean_first': False, 'cmake_force_configure': False, 'cmake_target': None, 'cmake_target_skip_unavailable': False, 'install_base': '/home/min/dev_ws/my_mobile_test/install/my_robot_gazebo', 'merge_install': False, 'path': '/home/min/dev_ws/my_mobile_test/src/my_robot_gazebo', 'symlink_install': False, 'test_result_base': None}
[0.409s] Level 5:colcon.colcon_core.verb:set package 'my_robot_navigation' build argument 'cmake_args' from command line to 'None'
[0.409s] Level 5:colcon.colcon_core.verb:set package 'my_robot_navigation' build argument 'cmake_target' from command line to 'None'
[0.409s] Level 5:colcon.colcon_core.verb:set package 'my_robot_navigation' build argument 'cmake_target_skip_unavailable' from command line to 'False'
[0.409s] Level 5:colcon.colcon_core.verb:set package 'my_robot_navigation' build argument 'cmake_clean_cache' from command line to 'False'
[0.409s] Level 5:colcon.colcon_core.verb:set package 'my_robot_navigation' build argument 'cmake_clean_first' from command line to 'False'
[0.409s] Level 5:colcon.colcon_core.verb:set package 'my_robot_navigation' build argument 'cmake_force_configure' from command line to 'False'
[0.409s] Level 5:colcon.colcon_core.verb:set package 'my_robot_navigation' build argument 'ament_cmake_args' from command line to 'None'
[0.409s] Level 5:colcon.colcon_core.verb:set package 'my_robot_navigation' build argument 'catkin_cmake_args' from command line to 'None'
[0.409s] Level 5:colcon.colcon_core.verb:set package 'my_robot_navigation' build argument 'catkin_skip_building_tests' from command line to 'False'
[0.410s] DEBUG:colcon.colcon_core.verb:Building package 'my_robot_navigation' with the following arguments: {'ament_cmake_args': None, 'build_base': '/home/min/dev_ws/my_mobile_test/build/my_robot_navigation', 'catkin_cmake_args': None, 'catkin_skip_building_tests': False, 'cmake_args': None, 'cmake_clean_cache': False, 'cmake_clean_first': False, 'cmake_force_configure': False, 'cmake_target': None, 'cmake_target_skip_unavailable': False, 'install_base': '/home/min/dev_ws/my_mobile_test/install/my_robot_navigation', 'merge_install': False, 'path': '/home/min/dev_ws/my_mobile_test/src/my_robot_navigation', 'symlink_install': False, 'test_result_base': None}
[0.410s] INFO:colcon.colcon_core.executor:Executing jobs using 'parallel' executor
[0.410s] DEBUG:colcon.colcon_parallel_executor.executor.parallel:run_until_complete
[0.411s] INFO:colcon.colcon_ros.task.ament_cmake.build:Building ROS package in '/home/min/dev_ws/my_mobile_test/src/my_robot_description' with build type 'ament_cmake'
[0.411s] INFO:colcon.colcon_cmake.task.cmake.build:Building CMake package in '/home/min/dev_ws/my_mobile_test/src/my_robot_description'
[0.412s] INFO:colcon.colcon_core.plugin_system:Skipping extension 'colcon_core.shell.bat': Not used on non-Windows systems
[0.413s] INFO:colcon.colcon_core.shell:Skip shell extension 'powershell' for command environment: Not usable outside of PowerShell
[0.413s] DEBUG:colcon.colcon_core.shell:Skip shell extension 'dsv' for command environment
[0.416s] INFO:colcon.colcon_ros.task.ament_cmake.build:Building ROS package in '/home/min/dev_ws/my_mobile_test/src/my_robot_gazebo' with build type 'ament_cmake'
[0.417s] INFO:colcon.colcon_cmake.task.cmake.build:Building CMake package in '/home/min/dev_ws/my_mobile_test/src/my_robot_gazebo'
[0.417s] INFO:colcon.colcon_core.shell:Skip shell extension 'powershell' for command environment: Not usable outside of PowerShell
[0.417s] DEBUG:colcon.colcon_core.shell:Skip shell extension 'dsv' for command environment
[0.420s] INFO:colcon.colcon_ros.task.ament_cmake.build:Building ROS package in '/home/min/dev_ws/my_mobile_test/src/my_robot_navigation' with build type 'ament_cmake'
[0.420s] INFO:colcon.colcon_cmake.task.cmake.build:Building CMake package in '/home/min/dev_ws/my_mobile_test/src/my_robot_navigation'
[0.421s] INFO:colcon.colcon_core.shell:Skip shell extension 'powershell' for command environment: Not usable outside of PowerShell
[0.421s] DEBUG:colcon.colcon_core.shell:Skip shell extension 'dsv' for command environment
[0.430s] DEBUG:colcon.colcon_core.event_handler.log_command:Invoking command in '/home/min/dev_ws/my_mobile_test/build/my_robot_description': CMAKE_PREFIX_PATH=${CMAKE_PREFIX_PATH}:/opt/ros/humble /usr/bin/cmake /home/min/dev_ws/my_mobile_test/src/my_robot_description -DCMAKE_INSTALL_PREFIX=/home/min/dev_ws/my_mobile_test/install/my_robot_description
[0.432s] DEBUG:colcon.colcon_core.event_handler.log_command:Invoking command in '/home/min/dev_ws/my_mobile_test/build/my_robot_gazebo': CMAKE_PREFIX_PATH=${CMAKE_PREFIX_PATH}:/opt/ros/humble /usr/bin/cmake /home/min/dev_ws/my_mobile_test/src/my_robot_gazebo -DCMAKE_INSTALL_PREFIX=/home/min/dev_ws/my_mobile_test/install/my_robot_gazebo
[0.435s] DEBUG:colcon.colcon_core.event_handler.log_command:Invoking command in '/home/min/dev_ws/my_mobile_test/build/my_robot_navigation': CMAKE_PREFIX_PATH=${CMAKE_PREFIX_PATH}:/opt/ros/humble /usr/bin/cmake /home/min/dev_ws/my_mobile_test/src/my_robot_navigation -DCMAKE_INSTALL_PREFIX=/home/min/dev_ws/my_mobile_test/install/my_robot_navigation
[1.136s] DEBUG:colcon.colcon_core.event_handler.log_command:Invoked command in '/home/min/dev_ws/my_mobile_test/build/my_robot_gazebo' returned '0': CMAKE_PREFIX_PATH=${CMAKE_PREFIX_PATH}:/opt/ros/humble /usr/bin/cmake /home/min/dev_ws/my_mobile_test/src/my_robot_gazebo -DCMAKE_INSTALL_PREFIX=/home/min/dev_ws/my_mobile_test/install/my_robot_gazebo
[1.141s] DEBUG:colcon.colcon_core.event_handler.log_command:Invoking command in '/home/min/dev_ws/my_mobile_test/build/my_robot_gazebo': CMAKE_PREFIX_PATH=${CMAKE_PREFIX_PATH}:/opt/ros/humble /usr/bin/cmake --build /home/min/dev_ws/my_mobile_test/build/my_robot_gazebo -- -j12 -l12
[1.143s] DEBUG:colcon.colcon_core.event_handler.log_command:Invoked command in '/home/min/dev_ws/my_mobile_test/build/my_robot_description' returned '0': CMAKE_PREFIX_PATH=${CMAKE_PREFIX_PATH}:/opt/ros/humble /usr/bin/cmake /home/min/dev_ws/my_mobile_test/src/my_robot_description -DCMAKE_INSTALL_PREFIX=/home/min/dev_ws/my_mobile_test/install/my_robot_description
[1.146s] DEBUG:colcon.colcon_core.event_handler.log_command:Invoking command in '/home/min/dev_ws/my_mobile_test/build/my_robot_description': CMAKE_PREFIX_PATH=${CMAKE_PREFIX_PATH}:/opt/ros/humble /usr/bin/cmake --build /home/min/dev_ws/my_mobile_test/build/my_robot_description -- -j12 -l12
[1.150s] DEBUG:colcon.colcon_core.event_handler.log_command:Invoked command in '/home/min/dev_ws/my_mobile_test/build/my_robot_navigation' returned '0': CMAKE_PREFIX_PATH=${CMAKE_PREFIX_PATH}:/opt/ros/humble /usr/bin/cmake /home/min/dev_ws/my_mobile_test/src/my_robot_navigation -DCMAKE_INSTALL_PREFIX=/home/min/dev_ws/my_mobile_test/install/my_robot_navigation
[1.153s] DEBUG:colcon.colcon_core.event_handler.log_command:Invoking command in '/home/min/dev_ws/my_mobile_test/build/my_robot_navigation': CMAKE_PREFIX_PATH=${CMAKE_PREFIX_PATH}:/opt/ros/humble /usr/bin/cmake --build /home/min/dev_ws/my_mobile_test/build/my_robot_navigation -- -j12 -l12
[1.186s] DEBUG:colcon.colcon_core.event_handler.log_command:Invoked command in '/home/min/dev_ws/my_mobile_test/build/my_robot_gazebo' returned '0': CMAKE_PREFIX_PATH=${CMAKE_PREFIX_PATH}:/opt/ros/humble /usr/bin/cmake --build /home/min/dev_ws/my_mobile_test/build/my_robot_gazebo -- -j12 -l12
[1.196s] DEBUG:colcon.colcon_core.event_handler.log_command:Invoked command in '/home/min/dev_ws/my_mobile_test/build/my_robot_description' returned '0': CMAKE_PREFIX_PATH=${CMAKE_PREFIX_PATH}:/opt/ros/humble /usr/bin/cmake --build /home/min/dev_ws/my_mobile_test/build/my_robot_description -- -j12 -l12
[1.199s] DEBUG:colcon.colcon_core.event_handler.log_command:Invoked command in '/home/min/dev_ws/my_mobile_test/build/my_robot_navigation' returned '0': CMAKE_PREFIX_PATH=${CMAKE_PREFIX_PATH}:/opt/ros/humble /usr/bin/cmake --build /home/min/dev_ws/my_mobile_test/build/my_robot_navigation -- -j12 -l12
[1.220s] DEBUG:colcon.colcon_core.event_handler.log_command:Invoking command in '/home/min/dev_ws/my_mobile_test/build/my_robot_gazebo': CMAKE_PREFIX_PATH=${CMAKE_PREFIX_PATH}:/opt/ros/humble /usr/bin/cmake --install /home/min/dev_ws/my_mobile_test/build/my_robot_gazebo
[1.224s] DEBUG:colcon.colcon_core.event_handler.log_command:Invoking command in '/home/min/dev_ws/my_mobile_test/build/my_robot_description': CMAKE_PREFIX_PATH=${CMAKE_PREFIX_PATH}:/opt/ros/humble /usr/bin/cmake --install /home/min/dev_ws/my_mobile_test/build/my_robot_description
[1.225s] DEBUG:colcon.colcon_core.event_handler.log_command:Invoking command in '/home/min/dev_ws/my_mobile_test/build/my_robot_navigation': CMAKE_PREFIX_PATH=${CMAKE_PREFIX_PATH}:/opt/ros/humble /usr/bin/cmake --install /home/min/dev_ws/my_mobile_test/build/my_robot_navigation
[1.236s] Level 1:colcon.colcon_core.environment:create_environment_scripts_only(my_robot_gazebo)
[1.241s] DEBUG:colcon.colcon_core.event_handler.log_command:Invoked command in '/home/min/dev_ws/my_mobile_test/build/my_robot_gazebo' returned '0': CMAKE_PREFIX_PATH=${CMAKE_PREFIX_PATH}:/opt/ros/humble /usr/bin/cmake --install /home/min/dev_ws/my_mobile_test/build/my_robot_gazebo
[1.243s] Level 1:colcon.colcon_core.environment:checking '/home/min/dev_ws/my_mobile_test/install/my_robot_gazebo' for CMake module files
[1.243s] Level 1:colcon.colcon_core.environment:checking '/home/min/dev_ws/my_mobile_test/install/my_robot_gazebo' for CMake config files
[1.243s] Level 1:colcon.colcon_core.shell:create_environment_hook('my_robot_gazebo', 'cmake_prefix_path')
[1.244s] INFO:colcon.colcon_core.shell:Creating environment hook '/home/min/dev_ws/my_mobile_test/install/my_robot_gazebo/share/my_robot_gazebo/hook/cmake_prefix_path.ps1'
[1.244s] INFO:colcon.colcon_core.shell:Creating environment descriptor '/home/min/dev_ws/my_mobile_test/install/my_robot_gazebo/share/my_robot_gazebo/hook/cmake_prefix_path.dsv'
[1.245s] INFO:colcon.colcon_core.shell:Creating environment hook '/home/min/dev_ws/my_mobile_test/install/my_robot_gazebo/share/my_robot_gazebo/hook/cmake_prefix_path.sh'
[1.245s] Level 1:colcon.colcon_core.environment:checking '/home/min/dev_ws/my_mobile_test/install/my_robot_gazebo/bin'
[1.245s] Level 1:colcon.colcon_core.environment:checking '/home/min/dev_ws/my_mobile_test/install/my_robot_gazebo/lib/pkgconfig/my_robot_gazebo.pc'
[1.245s] Level 1:colcon.colcon_core.environment:checking '/home/min/dev_ws/my_mobile_test/install/my_robot_gazebo/lib/python3.10/site-packages'
[1.246s] Level 1:colcon.colcon_core.environment:checking '/home/min/dev_ws/my_mobile_test/install/my_robot_gazebo/bin'
[1.246s] INFO:colcon.colcon_core.shell:Creating package script '/home/min/dev_ws/my_mobile_test/install/my_robot_gazebo/share/my_robot_gazebo/package.ps1'
[1.247s] INFO:colcon.colcon_core.shell:Creating package descriptor '/home/min/dev_ws/my_mobile_test/install/my_robot_gazebo/share/my_robot_gazebo/package.dsv'
[1.248s] INFO:colcon.colcon_core.shell:Creating package script '/home/min/dev_ws/my_mobile_test/install/my_robot_gazebo/share/my_robot_gazebo/package.sh'
[1.250s] INFO:colcon.colcon_core.shell:Creating package script '/home/min/dev_ws/my_mobile_test/install/my_robot_gazebo/share/my_robot_gazebo/package.bash'
[1.251s] INFO:colcon.colcon_core.shell:Creating package script '/home/min/dev_ws/my_mobile_test/install/my_robot_gazebo/share/my_robot_gazebo/package.zsh'
[1.252s] Level 1:colcon.colcon_core.environment:create_file_with_runtime_dependencies(/home/min/dev_ws/my_mobile_test/install/my_robot_gazebo/share/colcon-core/packages/my_robot_gazebo)
[1.254s] Level 1:colcon.colcon_core.environment:create_environment_scripts_only(my_robot_navigation)
[1.254s] Level 1:colcon.colcon_core.environment:checking '/home/min/dev_ws/my_mobile_test/install/my_robot_navigation' for CMake module files
[1.255s] DEBUG:colcon.colcon_core.event_handler.log_command:Invoked command in '/home/min/dev_ws/my_mobile_test/build/my_robot_navigation' returned '0': CMAKE_PREFIX_PATH=${CMAKE_PREFIX_PATH}:/opt/ros/humble /usr/bin/cmake --install /home/min/dev_ws/my_mobile_test/build/my_robot_navigation
[1.255s] Level 1:colcon.colcon_core.environment:checking '/home/min/dev_ws/my_mobile_test/install/my_robot_navigation' for CMake config files
[1.256s] Level 1:colcon.colcon_core.shell:create_environment_hook('my_robot_navigation', 'cmake_prefix_path')
[1.257s] INFO:colcon.colcon_core.shell:Creating environment hook '/home/min/dev_ws/my_mobile_test/install/my_robot_navigation/share/my_robot_navigation/hook/cmake_prefix_path.ps1'
[1.257s] INFO:colcon.colcon_core.shell:Creating environment descriptor '/home/min/dev_ws/my_mobile_test/install/my_robot_navigation/share/my_robot_navigation/hook/cmake_prefix_path.dsv'
[1.258s] INFO:colcon.colcon_core.shell:Creating environment hook '/home/min/dev_ws/my_mobile_test/install/my_robot_navigation/share/my_robot_navigation/hook/cmake_prefix_path.sh'
[1.258s] Level 1:colcon.colcon_core.environment:checking '/home/min/dev_ws/my_mobile_test/install/my_robot_navigation/bin'
[1.258s] Level 1:colcon.colcon_core.environment:checking '/home/min/dev_ws/my_mobile_test/install/my_robot_navigation/lib/pkgconfig/my_robot_navigation.pc'
[1.258s] Level 1:colcon.colcon_core.environment:checking '/home/min/dev_ws/my_mobile_test/install/my_robot_navigation/lib/python3.10/site-packages'
[1.258s] Level 1:colcon.colcon_core.environment:checking '/home/min/dev_ws/my_mobile_test/install/my_robot_navigation/bin'
[1.259s] INFO:colcon.colcon_core.shell:Creating package script '/home/min/dev_ws/my_mobile_test/install/my_robot_navigation/share/my_robot_navigation/package.ps1'
[1.259s] INFO:colcon.colcon_core.shell:Creating package descriptor '/home/min/dev_ws/my_mobile_test/install/my_robot_navigation/share/my_robot_navigation/package.dsv'
[1.260s] INFO:colcon.colcon_core.shell:Creating package script '/home/min/dev_ws/my_mobile_test/install/my_robot_navigation/share/my_robot_navigation/package.sh'
[1.260s] INFO:colcon.colcon_core.shell:Creating package script '/home/min/dev_ws/my_mobile_test/install/my_robot_navigation/share/my_robot_navigation/package.bash'
[1.261s] INFO:colcon.colcon_core.shell:Creating package script '/home/min/dev_ws/my_mobile_test/install/my_robot_navigation/share/my_robot_navigation/package.zsh'
[1.261s] Level 1:colcon.colcon_core.environment:create_file_with_runtime_dependencies(/home/min/dev_ws/my_mobile_test/install/my_robot_navigation/share/colcon-core/packages/my_robot_navigation)
[1.263s] Level 1:colcon.colcon_core.environment:create_environment_scripts_only(my_robot_description)
[1.263s] Level 1:colcon.colcon_core.environment:checking '/home/min/dev_ws/my_mobile_test/install/my_robot_description' for CMake module files
[1.264s] DEBUG:colcon.colcon_core.event_handler.log_command:Invoked command in '/home/min/dev_ws/my_mobile_test/build/my_robot_description' returned '0': CMAKE_PREFIX_PATH=${CMAKE_PREFIX_PATH}:/opt/ros/humble /usr/bin/cmake --install /home/min/dev_ws/my_mobile_test/build/my_robot_description
[1.264s] Level 1:colcon.colcon_core.environment:checking '/home/min/dev_ws/my_mobile_test/install/my_robot_description' for CMake config files
[1.264s] Level 1:colcon.colcon_core.shell:create_environment_hook('my_robot_description', 'cmake_prefix_path')
[1.265s] INFO:colcon.colcon_core.shell:Creating environment hook '/home/min/dev_ws/my_mobile_test/install/my_robot_description/share/my_robot_description/hook/cmake_prefix_path.ps1'
[1.265s] INFO:colcon.colcon_core.shell:Creating environment descriptor '/home/min/dev_ws/my_mobile_test/install/my_robot_description/share/my_robot_description/hook/cmake_prefix_path.dsv'
[1.265s] INFO:colcon.colcon_core.shell:Creating environment hook '/home/min/dev_ws/my_mobile_test/install/my_robot_description/share/my_robot_description/hook/cmake_prefix_path.sh'
[1.266s] Level 1:colcon.colcon_core.environment:checking '/home/min/dev_ws/my_mobile_test/install/my_robot_description/bin'
[1.266s] Level 1:colcon.colcon_core.environment:checking '/home/min/dev_ws/my_mobile_test/install/my_robot_description/lib/pkgconfig/my_robot_description.pc'
[1.266s] Level 1:colcon.colcon_core.environment:checking '/home/min/dev_ws/my_mobile_test/install/my_robot_description/lib/python3.10/site-packages'
[1.266s] Level 1:colcon.colcon_core.environment:checking '/home/min/dev_ws/my_mobile_test/install/my_robot_description/bin'
[1.267s] INFO:colcon.colcon_core.shell:Creating package script '/home/min/dev_ws/my_mobile_test/install/my_robot_description/share/my_robot_description/package.ps1'
[1.267s] INFO:colcon.colcon_core.shell:Creating package descriptor '/home/min/dev_ws/my_mobile_test/install/my_robot_description/share/my_robot_description/package.dsv'
[1.267s] INFO:colcon.colcon_core.shell:Creating package script '/home/min/dev_ws/my_mobile_test/install/my_robot_description/share/my_robot_description/package.sh'
[1.267s] INFO:colcon.colcon_core.shell:Creating package script '/home/min/dev_ws/my_mobile_test/install/my_robot_description/share/my_robot_description/package.bash'
[1.268s] INFO:colcon.colcon_core.shell:Creating package script '/home/min/dev_ws/my_mobile_test/install/my_robot_description/share/my_robot_description/package.zsh'
[1.268s] Level 1:colcon.colcon_core.environment:create_file_with_runtime_dependencies(/home/min/dev_ws/my_mobile_test/install/my_robot_description/share/colcon-core/packages/my_robot_description)
[1.275s] Level 1:colcon.colcon_core.environment:create_environment_scripts_only(my_robot_gazebo)
[1.276s] Level 1:colcon.colcon_core.environment:checking '/home/min/dev_ws/my_mobile_test/install/my_robot_gazebo' for CMake module files
[1.276s] Level 1:colcon.colcon_core.environment:checking '/home/min/dev_ws/my_mobile_test/install/my_robot_gazebo' for CMake config files
[1.276s] Level 1:colcon.colcon_core.shell:create_environment_hook('my_robot_gazebo', 'cmake_prefix_path')
[1.277s] INFO:colcon.colcon_core.shell:Creating environment hook '/home/min/dev_ws/my_mobile_test/install/my_robot_gazebo/share/my_robot_gazebo/hook/cmake_prefix_path.ps1'
[1.277s] INFO:colcon.colcon_core.shell:Creating environment descriptor '/home/min/dev_ws/my_mobile_test/install/my_robot_gazebo/share/my_robot_gazebo/hook/cmake_prefix_path.dsv'
[1.278s] INFO:colcon.colcon_core.shell:Creating environment hook '/home/min/dev_ws/my_mobile_test/install/my_robot_gazebo/share/my_robot_gazebo/hook/cmake_prefix_path.sh'
[1.278s] Level 1:colcon.colcon_core.environment:checking '/home/min/dev_ws/my_mobile_test/install/my_robot_gazebo/bin'
[1.279s] Level 1:colcon.colcon_core.environment:checking '/home/min/dev_ws/my_mobile_test/install/my_robot_gazebo/lib/pkgconfig/my_robot_gazebo.pc'
[1.279s] Level 1:colcon.colcon_core.environment:checking '/home/min/dev_ws/my_mobile_test/install/my_robot_gazebo/lib/python3.10/site-packages'
[1.279s] Level 1:colcon.colcon_core.environment:checking '/home/min/dev_ws/my_mobile_test/install/my_robot_gazebo/bin'
[1.279s] INFO:colcon.colcon_core.shell:Creating package script '/home/min/dev_ws/my_mobile_test/install/my_robot_gazebo/share/my_robot_gazebo/package.ps1'
[1.280s] INFO:colcon.colcon_core.shell:Creating package descriptor '/home/min/dev_ws/my_mobile_test/install/my_robot_gazebo/share/my_robot_gazebo/package.dsv'
[1.280s] INFO:colcon.colcon_core.shell:Creating package script '/home/min/dev_ws/my_mobile_test/install/my_robot_gazebo/share/my_robot_gazebo/package.sh'
[1.280s] INFO:colcon.colcon_core.shell:Creating package script '/home/min/dev_ws/my_mobile_test/install/my_robot_gazebo/share/my_robot_gazebo/package.bash'
[1.281s] INFO:colcon.colcon_core.shell:Creating package script '/home/min/dev_ws/my_mobile_test/install/my_robot_gazebo/share/my_robot_gazebo/package.zsh'
[1.281s] Level 1:colcon.colcon_core.environment:create_file_with_runtime_dependencies(/home/min/dev_ws/my_mobile_test/install/my_robot_gazebo/share/colcon-core/packages/my_robot_gazebo)
[1.283s] Level 1:colcon.colcon_core.environment:create_environment_scripts_only(my_robot_navigation)
[1.283s] Level 1:colcon.colcon_core.environment:checking '/home/min/dev_ws/my_mobile_test/install/my_robot_navigation' for CMake module files
[1.284s] Level 1:colcon.colcon_core.environment:checking '/home/min/dev_ws/my_mobile_test/install/my_robot_navigation' for CMake config files
[1.284s] Level 1:colcon.colcon_core.shell:create_environment_hook('my_robot_navigation', 'cmake_prefix_path')
[1.284s] INFO:colcon.colcon_core.shell:Creating environment hook '/home/min/dev_ws/my_mobile_test/install/my_robot_navigation/share/my_robot_navigation/hook/cmake_prefix_path.ps1'
[1.285s] INFO:colcon.colcon_core.shell:Creating environment descriptor '/home/min/dev_ws/my_mobile_test/install/my_robot_navigation/share/my_robot_navigation/hook/cmake_prefix_path.dsv'
[1.285s] INFO:colcon.colcon_core.shell:Creating environment hook '/home/min/dev_ws/my_mobile_test/install/my_robot_navigation/share/my_robot_navigation/hook/cmake_prefix_path.sh'
[1.285s] Level 1:colcon.colcon_core.environment:checking '/home/min/dev_ws/my_mobile_test/install/my_robot_navigation/bin'
[1.285s] Level 1:colcon.colcon_core.environment:checking '/home/min/dev_ws/my_mobile_test/install/my_robot_navigation/lib/pkgconfig/my_robot_navigation.pc'
[1.286s] Level 1:colcon.colcon_core.environment:checking '/home/min/dev_ws/my_mobile_test/install/my_robot_navigation/lib/python3.10/site-packages'
[1.286s] Level 1:colcon.colcon_core.environment:checking '/home/min/dev_ws/my_mobile_test/install/my_robot_navigation/bin'
[1.286s] INFO:colcon.colcon_core.shell:Creating package script '/home/min/dev_ws/my_mobile_test/install/my_robot_navigation/share/my_robot_navigation/package.ps1'
[1.286s] INFO:colcon.colcon_core.shell:Creating package descriptor '/home/min/dev_ws/my_mobile_test/install/my_robot_navigation/share/my_robot_navigation/package.dsv'
[1.287s] INFO:colcon.colcon_core.shell:Creating package script '/home/min/dev_ws/my_mobile_test/install/my_robot_navigation/share/my_robot_navigation/package.sh'
[1.287s] INFO:colcon.colcon_core.shell:Creating package script '/home/min/dev_ws/my_mobile_test/install/my_robot_navigation/share/my_robot_navigation/package.bash'
[1.287s] INFO:colcon.colcon_core.shell:Creating package script '/home/min/dev_ws/my_mobile_test/install/my_robot_navigation/share/my_robot_navigation/package.zsh'
[1.288s] Level 1:colcon.colcon_core.environment:create_file_with_runtime_dependencies(/home/min/dev_ws/my_mobile_test/install/my_robot_navigation/share/colcon-core/packages/my_robot_navigation)
[1.289s] Level 1:colcon.colcon_core.environment:create_environment_scripts_only(my_robot_description)
[1.289s] Level 1:colcon.colcon_core.environment:checking '/home/min/dev_ws/my_mobile_test/install/my_robot_description' for CMake module files
[1.290s] Level 1:colcon.colcon_core.environment:checking '/home/min/dev_ws/my_mobile_test/install/my_robot_description' for CMake config files
[1.290s] Level 1:colcon.colcon_core.shell:create_environment_hook('my_robot_description', 'cmake_prefix_path')
[1.290s] INFO:colcon.colcon_core.shell:Creating environment hook '/home/min/dev_ws/my_mobile_test/install/my_robot_description/share/my_robot_description/hook/cmake_prefix_path.ps1'
[1.290s] INFO:colcon.colcon_core.shell:Creating environment descriptor '/home/min/dev_ws/my_mobile_test/install/my_robot_description/share/my_robot_description/hook/cmake_prefix_path.dsv'
[1.291s] INFO:colcon.colcon_core.shell:Creating environment hook '/home/min/dev_ws/my_mobile_test/install/my_robot_description/share/my_robot_description/hook/cmake_prefix_path.sh'
[1.291s] Level 1:colcon.colcon_core.environment:checking '/home/min/dev_ws/my_mobile_test/install/my_robot_description/bin'
[1.291s] Level 1:colcon.colcon_core.environment:checking '/home/min/dev_ws/my_mobile_test/install/my_robot_description/lib/pkgconfig/my_robot_description.pc'
[1.292s] Level 1:colcon.colcon_core.environment:checking '/home/min/dev_ws/my_mobile_test/install/my_robot_description/lib/python3.10/site-packages'
[1.292s] Level 1:colcon.colcon_core.environment:checking '/home/min/dev_ws/my_mobile_test/install/my_robot_description/bin'
[1.293s] INFO:colcon.colcon_core.shell:Creating package script '/home/min/dev_ws/my_mobile_test/install/my_robot_description/share/my_robot_description/package.ps1'
[1.293s] INFO:colcon.colcon_core.shell:Creating package descriptor '/home/min/dev_ws/my_mobile_test/install/my_robot_description/share/my_robot_description/package.dsv'
[1.294s] INFO:colcon.colcon_core.shell:Creating package script '/home/min/dev_ws/my_mobile_test/install/my_robot_description/share/my_robot_description/package.sh'
[1.294s] INFO:colcon.colcon_core.shell:Creating package script '/home/min/dev_ws/my_mobile_test/install/my_robot_description/share/my_robot_description/package.bash'
[1.295s] INFO:colcon.colcon_core.shell:Creating package script '/home/min/dev_ws/my_mobile_test/install/my_robot_description/share/my_robot_description/package.zsh'
[1.295s] Level 1:colcon.colcon_core.environment:create_file_with_runtime_dependencies(/home/min/dev_ws/my_mobile_test/install/my_robot_description/share/colcon-core/packages/my_robot_description)
[1.296s] DEBUG:colcon.colcon_parallel_executor.executor.parallel:closing loop
[1.296s] DEBUG:colcon.colcon_parallel_executor.executor.parallel:loop closed
[1.296s] DEBUG:colcon.colcon_parallel_executor.executor.parallel:run_until_complete finished with '0'
[1.296s] DEBUG:colcon.colcon_core.event_reactor:joining thread
[1.301s] INFO:colcon.colcon_core.plugin_system:Skipping extension 'colcon_notification.desktop_notification.terminal_notifier': Not used on non-Darwin systems
[1.301s] INFO:colcon.colcon_core.plugin_system:Skipping extension 'colcon_notification.desktop_notification.win32': Not used on non-Windows systems
[1.301s] INFO:colcon.colcon_notification.desktop_notification:Sending desktop notification using 'notify2'
[1.313s] DEBUG:colcon.colcon_core.event_reactor:joined thread
[1.314s] INFO:colcon.colcon_core.shell:Creating prefix script '/home/min/dev_ws/my_mobile_test/install/local_setup.ps1'
[1.314s] INFO:colcon.colcon_core.shell:Creating prefix util module '/home/min/dev_ws/my_mobile_test/install/_local_setup_util_ps1.py'
[1.315s] INFO:colcon.colcon_core.shell:Creating prefix chain script '/home/min/dev_ws/my_mobile_test/install/setup.ps1'
[1.317s] INFO:colcon.colcon_core.shell:Creating prefix script '/home/min/dev_ws/my_mobile_test/install/local_setup.sh'
[1.317s] INFO:colcon.colcon_core.shell:Creating prefix util module '/home/min/dev_ws/my_mobile_test/install/_local_setup_util_sh.py'
[1.317s] INFO:colcon.colcon_core.shell:Creating prefix chain script '/home/min/dev_ws/my_mobile_test/install/setup.sh'
[1.319s] INFO:colcon.colcon_core.shell:Creating prefix script '/home/min/dev_ws/my_mobile_test/install/local_setup.bash'
[1.319s] INFO:colcon.colcon_core.shell:Creating prefix chain script '/home/min/dev_ws/my_mobile_test/install/setup.bash'
[1.320s] INFO:colcon.colcon_core.shell:Creating prefix script '/home/min/dev_ws/my_mobile_test/install/local_setup.zsh'
[1.320s] INFO:colcon.colcon_core.shell:Creating prefix chain script '/home/min/dev_ws/my_mobile_test/install/setup.zsh'
