[0.019s] Invoking command in '/home/min/dev_ws/my_mobile_test/build/my_robot_description': CMAKE_PREFIX_PATH=${CMAKE_PREFIX_PATH}:/opt/ros/humble /usr/bin/cmake /home/min/dev_ws/my_mobile_test/src/my_robot_description -DCMAKE_INSTALL_PREFIX=/home/min/dev_ws/my_mobile_test/install/my_robot_description
[0.078s] -- The C compiler identification is GNU 11.4.0
[0.147s] -- The CXX compiler identification is GNU 11.4.0
[0.157s] -- Detecting C compiler ABI info
[0.230s] -- Detecting C compiler ABI info - done
[0.237s] -- Check for working C compiler: /usr/bin/cc - skipped
[0.237s] -- Detecting C compile features
[0.238s] -- Detecting C compile features - done
[0.240s] -- Detecting CXX compiler ABI info
[0.334s] -- Detecting CXX compiler ABI info - done
[0.340s] -- Check for working CXX compiler: /usr/bin/c++ - skipped
[0.341s] -- Detecting CXX compile features
[0.341s] -- Detecting CXX compile features - done
[0.343s] -- Found ament_cmake: 1.3.9 (/opt/ros/humble/share/ament_cmake/cmake)
[0.507s] -- Found Python3: /usr/bin/python3 (found version "3.10.12") found components: Interpreter 
[0.618s] -- Found ament_lint_auto: 0.12.11 (/opt/ros/humble/share/ament_lint_auto/cmake)
[0.718s] -- Added test 'lint_cmake' to check CMake code style
[0.720s] -- Added test 'xmllint' to check XML markup files
[0.721s] -- Configuring done
[0.723s] -- Generating done
[0.724s] -- Build files have been written to: /home/min/dev_ws/my_mobile_test/build/my_robot_description
[0.732s] Invoked command in '/home/min/dev_ws/my_mobile_test/build/my_robot_description' returned '0': CMAKE_PREFIX_PATH=${CMAKE_PREFIX_PATH}:/opt/ros/humble /usr/bin/cmake /home/min/dev_ws/my_mobile_test/src/my_robot_description -DCMAKE_INSTALL_PREFIX=/home/min/dev_ws/my_mobile_test/install/my_robot_description
[0.735s] Invoking command in '/home/min/dev_ws/my_mobile_test/build/my_robot_description': CMAKE_PREFIX_PATH=${CMAKE_PREFIX_PATH}:/opt/ros/humble /usr/bin/cmake --build /home/min/dev_ws/my_mobile_test/build/my_robot_description -- -j12 -l12
[0.785s] Invoked command in '/home/min/dev_ws/my_mobile_test/build/my_robot_description' returned '0': CMAKE_PREFIX_PATH=${CMAKE_PREFIX_PATH}:/opt/ros/humble /usr/bin/cmake --build /home/min/dev_ws/my_mobile_test/build/my_robot_description -- -j12 -l12
[0.812s] Invoking command in '/home/min/dev_ws/my_mobile_test/build/my_robot_description': CMAKE_PREFIX_PATH=${CMAKE_PREFIX_PATH}:/opt/ros/humble /usr/bin/cmake --install /home/min/dev_ws/my_mobile_test/build/my_robot_description
[0.821s] -- Install configuration: ""
[0.821s] -- Installing: /home/min/dev_ws/my_mobile_test/install/my_robot_description/share/my_robot_description/rviz
[0.821s] -- Installing: /home/min/dev_ws/my_mobile_test/install/my_robot_description/share/my_robot_description/rviz/urdf_config.rviz
[0.822s] -- Installing: /home/min/dev_ws/my_mobile_test/install/my_robot_description/share/my_robot_description/urdf
[0.822s] -- Installing: /home/min/dev_ws/my_mobile_test/install/my_robot_description/share/my_robot_description/urdf/ros2_control.xacro
[0.823s] -- Installing: /home/min/dev_ws/my_mobile_test/install/my_robot_description/share/my_robot_description/urdf/robot_gazebo.xacro
[0.823s] -- Installing: /home/min/dev_ws/my_mobile_test/install/my_robot_description/share/my_robot_description/urdf/robot.urdf.xacro
[0.823s] -- Installing: /home/min/dev_ws/my_mobile_test/install/my_robot_description/share/my_robot_description/urdf/camera.xacro
[0.823s] -- Installing: /home/min/dev_ws/my_mobile_test/install/my_robot_description/share/my_robot_description/urdf/gazebo_control.xacro
[0.824s] -- Installing: /home/min/dev_ws/my_mobile_test/install/my_robot_description/share/my_robot_description/urdf/lidar.xacro
[0.824s] -- Installing: /home/min/dev_ws/my_mobile_test/install/my_robot_description/share/my_robot_description/urdf/robot_core.xacro
[0.824s] -- Installing: /home/min/dev_ws/my_mobile_test/install/my_robot_description/share/my_robot_description/launch
[0.824s] -- Installing: /home/min/dev_ws/my_mobile_test/install/my_robot_description/share/my_robot_description/launch/upload.launch.xml
[0.825s] -- Installing: /home/min/dev_ws/my_mobile_test/install/my_robot_description/share/my_robot_description/launch/display.launch.xml
[0.825s] -- Installing: /home/min/dev_ws/my_mobile_test/install/my_robot_description/share/my_robot_description/meshes
[0.825s] -- Installing: /home/min/dev_ws/my_mobile_test/install/my_robot_description/share/my_robot_description/meshes/collision
[0.825s] -- Installing: /home/min/dev_ws/my_mobile_test/install/my_robot_description/share/my_robot_description/meshes/collision/ydlidar_x2_assy.stl
[0.827s] -- Installing: /home/min/dev_ws/my_mobile_test/install/my_robot_description/share/my_robot_description/meshes/collision/ul_sensor.stl
[0.828s] -- Installing: /home/min/dev_ws/my_mobile_test/install/my_robot_description/share/my_robot_description/meshes/collision/base_link.stl
[0.828s] -- Installing: /home/min/dev_ws/my_mobile_test/install/my_robot_description/share/my_robot_description/meshes/collision/front_camera.stl
[0.828s] -- Installing: /home/min/dev_ws/my_mobile_test/install/my_robot_description/share/my_robot_description/meshes/collision/wheel.stl
[0.829s] -- Installing: /home/min/dev_ws/my_mobile_test/install/my_robot_description/share/my_robot_description/meshes/visual
[0.829s] -- Installing: /home/min/dev_ws/my_mobile_test/install/my_robot_description/share/my_robot_description/meshes/visual/wheel.dae
[0.830s] -- Installing: /home/min/dev_ws/my_mobile_test/install/my_robot_description/share/my_robot_description/meshes/visual/front_camera.png
[0.831s] -- Installing: /home/min/dev_ws/my_mobile_test/install/my_robot_description/share/my_robot_description/meshes/visual/wheel.png
[0.831s] -- Installing: /home/min/dev_ws/my_mobile_test/install/my_robot_description/share/my_robot_description/meshes/visual/front_camera.dae
[0.831s] -- Installing: /home/min/dev_ws/my_mobile_test/install/my_robot_description/share/my_robot_description/meshes/visual/ydlidar_x2_assy.dae
[0.839s] -- Installing: /home/min/dev_ws/my_mobile_test/install/my_robot_description/share/my_robot_description/meshes/visual/ul_sensor.dae
[0.839s] -- Installing: /home/min/dev_ws/my_mobile_test/install/my_robot_description/share/my_robot_description/meshes/visual/ydlidar_x2.png
[0.840s] -- Installing: /home/min/dev_ws/my_mobile_test/install/my_robot_description/share/my_robot_description/meshes/visual/base_link.dae
[0.840s] -- Installing: /home/min/dev_ws/my_mobile_test/install/my_robot_description/share/ament_index/resource_index/package_run_dependencies/my_robot_description
[0.840s] -- Installing: /home/min/dev_ws/my_mobile_test/install/my_robot_description/share/ament_index/resource_index/parent_prefix_path/my_robot_description
[0.840s] -- Installing: /home/min/dev_ws/my_mobile_test/install/my_robot_description/share/my_robot_description/environment/ament_prefix_path.sh
[0.840s] -- Installing: /home/min/dev_ws/my_mobile_test/install/my_robot_description/share/my_robot_description/environment/ament_prefix_path.dsv
[0.840s] -- Installing: /home/min/dev_ws/my_mobile_test/install/my_robot_description/share/my_robot_description/environment/path.sh
[0.840s] -- Installing: /home/min/dev_ws/my_mobile_test/install/my_robot_description/share/my_robot_description/environment/path.dsv
[0.841s] -- Installing: /home/min/dev_ws/my_mobile_test/install/my_robot_description/share/my_robot_description/local_setup.bash
[0.841s] -- Installing: /home/min/dev_ws/my_mobile_test/install/my_robot_description/share/my_robot_description/local_setup.sh
[0.841s] -- Installing: /home/min/dev_ws/my_mobile_test/install/my_robot_description/share/my_robot_description/local_setup.zsh
[0.841s] -- Installing: /home/min/dev_ws/my_mobile_test/install/my_robot_description/share/my_robot_description/local_setup.dsv
[0.841s] -- Installing: /home/min/dev_ws/my_mobile_test/install/my_robot_description/share/my_robot_description/package.dsv
[0.841s] -- Installing: /home/min/dev_ws/my_mobile_test/install/my_robot_description/share/ament_index/resource_index/packages/my_robot_description
[0.841s] -- Installing: /home/min/dev_ws/my_mobile_test/install/my_robot_description/share/my_robot_description/cmake/my_robot_descriptionConfig.cmake
[0.841s] -- Installing: /home/min/dev_ws/my_mobile_test/install/my_robot_description/share/my_robot_description/cmake/my_robot_descriptionConfig-version.cmake
[0.841s] -- Installing: /home/min/dev_ws/my_mobile_test/install/my_robot_description/share/my_robot_description/package.xml
[0.853s] Invoked command in '/home/min/dev_ws/my_mobile_test/build/my_robot_description' returned '0': CMAKE_PREFIX_PATH=${CMAKE_PREFIX_PATH}:/opt/ros/humble /usr/bin/cmake --install /home/min/dev_ws/my_mobile_test/build/my_robot_description
