[0.047s] Invoking command in '/home/min/dev_ws/my_mobile/build/my_robot_navigation': CMAKE_PREFIX_PATH=${CMAKE_PREFIX_PATH}:/opt/ros/humble /usr/bin/cmake --build /home/min/dev_ws/my_mobile/build/my_robot_navigation -- -j12 -l12
[0.140s] Invoked command in '/home/min/dev_ws/my_mobile/build/my_robot_navigation' returned '0': CMAKE_PREFIX_PATH=${CMAKE_PREFIX_PATH}:/opt/ros/humble /usr/bin/cmake --build /home/min/dev_ws/my_mobile/build/my_robot_navigation -- -j12 -l12
[0.206s] Invoking command in '/home/min/dev_ws/my_mobile/build/my_robot_navigation': CMAKE_PREFIX_PATH=${CMAKE_PREFIX_PATH}:/opt/ros/humble /usr/bin/cmake --install /home/min/dev_ws/my_mobile/build/my_robot_navigation
[0.232s] -- Install configuration: ""
[0.232s] -- Up-to-date: /home/min/dev_ws/my_mobile/install/my_robot_navigation/share/my_robot_navigation/launch
[0.232s] -- Up-to-date: /home/min/dev_ws/my_mobile/install/my_robot_navigation/share/my_robot_navigation/launch/localization_launch.xml
[0.232s] -- Up-to-date: /home/min/dev_ws/my_mobile/install/my_robot_navigation/share/my_robot_navigation/launch/navigation_launch.xml
[0.233s] -- Up-to-date: /home/min/dev_ws/my_mobile/install/my_robot_navigation/share/my_robot_navigation/launch/nav2_view.launch.xml
[0.233s] -- Up-to-date: /home/min/dev_ws/my_mobile/install/my_robot_navigation/share/my_robot_navigation/launch/bringup_launch.xml
[0.233s] -- Up-to-date: /home/min/dev_ws/my_mobile/install/my_robot_navigation/share/my_robot_navigation/launch/map_building.launch.xml
[0.233s] -- Up-to-date: /home/min/dev_ws/my_mobile/install/my_robot_navigation/share/my_robot_navigation/config
[0.233s] -- Up-to-date: /home/min/dev_ws/my_mobile/install/my_robot_navigation/share/my_robot_navigation/config/mapper_params.yaml
[0.233s] -- Up-to-date: /home/min/dev_ws/my_mobile/install/my_robot_navigation/share/ament_index/resource_index/package_run_dependencies/my_robot_navigation
[0.233s] -- Up-to-date: /home/min/dev_ws/my_mobile/install/my_robot_navigation/share/ament_index/resource_index/parent_prefix_path/my_robot_navigation
[0.233s] -- Up-to-date: /home/min/dev_ws/my_mobile/install/my_robot_navigation/share/my_robot_navigation/environment/ament_prefix_path.sh
[0.233s] -- Up-to-date: /home/min/dev_ws/my_mobile/install/my_robot_navigation/share/my_robot_navigation/environment/ament_prefix_path.dsv
[0.233s] -- Up-to-date: /home/min/dev_ws/my_mobile/install/my_robot_navigation/share/my_robot_navigation/environment/path.sh
[0.233s] -- Up-to-date: /home/min/dev_ws/my_mobile/install/my_robot_navigation/share/my_robot_navigation/environment/path.dsv
[0.234s] -- Up-to-date: /home/min/dev_ws/my_mobile/install/my_robot_navigation/share/my_robot_navigation/local_setup.bash
[0.234s] -- Up-to-date: /home/min/dev_ws/my_mobile/install/my_robot_navigation/share/my_robot_navigation/local_setup.sh
[0.234s] -- Up-to-date: /home/min/dev_ws/my_mobile/install/my_robot_navigation/share/my_robot_navigation/local_setup.zsh
[0.234s] -- Up-to-date: /home/min/dev_ws/my_mobile/install/my_robot_navigation/share/my_robot_navigation/local_setup.dsv
[0.234s] -- Installing: /home/min/dev_ws/my_mobile/install/my_robot_navigation/share/my_robot_navigation/package.dsv
[0.234s] -- Up-to-date: /home/min/dev_ws/my_mobile/install/my_robot_navigation/share/ament_index/resource_index/packages/my_robot_navigation
[0.234s] -- Up-to-date: /home/min/dev_ws/my_mobile/install/my_robot_navigation/share/my_robot_navigation/cmake/my_robot_navigationConfig.cmake
[0.234s] -- Up-to-date: /home/min/dev_ws/my_mobile/install/my_robot_navigation/share/my_robot_navigation/cmake/my_robot_navigationConfig-version.cmake
[0.235s] -- Up-to-date: /home/min/dev_ws/my_mobile/install/my_robot_navigation/share/my_robot_navigation/package.xml
[0.285s] Invoked command in '/home/min/dev_ws/my_mobile/build/my_robot_navigation' returned '0': CMAKE_PREFIX_PATH=${CMAKE_PREFIX_PATH}:/opt/ros/humble /usr/bin/cmake --install /home/min/dev_ws/my_mobile/build/my_robot_navigation
