[0.014s] Invoking command in '/home/min/dev_ws/my_mobile/build/my_robot_description': CMAKE_PREFIX_PATH=${CMAKE_PREFIX_PATH}:/opt/ros/humble /usr/bin/cmake --build /home/min/dev_ws/my_mobile/build/my_robot_description -- -j12 -l12
[0.046s] Invoked command in '/home/min/dev_ws/my_mobile/build/my_robot_description' returned '0': CMAKE_PREFIX_PATH=${CMAKE_PREFIX_PATH}:/opt/ros/humble /usr/bin/cmake --build /home/min/dev_ws/my_mobile/build/my_robot_description -- -j12 -l12
[0.071s] Invoking command in '/home/min/dev_ws/my_mobile/build/my_robot_description': CMAKE_PREFIX_PATH=${CMAKE_PREFIX_PATH}:/opt/ros/humble /usr/bin/cmake --install /home/min/dev_ws/my_mobile/build/my_robot_description
[0.077s] -- Install configuration: ""
[0.078s] -- Up-to-date: /home/min/dev_ws/my_mobile/install/my_robot_description/share/my_robot_description/rviz
[0.078s] -- Up-to-date: /home/min/dev_ws/my_mobile/install/my_robot_description/share/my_robot_description/rviz/urdf_config.rviz
[0.078s] -- Up-to-date: /home/min/dev_ws/my_mobile/install/my_robot_description/share/my_robot_description/urdf
[0.078s] -- Up-to-date: /home/min/dev_ws/my_mobile/install/my_robot_description/share/my_robot_description/urdf/ros2_control.xacro
[0.078s] -- Up-to-date: /home/min/dev_ws/my_mobile/install/my_robot_description/share/my_robot_description/urdf/robot_gazebo.xacro
[0.079s] -- Up-to-date: /home/min/dev_ws/my_mobile/install/my_robot_description/share/my_robot_description/urdf/robot.urdf.xacro
[0.079s] -- Up-to-date: /home/min/dev_ws/my_mobile/install/my_robot_description/share/my_robot_description/urdf/camera.xacro
[0.079s] -- Up-to-date: /home/min/dev_ws/my_mobile/install/my_robot_description/share/my_robot_description/urdf/gazebo_control.xacro
[0.080s] -- Up-to-date: /home/min/dev_ws/my_mobile/install/my_robot_description/share/my_robot_description/urdf/lidar.xacro
[0.080s] -- Up-to-date: /home/min/dev_ws/my_mobile/install/my_robot_description/share/my_robot_description/urdf/robot_core.xacro
[0.080s] -- Up-to-date: /home/min/dev_ws/my_mobile/install/my_robot_description/share/my_robot_description/launch
[0.080s] -- Up-to-date: /home/min/dev_ws/my_mobile/install/my_robot_description/share/my_robot_description/launch/upload.launch.xml
[0.080s] -- Up-to-date: /home/min/dev_ws/my_mobile/install/my_robot_description/share/my_robot_description/launch/display.launch.xml
[0.080s] -- Up-to-date: /home/min/dev_ws/my_mobile/install/my_robot_description/share/my_robot_description/meshes
[0.081s] -- Up-to-date: /home/min/dev_ws/my_mobile/install/my_robot_description/share/my_robot_description/meshes/collision
[0.081s] -- Up-to-date: /home/min/dev_ws/my_mobile/install/my_robot_description/share/my_robot_description/meshes/collision/ydlidar_x2_assy.stl
[0.081s] -- Up-to-date: /home/min/dev_ws/my_mobile/install/my_robot_description/share/my_robot_description/meshes/collision/ul_sensor.stl
[0.081s] -- Up-to-date: /home/min/dev_ws/my_mobile/install/my_robot_description/share/my_robot_description/meshes/collision/base_link.stl
[0.081s] -- Up-to-date: /home/min/dev_ws/my_mobile/install/my_robot_description/share/my_robot_description/meshes/collision/front_camera.stl
[0.081s] -- Up-to-date: /home/min/dev_ws/my_mobile/install/my_robot_description/share/my_robot_description/meshes/collision/wheel.stl
[0.081s] -- Up-to-date: /home/min/dev_ws/my_mobile/install/my_robot_description/share/my_robot_description/meshes/visual
[0.081s] -- Up-to-date: /home/min/dev_ws/my_mobile/install/my_robot_description/share/my_robot_description/meshes/visual/wheel.dae
[0.082s] -- Up-to-date: /home/min/dev_ws/my_mobile/install/my_robot_description/share/my_robot_description/meshes/visual/front_camera.png
[0.082s] -- Up-to-date: /home/min/dev_ws/my_mobile/install/my_robot_description/share/my_robot_description/meshes/visual/wheel.png
[0.083s] -- Up-to-date: /home/min/dev_ws/my_mobile/install/my_robot_description/share/my_robot_description/meshes/visual/front_camera.dae
[0.083s] -- Up-to-date: /home/min/dev_ws/my_mobile/install/my_robot_description/share/my_robot_description/meshes/visual/ydlidar_x2_assy.dae
[0.083s] -- Up-to-date: /home/min/dev_ws/my_mobile/install/my_robot_description/share/my_robot_description/meshes/visual/ul_sensor.dae
[0.084s] -- Up-to-date: /home/min/dev_ws/my_mobile/install/my_robot_description/share/my_robot_description/meshes/visual/ydlidar_x2.png
[0.084s] -- Up-to-date: /home/min/dev_ws/my_mobile/install/my_robot_description/share/my_robot_description/meshes/visual/base_link.dae
[0.084s] -- Up-to-date: /home/min/dev_ws/my_mobile/install/my_robot_description/share/ament_index/resource_index/package_run_dependencies/my_robot_description
[0.084s] -- Up-to-date: /home/min/dev_ws/my_mobile/install/my_robot_description/share/ament_index/resource_index/parent_prefix_path/my_robot_description
[0.085s] -- Up-to-date: /home/min/dev_ws/my_mobile/install/my_robot_description/share/my_robot_description/environment/ament_prefix_path.sh
[0.085s] -- Up-to-date: /home/min/dev_ws/my_mobile/install/my_robot_description/share/my_robot_description/environment/ament_prefix_path.dsv
[0.089s] -- Up-to-date: /home/min/dev_ws/my_mobile/install/my_robot_description/share/my_robot_description/environment/path.sh
[0.091s] -- Up-to-date: /home/min/dev_ws/my_mobile/install/my_robot_description/share/my_robot_description/environment/path.dsv
[0.091s] -- Up-to-date: /home/min/dev_ws/my_mobile/install/my_robot_description/share/my_robot_description/local_setup.bash
[0.091s] -- Up-to-date: /home/min/dev_ws/my_mobile/install/my_robot_description/share/my_robot_description/local_setup.sh
[0.091s] -- Up-to-date: /home/min/dev_ws/my_mobile/install/my_robot_description/share/my_robot_description/local_setup.zsh
[0.092s] -- Up-to-date: /home/min/dev_ws/my_mobile/install/my_robot_description/share/my_robot_description/local_setup.dsv
[0.092s] -- Installing: /home/min/dev_ws/my_mobile/install/my_robot_description/share/my_robot_description/package.dsv
[0.092s] -- Up-to-date: /home/min/dev_ws/my_mobile/install/my_robot_description/share/ament_index/resource_index/packages/my_robot_description
[0.092s] -- Up-to-date: /home/min/dev_ws/my_mobile/install/my_robot_description/share/my_robot_description/cmake/my_robot_descriptionConfig.cmake
[0.092s] -- Up-to-date: /home/min/dev_ws/my_mobile/install/my_robot_description/share/my_robot_description/cmake/my_robot_descriptionConfig-version.cmake
[0.092s] -- Up-to-date: /home/min/dev_ws/my_mobile/install/my_robot_description/share/my_robot_description/package.xml
[0.099s] Invoked command in '/home/min/dev_ws/my_mobile/build/my_robot_description' returned '0': CMAKE_PREFIX_PATH=${CMAKE_PREFIX_PATH}:/opt/ros/humble /usr/bin/cmake --install /home/min/dev_ws/my_mobile/build/my_robot_description
