[0.009s] Invoking command in '/home/min/dev_ws/my_mobile/build/my_robot_navigation': CMAKE_PREFIX_PATH=/opt/ros/humble /usr/bin/cmake /home/min/dev_ws/my_mobile/src/my_robot_navigation -DCMAKE_INSTALL_PREFIX=/home/min/dev_ws/my_mobile/install/my_robot_navigation
[0.049s] -- The C compiler identification is GNU 11.4.0
[0.090s] -- The CXX compiler identification is GNU 11.4.0
[0.095s] -- Detecting C compiler ABI info
[0.149s] -- Detecting C compiler ABI info - done
[0.154s] -- Check for working C compiler: /usr/bin/cc - skipped
[0.155s] -- Detecting C compile features
[0.155s] -- Detecting C compile features - done
[0.157s] -- Detecting CXX compiler ABI info
[0.218s] -- Detecting CXX compiler ABI info - done
[0.224s] -- Check for working CXX compiler: /usr/bin/c++ - skipped
[0.224s] -- Detecting CXX compile features
[0.225s] -- Detecting CXX compile features - done
[0.226s] -- Found ament_cmake: 1.3.9 (/opt/ros/humble/share/ament_cmake/cmake)
[0.345s] -- Found Python3: /usr/bin/python3 (found version "3.10.12") found components: Interpreter 
[0.424s] -- Found ament_lint_auto: 0.12.11 (/opt/ros/humble/share/ament_lint_auto/cmake)
[0.485s] -- Added test 'lint_cmake' to check CMake code style
[0.487s] -- Added test 'xmllint' to check XML markup files
[0.487s] -- Configuring done
[0.489s] -- Generating done
[0.490s] -- Build files have been written to: /home/min/dev_ws/my_mobile/build/my_robot_navigation
[0.494s] Invoked command in '/home/min/dev_ws/my_mobile/build/my_robot_navigation' returned '0': CMAKE_PREFIX_PATH=/opt/ros/humble /usr/bin/cmake /home/min/dev_ws/my_mobile/src/my_robot_navigation -DCMAKE_INSTALL_PREFIX=/home/min/dev_ws/my_mobile/install/my_robot_navigation
[0.495s] Invoking command in '/home/min/dev_ws/my_mobile/build/my_robot_navigation': CMAKE_PREFIX_PATH=/opt/ros/humble /usr/bin/cmake --build /home/min/dev_ws/my_mobile/build/my_robot_navigation -- -j12 -l12
[0.522s] Invoked command in '/home/min/dev_ws/my_mobile/build/my_robot_navigation' returned '0': CMAKE_PREFIX_PATH=/opt/ros/humble /usr/bin/cmake --build /home/min/dev_ws/my_mobile/build/my_robot_navigation -- -j12 -l12
[0.538s] Invoking command in '/home/min/dev_ws/my_mobile/build/my_robot_navigation': CMAKE_PREFIX_PATH=/opt/ros/humble /usr/bin/cmake --install /home/min/dev_ws/my_mobile/build/my_robot_navigation
[0.545s] -- Install configuration: ""
[0.545s] -- Installing: /home/min/dev_ws/my_mobile/install/my_robot_navigation/share/my_robot_navigation/launch
[0.545s] -- Installing: /home/min/dev_ws/my_mobile/install/my_robot_navigation/share/my_robot_navigation/launch/localization_launch.xml
[0.546s] -- Installing: /home/min/dev_ws/my_mobile/install/my_robot_navigation/share/my_robot_navigation/launch/navigation_launch.xml
[0.546s] -- Installing: /home/min/dev_ws/my_mobile/install/my_robot_navigation/share/my_robot_navigation/launch/nav2_view.launch.xml
[0.546s] -- Installing: /home/min/dev_ws/my_mobile/install/my_robot_navigation/share/my_robot_navigation/launch/bringup_launch.xml
[0.546s] -- Installing: /home/min/dev_ws/my_mobile/install/my_robot_navigation/share/my_robot_navigation/launch/map_building.launch.xml
[0.546s] -- Installing: /home/min/dev_ws/my_mobile/install/my_robot_navigation/share/my_robot_navigation/config
[0.546s] -- Installing: /home/min/dev_ws/my_mobile/install/my_robot_navigation/share/my_robot_navigation/config/mapper_params.yaml
[0.546s] -- Installing: /home/min/dev_ws/my_mobile/install/my_robot_navigation/share/my_robot_navigation/config/nav2_params.yaml
[0.546s] -- Installing: /home/min/dev_ws/my_mobile/install/my_robot_navigation/share/my_robot_navigation/maps
[0.546s] -- Installing: /home/min/dev_ws/my_mobile/install/my_robot_navigation/share/my_robot_navigation/maps/simple_building.pgm
[0.547s] -- Installing: /home/min/dev_ws/my_mobile/install/my_robot_navigation/share/my_robot_navigation/maps/simple_building.yaml
[0.547s] -- Installing: /home/min/dev_ws/my_mobile/install/my_robot_navigation/share/my_robot_navigation/rviz
[0.547s] -- Installing: /home/min/dev_ws/my_mobile/install/my_robot_navigation/share/my_robot_navigation/rviz/nav2_view.rviz
[0.547s] -- Installing: /home/min/dev_ws/my_mobile/install/my_robot_navigation/share/ament_index/resource_index/package_run_dependencies/my_robot_navigation
[0.547s] -- Installing: /home/min/dev_ws/my_mobile/install/my_robot_navigation/share/ament_index/resource_index/parent_prefix_path/my_robot_navigation
[0.547s] -- Installing: /home/min/dev_ws/my_mobile/install/my_robot_navigation/share/my_robot_navigation/environment/ament_prefix_path.sh
[0.547s] -- Installing: /home/min/dev_ws/my_mobile/install/my_robot_navigation/share/my_robot_navigation/environment/ament_prefix_path.dsv
[0.547s] -- Installing: /home/min/dev_ws/my_mobile/install/my_robot_navigation/share/my_robot_navigation/environment/path.sh
[0.548s] -- Installing: /home/min/dev_ws/my_mobile/install/my_robot_navigation/share/my_robot_navigation/environment/path.dsv
[0.548s] -- Installing: /home/min/dev_ws/my_mobile/install/my_robot_navigation/share/my_robot_navigation/local_setup.bash
[0.548s] -- Installing: /home/min/dev_ws/my_mobile/install/my_robot_navigation/share/my_robot_navigation/local_setup.sh
[0.548s] -- Installing: /home/min/dev_ws/my_mobile/install/my_robot_navigation/share/my_robot_navigation/local_setup.zsh
[0.548s] -- Installing: /home/min/dev_ws/my_mobile/install/my_robot_navigation/share/my_robot_navigation/local_setup.dsv
[0.548s] -- Installing: /home/min/dev_ws/my_mobile/install/my_robot_navigation/share/my_robot_navigation/package.dsv
[0.548s] -- Installing: /home/min/dev_ws/my_mobile/install/my_robot_navigation/share/ament_index/resource_index/packages/my_robot_navigation
[0.548s] -- Installing: /home/min/dev_ws/my_mobile/install/my_robot_navigation/share/my_robot_navigation/cmake/my_robot_navigationConfig.cmake
[0.548s] -- Installing: /home/min/dev_ws/my_mobile/install/my_robot_navigation/share/my_robot_navigation/cmake/my_robot_navigationConfig-version.cmake
[0.548s] -- Installing: /home/min/dev_ws/my_mobile/install/my_robot_navigation/share/my_robot_navigation/package.xml
[0.559s] Invoked command in '/home/min/dev_ws/my_mobile/build/my_robot_navigation' returned '0': CMAKE_PREFIX_PATH=/opt/ros/humble /usr/bin/cmake --install /home/min/dev_ws/my_mobile/build/my_robot_navigation
