[0.034s] Invoking command in '/home/min/dev_ws/my_mobile/build/my_robot_navigation': /usr/bin/cmake --build /home/min/dev_ws/my_mobile/build/my_robot_navigation -- -j12 -l12
[0.118s] Invoked command in '/home/min/dev_ws/my_mobile/build/my_robot_navigation' returned '0': /usr/bin/cmake --build /home/min/dev_ws/my_mobile/build/my_robot_navigation -- -j12 -l12
[0.185s] Invoking command in '/home/min/dev_ws/my_mobile/build/my_robot_navigation': /usr/bin/cmake --install /home/min/dev_ws/my_mobile/build/my_robot_navigation
[0.216s] -- Install configuration: ""
[0.216s] -- Up-to-date: /home/min/dev_ws/my_mobile/install/my_robot_navigation/share/my_robot_navigation/launch
[0.216s] -- Installing: /home/min/dev_ws/my_mobile/install/my_robot_navigation/share/my_robot_navigation/launch/localization_launch.xml
[0.216s] -- Up-to-date: /home/min/dev_ws/my_mobile/install/my_robot_navigation/share/my_robot_navigation/launch/navigation_launch.xml
[0.217s] -- Up-to-date: /home/min/dev_ws/my_mobile/install/my_robot_navigation/share/my_robot_navigation/launch/nav2_view.launch.xml
[0.217s] -- Up-to-date: /home/min/dev_ws/my_mobile/install/my_robot_navigation/share/my_robot_navigation/launch/bringup_launch.xml
[0.217s] -- Up-to-date: /home/min/dev_ws/my_mobile/install/my_robot_navigation/share/my_robot_navigation/launch/map_building.launch.xml
[0.217s] -- Up-to-date: /home/min/dev_ws/my_mobile/install/my_robot_navigation/share/my_robot_navigation/config
[0.217s] -- Up-to-date: /home/min/dev_ws/my_mobile/install/my_robot_navigation/share/my_robot_navigation/config/mapper_params.yaml
[0.217s] -- Up-to-date: /home/min/dev_ws/my_mobile/install/my_robot_navigation/share/my_robot_navigation/config/nav2_params.yaml
[0.217s] -- Up-to-date: /home/min/dev_ws/my_mobile/install/my_robot_navigation/share/ament_index/resource_index/package_run_dependencies/my_robot_navigation
[0.218s] -- Up-to-date: /home/min/dev_ws/my_mobile/install/my_robot_navigation/share/ament_index/resource_index/parent_prefix_path/my_robot_navigation
[0.220s] -- Up-to-date: /home/min/dev_ws/my_mobile/install/my_robot_navigation/share/my_robot_navigation/environment/ament_prefix_path.sh
[0.223s] -- Up-to-date: /home/min/dev_ws/my_mobile/install/my_robot_navigation/share/my_robot_navigation/environment/ament_prefix_path.dsv
[0.224s] -- Up-to-date: /home/min/dev_ws/my_mobile/install/my_robot_navigation/share/my_robot_navigation/environment/path.sh
[0.224s] -- Up-to-date: /home/min/dev_ws/my_mobile/install/my_robot_navigation/share/my_robot_navigation/environment/path.dsv
[0.224s] -- Up-to-date: /home/min/dev_ws/my_mobile/install/my_robot_navigation/share/my_robot_navigation/local_setup.bash
[0.225s] -- Up-to-date: /home/min/dev_ws/my_mobile/install/my_robot_navigation/share/my_robot_navigation/local_setup.sh
[0.225s] -- Up-to-date: /home/min/dev_ws/my_mobile/install/my_robot_navigation/share/my_robot_navigation/local_setup.zsh
[0.225s] -- Up-to-date: /home/min/dev_ws/my_mobile/install/my_robot_navigation/share/my_robot_navigation/local_setup.dsv
[0.225s] -- Installing: /home/min/dev_ws/my_mobile/install/my_robot_navigation/share/my_robot_navigation/package.dsv
[0.226s] -- Up-to-date: /home/min/dev_ws/my_mobile/install/my_robot_navigation/share/ament_index/resource_index/packages/my_robot_navigation
[0.226s] -- Up-to-date: /home/min/dev_ws/my_mobile/install/my_robot_navigation/share/my_robot_navigation/cmake/my_robot_navigationConfig.cmake
[0.227s] -- Up-to-date: /home/min/dev_ws/my_mobile/install/my_robot_navigation/share/my_robot_navigation/cmake/my_robot_navigationConfig-version.cmake
[0.227s] -- Up-to-date: /home/min/dev_ws/my_mobile/install/my_robot_navigation/share/my_robot_navigation/package.xml
[0.242s] Invoked command in '/home/min/dev_ws/my_mobile/build/my_robot_navigation' returned '0': /usr/bin/cmake --install /home/min/dev_ws/my_mobile/build/my_robot_navigation
