[0.008s] Invoking command in '/home/min/dev_ws/my_mobile/build/my_robot_description': /usr/bin/cmake /home/min/dev_ws/my_mobile/src/my_robot_description -DCMAKE_INSTALL_PREFIX=/home/min/dev_ws/my_mobile/install/my_robot_description
[0.049s] -- The C compiler identification is GNU 11.4.0
[0.091s] -- The CXX compiler identification is GNU 11.4.0
[0.097s] -- Detecting C compiler ABI info
[0.149s] -- Detecting C compiler ABI info - done
[0.155s] -- Check for working C compiler: /usr/bin/cc - skipped
[0.155s] -- Detecting C compile features
[0.155s] -- Detecting C compile features - done
[0.157s] -- Detecting CXX compiler ABI info
[0.216s] -- Detecting CXX compiler ABI info - done
[0.222s] -- Check for working CXX compiler: /usr/bin/c++ - skipped
[0.222s] -- Detecting CXX compile features
[0.223s] -- Detecting CXX compile features - done
[0.232s] [31mCMake Error at CMakeLists.txt:9 (find_package):
[0.232s]   By not providing "Findament_cmake.cmake" in CMAKE_MODULE_PATH this project
[0.232s]   has asked CMake to find a package configuration file provided by
[0.232s]   "ament_cmake", but CMake did not find one.
[0.232s] 
[0.232s]   Could not find a package configuration file provided by "ament_cmake" with
[0.232s]   any of the following names:
[0.232s] 
[0.232s]     ament_cmakeConfig.cmake
[0.233s]     ament_cmake-config.cmake
[0.233s] 
[0.233s]   Add the installation prefix of "ament_cmake" to CMAKE_PREFIX_PATH or set
[0.233s]   "ament_cmake_DIR" to a directory containing one of the above files.  If
[0.233s]   "ament_cmake" provides a separate development package or SDK, be sure it
[0.233s]   has been installed.
[0.233s] 
[0.233s] [0m
[0.234s] -- Configuring incomplete, errors occurred!
[0.234s] See also "/home/min/dev_ws/my_mobile/build/my_robot_description/CMakeFiles/CMakeOutput.log".
[0.237s] Invoked command in '/home/min/dev_ws/my_mobile/build/my_robot_description' returned '1': /usr/bin/cmake /home/min/dev_ws/my_mobile/src/my_robot_description -DCMAKE_INSTALL_PREFIX=/home/min/dev_ws/my_mobile/install/my_robot_description
