[0.303s] DEBUG:colcon:Command line arguments: ['/usr/bin/colcon', 'build']
[0.303s] DEBUG:colcon:Parsed command line arguments: Namespace(log_base=None, log_level=None, verb_name='build', build_base='build', install_base='install', merge_install=False, symlink_install=False, test_result_base=None, continue_on_error=False, executor='parallel', parallel_workers=12, event_handlers=None, ignore_user_meta=False, metas=['./colcon.meta'], base_paths=['.'], packages_ignore=None, packages_ignore_regex=None, paths=None, packages_up_to=None, packages_up_to_regex=None, packages_above=None, packages_above_and_dependencies=None, packages_above_depth=None, packages_select_by_dep=None, packages_skip_by_dep=None, packages_skip_up_to=None, packages_select_build_failed=False, packages_skip_build_finished=False, packages_select_test_failures=False, packages_skip_test_passed=False, packages_select=None, packages_skip=None, packages_select_regex=None, packages_skip_regex=None, packages_start=None, packages_end=None, allow_overriding=[], cmake_args=None, cmake_target=None, cmake_target_skip_unavailable=False, cmake_clean_cache=False, cmake_clean_first=False, cmake_force_configure=False, ament_cmake_args=None, catkin_cmake_args=None, catkin_skip_building_tests=False, mixin_files=None, mixin=None, verb_parser=<colcon_mixin.mixin.mixin_argument.MixinArgumentDecorator object at 0x7c0efe35c160>, verb_extension=<colcon_core.verb.build.BuildVerb object at 0x7c0efe31b700>, main=<bound method BuildVerb.main of <colcon_core.verb.build.BuildVerb object at 0x7c0efe31b700>>, mixin_verb=('build',))
[0.507s] Level 1:colcon.colcon_core.package_discovery:discover_packages(colcon_meta) check parameters
[0.507s] Level 1:colcon.colcon_core.package_discovery:discover_packages(recursive) check parameters
[0.507s] Level 1:colcon.colcon_core.package_discovery:discover_packages(ignore) check parameters
[0.507s] Level 1:colcon.colcon_core.package_discovery:discover_packages(path) check parameters
[0.507s] Level 1:colcon.colcon_core.package_discovery:discover_packages(colcon_meta) discover
[0.507s] Level 1:colcon.colcon_core.package_discovery:discover_packages(recursive) discover
[0.507s] INFO:colcon.colcon_core.package_discovery:Crawling recursively for packages in '/home/min/dev_ws/my_mobile'
[0.507s] Level 1:colcon.colcon_core.package_identification:_identify(.) by extensions ['ignore', 'ignore_ament_install']
[0.508s] Level 1:colcon.colcon_core.package_identification:_identify(.) by extension 'ignore'
[0.508s] Level 1:colcon.colcon_core.package_identification:_identify(.) by extension 'ignore_ament_install'
[0.508s] Level 1:colcon.colcon_core.package_identification:_identify(.) by extensions ['colcon_pkg']
[0.508s] Level 1:colcon.colcon_core.package_identification:_identify(.) by extension 'colcon_pkg'
[0.508s] Level 1:colcon.colcon_core.package_identification:_identify(.) by extensions ['colcon_meta']
[0.508s] Level 1:colcon.colcon_core.package_identification:_identify(.) by extension 'colcon_meta'
[0.508s] Level 1:colcon.colcon_core.package_identification:_identify(.) by extensions ['ros']
[0.508s] Level 1:colcon.colcon_core.package_identification:_identify(.) by extension 'ros'
[0.519s] Level 1:colcon.colcon_core.package_identification:_identify(.) by extensions ['cmake', 'python']
[0.519s] Level 1:colcon.colcon_core.package_identification:_identify(.) by extension 'cmake'
[0.519s] Level 1:colcon.colcon_core.package_identification:_identify(.) by extension 'python'
[0.519s] Level 1:colcon.colcon_core.package_identification:_identify(.) by extensions ['python_setup_py']
[0.519s] Level 1:colcon.colcon_core.package_identification:_identify(.) by extension 'python_setup_py'
[0.519s] Level 1:colcon.colcon_core.package_identification:_identify(build) by extensions ['ignore', 'ignore_ament_install']
[0.519s] Level 1:colcon.colcon_core.package_identification:_identify(build) by extension 'ignore'
[0.519s] Level 1:colcon.colcon_core.package_identification:_identify(build) ignored
[0.520s] Level 1:colcon.colcon_core.package_identification:_identify(install) by extensions ['ignore', 'ignore_ament_install']
[0.520s] Level 1:colcon.colcon_core.package_identification:_identify(install) by extension 'ignore'
[0.520s] Level 1:colcon.colcon_core.package_identification:_identify(install) ignored
[0.520s] Level 1:colcon.colcon_core.package_identification:_identify(log) by extensions ['ignore', 'ignore_ament_install']
[0.520s] Level 1:colcon.colcon_core.package_identification:_identify(log) by extension 'ignore'
[0.520s] Level 1:colcon.colcon_core.package_identification:_identify(log) ignored
[0.520s] Level 1:colcon.colcon_core.package_identification:_identify(src) by extensions ['ignore', 'ignore_ament_install']
[0.520s] Level 1:colcon.colcon_core.package_identification:_identify(src) by extension 'ignore'
[0.520s] Level 1:colcon.colcon_core.package_identification:_identify(src) by extension 'ignore_ament_install'
[0.520s] Level 1:colcon.colcon_core.package_identification:_identify(src) by extensions ['colcon_pkg']
[0.520s] Level 1:colcon.colcon_core.package_identification:_identify(src) by extension 'colcon_pkg'
[0.520s] Level 1:colcon.colcon_core.package_identification:_identify(src) by extensions ['colcon_meta']
[0.520s] Level 1:colcon.colcon_core.package_identification:_identify(src) by extension 'colcon_meta'
[0.520s] Level 1:colcon.colcon_core.package_identification:_identify(src) by extensions ['ros']
[0.520s] Level 1:colcon.colcon_core.package_identification:_identify(src) by extension 'ros'
[0.520s] Level 1:colcon.colcon_core.package_identification:_identify(src) by extensions ['cmake', 'python']
[0.520s] Level 1:colcon.colcon_core.package_identification:_identify(src) by extension 'cmake'
[0.520s] Level 1:colcon.colcon_core.package_identification:_identify(src) by extension 'python'
[0.520s] Level 1:colcon.colcon_core.package_identification:_identify(src) by extensions ['python_setup_py']
[0.521s] Level 1:colcon.colcon_core.package_identification:_identify(src) by extension 'python_setup_py'
[0.521s] Level 1:colcon.colcon_core.package_identification:_identify(src/my_robot_description) by extensions ['ignore', 'ignore_ament_install']
[0.521s] Level 1:colcon.colcon_core.package_identification:_identify(src/my_robot_description) by extension 'ignore'
[0.521s] Level 1:colcon.colcon_core.package_identification:_identify(src/my_robot_description) by extension 'ignore_ament_install'
[0.521s] Level 1:colcon.colcon_core.package_identification:_identify(src/my_robot_description) by extensions ['colcon_pkg']
[0.521s] Level 1:colcon.colcon_core.package_identification:_identify(src/my_robot_description) by extension 'colcon_pkg'
[0.521s] Level 1:colcon.colcon_core.package_identification:_identify(src/my_robot_description) by extensions ['colcon_meta']
[0.521s] Level 1:colcon.colcon_core.package_identification:_identify(src/my_robot_description) by extension 'colcon_meta'
[0.521s] Level 1:colcon.colcon_core.package_identification:_identify(src/my_robot_description) by extensions ['ros']
[0.521s] Level 1:colcon.colcon_core.package_identification:_identify(src/my_robot_description) by extension 'ros'
[0.523s] DEBUG:colcon.colcon_core.package_identification:Package 'src/my_robot_description' with type 'ros.ament_cmake' and name 'my_robot_description'
[0.523s] Level 1:colcon.colcon_core.package_identification:_identify(src/my_robot_gazebo) by extensions ['ignore', 'ignore_ament_install']
[0.523s] Level 1:colcon.colcon_core.package_identification:_identify(src/my_robot_gazebo) by extension 'ignore'
[0.523s] Level 1:colcon.colcon_core.package_identification:_identify(src/my_robot_gazebo) by extension 'ignore_ament_install'
[0.523s] Level 1:colcon.colcon_core.package_identification:_identify(src/my_robot_gazebo) by extensions ['colcon_pkg']
[0.523s] Level 1:colcon.colcon_core.package_identification:_identify(src/my_robot_gazebo) by extension 'colcon_pkg'
[0.523s] Level 1:colcon.colcon_core.package_identification:_identify(src/my_robot_gazebo) by extensions ['colcon_meta']
[0.523s] Level 1:colcon.colcon_core.package_identification:_identify(src/my_robot_gazebo) by extension 'colcon_meta'
[0.523s] Level 1:colcon.colcon_core.package_identification:_identify(src/my_robot_gazebo) by extensions ['ros']
[0.524s] Level 1:colcon.colcon_core.package_identification:_identify(src/my_robot_gazebo) by extension 'ros'
[0.524s] DEBUG:colcon.colcon_core.package_identification:Package 'src/my_robot_gazebo' with type 'ros.ament_cmake' and name 'my_robot_gazebo'
[0.524s] Level 1:colcon.colcon_core.package_identification:_identify(src/my_robot_navigation) by extensions ['ignore', 'ignore_ament_install']
[0.524s] Level 1:colcon.colcon_core.package_identification:_identify(src/my_robot_navigation) by extension 'ignore'
[0.524s] Level 1:colcon.colcon_core.package_identification:_identify(src/my_robot_navigation) by extension 'ignore_ament_install'
[0.524s] Level 1:colcon.colcon_core.package_identification:_identify(src/my_robot_navigation) by extensions ['colcon_pkg']
[0.524s] Level 1:colcon.colcon_core.package_identification:_identify(src/my_robot_navigation) by extension 'colcon_pkg'
[0.524s] Level 1:colcon.colcon_core.package_identification:_identify(src/my_robot_navigation) by extensions ['colcon_meta']
[0.524s] Level 1:colcon.colcon_core.package_identification:_identify(src/my_robot_navigation) by extension 'colcon_meta'
[0.524s] Level 1:colcon.colcon_core.package_identification:_identify(src/my_robot_navigation) by extensions ['ros']
[0.524s] Level 1:colcon.colcon_core.package_identification:_identify(src/my_robot_navigation) by extension 'ros'
[0.525s] DEBUG:colcon.colcon_core.package_identification:Package 'src/my_robot_navigation' with type 'ros.ament_cmake' and name 'my_robot_navigation'
[0.525s] Level 1:colcon.colcon_core.package_discovery:discover_packages(recursive) using defaults
[0.525s] Level 1:colcon.colcon_core.package_discovery:discover_packages(ignore) discover
[0.525s] Level 1:colcon.colcon_core.package_discovery:discover_packages(ignore) using defaults
[0.525s] Level 1:colcon.colcon_core.package_discovery:discover_packages(path) discover
[0.525s] Level 1:colcon.colcon_core.package_discovery:discover_packages(path) using defaults
[0.558s] Level 1:colcon.colcon_core.package_discovery:discover_packages(prefix_path) check parameters
[0.558s] Level 1:colcon.colcon_core.package_discovery:discover_packages(prefix_path) discover
[0.560s] Level 1:colcon.colcon_core.package_discovery:discover_packages(prefix_path) using defaults
[0.561s] Level 5:colcon.colcon_core.verb:set package 'my_robot_description' build argument 'cmake_args' from command line to 'None'
[0.561s] Level 5:colcon.colcon_core.verb:set package 'my_robot_description' build argument 'cmake_target' from command line to 'None'
[0.561s] Level 5:colcon.colcon_core.verb:set package 'my_robot_description' build argument 'cmake_target_skip_unavailable' from command line to 'False'
[0.561s] Level 5:colcon.colcon_core.verb:set package 'my_robot_description' build argument 'cmake_clean_cache' from command line to 'False'
[0.561s] Level 5:colcon.colcon_core.verb:set package 'my_robot_description' build argument 'cmake_clean_first' from command line to 'False'
[0.561s] Level 5:colcon.colcon_core.verb:set package 'my_robot_description' build argument 'cmake_force_configure' from command line to 'False'
[0.561s] Level 5:colcon.colcon_core.verb:set package 'my_robot_description' build argument 'ament_cmake_args' from command line to 'None'
[0.561s] Level 5:colcon.colcon_core.verb:set package 'my_robot_description' build argument 'catkin_cmake_args' from command line to 'None'
[0.561s] Level 5:colcon.colcon_core.verb:set package 'my_robot_description' build argument 'catkin_skip_building_tests' from command line to 'False'
[0.561s] DEBUG:colcon.colcon_core.verb:Building package 'my_robot_description' with the following arguments: {'ament_cmake_args': None, 'build_base': '/home/min/dev_ws/my_mobile/build/my_robot_description', 'catkin_cmake_args': None, 'catkin_skip_building_tests': False, 'cmake_args': None, 'cmake_clean_cache': False, 'cmake_clean_first': False, 'cmake_force_configure': False, 'cmake_target': None, 'cmake_target_skip_unavailable': False, 'install_base': '/home/min/dev_ws/my_mobile/install/my_robot_description', 'merge_install': False, 'path': '/home/min/dev_ws/my_mobile/src/my_robot_description', 'symlink_install': False, 'test_result_base': None}
[0.561s] Level 5:colcon.colcon_core.verb:set package 'my_robot_gazebo' build argument 'cmake_args' from command line to 'None'
[0.561s] Level 5:colcon.colcon_core.verb:set package 'my_robot_gazebo' build argument 'cmake_target' from command line to 'None'
[0.561s] Level 5:colcon.colcon_core.verb:set package 'my_robot_gazebo' build argument 'cmake_target_skip_unavailable' from command line to 'False'
[0.562s] Level 5:colcon.colcon_core.verb:set package 'my_robot_gazebo' build argument 'cmake_clean_cache' from command line to 'False'
[0.562s] Level 5:colcon.colcon_core.verb:set package 'my_robot_gazebo' build argument 'cmake_clean_first' from command line to 'False'
[0.562s] Level 5:colcon.colcon_core.verb:set package 'my_robot_gazebo' build argument 'cmake_force_configure' from command line to 'False'
[0.562s] Level 5:colcon.colcon_core.verb:set package 'my_robot_gazebo' build argument 'ament_cmake_args' from command line to 'None'
[0.562s] Level 5:colcon.colcon_core.verb:set package 'my_robot_gazebo' build argument 'catkin_cmake_args' from command line to 'None'
[0.562s] Level 5:colcon.colcon_core.verb:set package 'my_robot_gazebo' build argument 'catkin_skip_building_tests' from command line to 'False'
[0.562s] DEBUG:colcon.colcon_core.verb:Building package 'my_robot_gazebo' with the following arguments: {'ament_cmake_args': None, 'build_base': '/home/min/dev_ws/my_mobile/build/my_robot_gazebo', 'catkin_cmake_args': None, 'catkin_skip_building_tests': False, 'cmake_args': None, 'cmake_clean_cache': False, 'cmake_clean_first': False, 'cmake_force_configure': False, 'cmake_target': None, 'cmake_target_skip_unavailable': False, 'install_base': '/home/min/dev_ws/my_mobile/install/my_robot_gazebo', 'merge_install': False, 'path': '/home/min/dev_ws/my_mobile/src/my_robot_gazebo', 'symlink_install': False, 'test_result_base': None}
[0.562s] Level 5:colcon.colcon_core.verb:set package 'my_robot_navigation' build argument 'cmake_args' from command line to 'None'
[0.562s] Level 5:colcon.colcon_core.verb:set package 'my_robot_navigation' build argument 'cmake_target' from command line to 'None'
[0.562s] Level 5:colcon.colcon_core.verb:set package 'my_robot_navigation' build argument 'cmake_target_skip_unavailable' from command line to 'False'
[0.562s] Level 5:colcon.colcon_core.verb:set package 'my_robot_navigation' build argument 'cmake_clean_cache' from command line to 'False'
[0.562s] Level 5:colcon.colcon_core.verb:set package 'my_robot_navigation' build argument 'cmake_clean_first' from command line to 'False'
[0.562s] Level 5:colcon.colcon_core.verb:set package 'my_robot_navigation' build argument 'cmake_force_configure' from command line to 'False'
[0.562s] Level 5:colcon.colcon_core.verb:set package 'my_robot_navigation' build argument 'ament_cmake_args' from command line to 'None'
[0.562s] Level 5:colcon.colcon_core.verb:set package 'my_robot_navigation' build argument 'catkin_cmake_args' from command line to 'None'
[0.562s] Level 5:colcon.colcon_core.verb:set package 'my_robot_navigation' build argument 'catkin_skip_building_tests' from command line to 'False'
[0.562s] DEBUG:colcon.colcon_core.verb:Building package 'my_robot_navigation' with the following arguments: {'ament_cmake_args': None, 'build_base': '/home/min/dev_ws/my_mobile/build/my_robot_navigation', 'catkin_cmake_args': None, 'catkin_skip_building_tests': False, 'cmake_args': None, 'cmake_clean_cache': False, 'cmake_clean_first': False, 'cmake_force_configure': False, 'cmake_target': None, 'cmake_target_skip_unavailable': False, 'install_base': '/home/min/dev_ws/my_mobile/install/my_robot_navigation', 'merge_install': False, 'path': '/home/min/dev_ws/my_mobile/src/my_robot_navigation', 'symlink_install': False, 'test_result_base': None}
[0.562s] INFO:colcon.colcon_core.executor:Executing jobs using 'parallel' executor
[0.563s] DEBUG:colcon.colcon_parallel_executor.executor.parallel:run_until_complete
[0.563s] INFO:colcon.colcon_ros.task.ament_cmake.build:Building ROS package in '/home/min/dev_ws/my_mobile/src/my_robot_description' with build type 'ament_cmake'
[0.563s] INFO:colcon.colcon_cmake.task.cmake.build:Building CMake package in '/home/min/dev_ws/my_mobile/src/my_robot_description'
[0.568s] INFO:colcon.colcon_core.plugin_system:Skipping extension 'colcon_core.shell.bat': Not used on non-Windows systems
[0.568s] INFO:colcon.colcon_core.shell:Skip shell extension 'powershell' for command environment: Not usable outside of PowerShell
[0.568s] DEBUG:colcon.colcon_core.shell:Skip shell extension 'dsv' for command environment
[0.569s] INFO:colcon.colcon_ros.task.ament_cmake.build:Building ROS package in '/home/min/dev_ws/my_mobile/src/my_robot_gazebo' with build type 'ament_cmake'
[0.569s] INFO:colcon.colcon_cmake.task.cmake.build:Building CMake package in '/home/min/dev_ws/my_mobile/src/my_robot_gazebo'
[0.569s] INFO:colcon.colcon_core.shell:Skip shell extension 'powershell' for command environment: Not usable outside of PowerShell
[0.570s] DEBUG:colcon.colcon_core.shell:Skip shell extension 'dsv' for command environment
[0.570s] INFO:colcon.colcon_ros.task.ament_cmake.build:Building ROS package in '/home/min/dev_ws/my_mobile/src/my_robot_navigation' with build type 'ament_cmake'
[0.571s] INFO:colcon.colcon_cmake.task.cmake.build:Building CMake package in '/home/min/dev_ws/my_mobile/src/my_robot_navigation'
[0.571s] INFO:colcon.colcon_core.shell:Skip shell extension 'powershell' for command environment: Not usable outside of PowerShell
[0.571s] DEBUG:colcon.colcon_core.shell:Skip shell extension 'dsv' for command environment
[0.575s] DEBUG:colcon.colcon_core.event_handler.log_command:Invoking command in '/home/min/dev_ws/my_mobile/build/my_robot_description': /usr/bin/cmake --build /home/min/dev_ws/my_mobile/build/my_robot_description -- -j12 -l12
[0.580s] DEBUG:colcon.colcon_core.event_handler.log_command:Invoking command in '/home/min/dev_ws/my_mobile/build/my_robot_gazebo': /usr/bin/cmake --build /home/min/dev_ws/my_mobile/build/my_robot_gazebo -- -j12 -l12
[0.583s] DEBUG:colcon.colcon_core.event_handler.log_command:Invoking command in '/home/min/dev_ws/my_mobile/build/my_robot_navigation': /usr/bin/cmake --build /home/min/dev_ws/my_mobile/build/my_robot_navigation -- -j12 -l12
[0.653s] DEBUG:colcon.colcon_core.event_handler.log_command:Invoked command in '/home/min/dev_ws/my_mobile/build/my_robot_navigation' returned '0': /usr/bin/cmake --build /home/min/dev_ws/my_mobile/build/my_robot_navigation -- -j12 -l12
[0.653s] DEBUG:colcon.colcon_core.event_handler.log_command:Invoked command in '/home/min/dev_ws/my_mobile/build/my_robot_description' returned '0': /usr/bin/cmake --build /home/min/dev_ws/my_mobile/build/my_robot_description -- -j12 -l12
[0.654s] DEBUG:colcon.colcon_core.event_handler.log_command:Invoked command in '/home/min/dev_ws/my_mobile/build/my_robot_gazebo' returned '0': /usr/bin/cmake --build /home/min/dev_ws/my_mobile/build/my_robot_gazebo -- -j12 -l12
[0.673s] DEBUG:colcon.colcon_core.event_handler.log_command:Invoking command in '/home/min/dev_ws/my_mobile/build/my_robot_navigation': /usr/bin/cmake --install /home/min/dev_ws/my_mobile/build/my_robot_navigation
[0.675s] DEBUG:colcon.colcon_core.event_handler.log_command:Invoking command in '/home/min/dev_ws/my_mobile/build/my_robot_description': /usr/bin/cmake --install /home/min/dev_ws/my_mobile/build/my_robot_description
[0.676s] DEBUG:colcon.colcon_core.event_handler.log_command:Invoking command in '/home/min/dev_ws/my_mobile/build/my_robot_gazebo': /usr/bin/cmake --install /home/min/dev_ws/my_mobile/build/my_robot_gazebo
[0.686s] Level 1:colcon.colcon_core.environment:create_environment_scripts_only(my_robot_navigation)
[0.688s] DEBUG:colcon.colcon_core.event_handler.log_command:Invoked command in '/home/min/dev_ws/my_mobile/build/my_robot_navigation' returned '0': /usr/bin/cmake --install /home/min/dev_ws/my_mobile/build/my_robot_navigation
[0.692s] Level 1:colcon.colcon_core.environment:checking '/home/min/dev_ws/my_mobile/install/my_robot_navigation' for CMake module files
[0.692s] Level 1:colcon.colcon_core.environment:checking '/home/min/dev_ws/my_mobile/install/my_robot_navigation' for CMake config files
[0.693s] Level 1:colcon.colcon_core.shell:create_environment_hook('my_robot_navigation', 'cmake_prefix_path')
[0.693s] INFO:colcon.colcon_core.shell:Creating environment hook '/home/min/dev_ws/my_mobile/install/my_robot_navigation/share/my_robot_navigation/hook/cmake_prefix_path.ps1'
[0.694s] INFO:colcon.colcon_core.shell:Creating environment descriptor '/home/min/dev_ws/my_mobile/install/my_robot_navigation/share/my_robot_navigation/hook/cmake_prefix_path.dsv'
[0.695s] INFO:colcon.colcon_core.shell:Creating environment hook '/home/min/dev_ws/my_mobile/install/my_robot_navigation/share/my_robot_navigation/hook/cmake_prefix_path.sh'
[0.695s] Level 1:colcon.colcon_core.environment:checking '/home/min/dev_ws/my_mobile/install/my_robot_navigation/bin'
[0.695s] Level 1:colcon.colcon_core.environment:checking '/home/min/dev_ws/my_mobile/install/my_robot_navigation/lib/pkgconfig/my_robot_navigation.pc'
[0.697s] Level 1:colcon.colcon_core.environment:checking '/home/min/dev_ws/my_mobile/install/my_robot_navigation/lib/python3.10/site-packages'
[0.697s] Level 1:colcon.colcon_core.environment:checking '/home/min/dev_ws/my_mobile/install/my_robot_navigation/bin'
[0.697s] INFO:colcon.colcon_core.shell:Creating package script '/home/min/dev_ws/my_mobile/install/my_robot_navigation/share/my_robot_navigation/package.ps1'
[0.698s] INFO:colcon.colcon_core.shell:Creating package descriptor '/home/min/dev_ws/my_mobile/install/my_robot_navigation/share/my_robot_navigation/package.dsv'
[0.699s] INFO:colcon.colcon_core.shell:Creating package script '/home/min/dev_ws/my_mobile/install/my_robot_navigation/share/my_robot_navigation/package.sh'
[0.699s] INFO:colcon.colcon_core.shell:Creating package script '/home/min/dev_ws/my_mobile/install/my_robot_navigation/share/my_robot_navigation/package.bash'
[0.701s] INFO:colcon.colcon_core.shell:Creating package script '/home/min/dev_ws/my_mobile/install/my_robot_navigation/share/my_robot_navigation/package.zsh'
[0.701s] Level 1:colcon.colcon_core.environment:create_file_with_runtime_dependencies(/home/min/dev_ws/my_mobile/install/my_robot_navigation/share/colcon-core/packages/my_robot_navigation)
[0.702s] Level 1:colcon.colcon_core.environment:create_environment_scripts_only(my_robot_gazebo)
[0.702s] Level 1:colcon.colcon_core.environment:checking '/home/min/dev_ws/my_mobile/install/my_robot_gazebo' for CMake module files
[0.703s] DEBUG:colcon.colcon_core.event_handler.log_command:Invoked command in '/home/min/dev_ws/my_mobile/build/my_robot_gazebo' returned '0': /usr/bin/cmake --install /home/min/dev_ws/my_mobile/build/my_robot_gazebo
[0.703s] Level 1:colcon.colcon_core.environment:checking '/home/min/dev_ws/my_mobile/install/my_robot_gazebo' for CMake config files
[0.703s] Level 1:colcon.colcon_core.shell:create_environment_hook('my_robot_gazebo', 'cmake_prefix_path')
[0.704s] INFO:colcon.colcon_core.shell:Creating environment hook '/home/min/dev_ws/my_mobile/install/my_robot_gazebo/share/my_robot_gazebo/hook/cmake_prefix_path.ps1'
[0.704s] INFO:colcon.colcon_core.shell:Creating environment descriptor '/home/min/dev_ws/my_mobile/install/my_robot_gazebo/share/my_robot_gazebo/hook/cmake_prefix_path.dsv'
[0.704s] INFO:colcon.colcon_core.shell:Creating environment hook '/home/min/dev_ws/my_mobile/install/my_robot_gazebo/share/my_robot_gazebo/hook/cmake_prefix_path.sh'
[0.704s] Level 1:colcon.colcon_core.environment:checking '/home/min/dev_ws/my_mobile/install/my_robot_gazebo/bin'
[0.705s] Level 1:colcon.colcon_core.environment:checking '/home/min/dev_ws/my_mobile/install/my_robot_gazebo/lib/pkgconfig/my_robot_gazebo.pc'
[0.705s] Level 1:colcon.colcon_core.environment:checking '/home/min/dev_ws/my_mobile/install/my_robot_gazebo/lib/python3.10/site-packages'
[0.705s] Level 1:colcon.colcon_core.environment:checking '/home/min/dev_ws/my_mobile/install/my_robot_gazebo/bin'
[0.705s] INFO:colcon.colcon_core.shell:Creating package script '/home/min/dev_ws/my_mobile/install/my_robot_gazebo/share/my_robot_gazebo/package.ps1'
[0.705s] INFO:colcon.colcon_core.shell:Creating package descriptor '/home/min/dev_ws/my_mobile/install/my_robot_gazebo/share/my_robot_gazebo/package.dsv'
[0.706s] INFO:colcon.colcon_core.shell:Creating package script '/home/min/dev_ws/my_mobile/install/my_robot_gazebo/share/my_robot_gazebo/package.sh'
[0.706s] INFO:colcon.colcon_core.shell:Creating package script '/home/min/dev_ws/my_mobile/install/my_robot_gazebo/share/my_robot_gazebo/package.bash'
[0.706s] INFO:colcon.colcon_core.shell:Creating package script '/home/min/dev_ws/my_mobile/install/my_robot_gazebo/share/my_robot_gazebo/package.zsh'
[0.706s] Level 1:colcon.colcon_core.environment:create_file_with_runtime_dependencies(/home/min/dev_ws/my_mobile/install/my_robot_gazebo/share/colcon-core/packages/my_robot_gazebo)
[0.708s] Level 1:colcon.colcon_core.environment:create_environment_scripts_only(my_robot_description)
[0.708s] Level 1:colcon.colcon_core.environment:checking '/home/min/dev_ws/my_mobile/install/my_robot_description' for CMake module files
[0.708s] DEBUG:colcon.colcon_core.event_handler.log_command:Invoked command in '/home/min/dev_ws/my_mobile/build/my_robot_description' returned '0': /usr/bin/cmake --install /home/min/dev_ws/my_mobile/build/my_robot_description
[0.708s] Level 1:colcon.colcon_core.environment:checking '/home/min/dev_ws/my_mobile/install/my_robot_description' for CMake config files
[0.709s] Level 1:colcon.colcon_core.shell:create_environment_hook('my_robot_description', 'cmake_prefix_path')
[0.709s] INFO:colcon.colcon_core.shell:Creating environment hook '/home/min/dev_ws/my_mobile/install/my_robot_description/share/my_robot_description/hook/cmake_prefix_path.ps1'
[0.709s] INFO:colcon.colcon_core.shell:Creating environment descriptor '/home/min/dev_ws/my_mobile/install/my_robot_description/share/my_robot_description/hook/cmake_prefix_path.dsv'
[0.709s] INFO:colcon.colcon_core.shell:Creating environment hook '/home/min/dev_ws/my_mobile/install/my_robot_description/share/my_robot_description/hook/cmake_prefix_path.sh'
[0.710s] Level 1:colcon.colcon_core.environment:checking '/home/min/dev_ws/my_mobile/install/my_robot_description/bin'
[0.710s] Level 1:colcon.colcon_core.environment:checking '/home/min/dev_ws/my_mobile/install/my_robot_description/lib/pkgconfig/my_robot_description.pc'
[0.710s] Level 1:colcon.colcon_core.environment:checking '/home/min/dev_ws/my_mobile/install/my_robot_description/lib/python3.10/site-packages'
[0.710s] Level 1:colcon.colcon_core.environment:checking '/home/min/dev_ws/my_mobile/install/my_robot_description/bin'
[0.711s] INFO:colcon.colcon_core.shell:Creating package script '/home/min/dev_ws/my_mobile/install/my_robot_description/share/my_robot_description/package.ps1'
[0.711s] INFO:colcon.colcon_core.shell:Creating package descriptor '/home/min/dev_ws/my_mobile/install/my_robot_description/share/my_robot_description/package.dsv'
[0.711s] INFO:colcon.colcon_core.shell:Creating package script '/home/min/dev_ws/my_mobile/install/my_robot_description/share/my_robot_description/package.sh'
[0.712s] INFO:colcon.colcon_core.shell:Creating package script '/home/min/dev_ws/my_mobile/install/my_robot_description/share/my_robot_description/package.bash'
[0.712s] INFO:colcon.colcon_core.shell:Creating package script '/home/min/dev_ws/my_mobile/install/my_robot_description/share/my_robot_description/package.zsh'
[0.712s] Level 1:colcon.colcon_core.environment:create_file_with_runtime_dependencies(/home/min/dev_ws/my_mobile/install/my_robot_description/share/colcon-core/packages/my_robot_description)
[0.716s] Level 1:colcon.colcon_core.environment:create_environment_scripts_only(my_robot_navigation)
[0.716s] Level 1:colcon.colcon_core.environment:checking '/home/min/dev_ws/my_mobile/install/my_robot_navigation' for CMake module files
[0.717s] Level 1:colcon.colcon_core.environment:checking '/home/min/dev_ws/my_mobile/install/my_robot_navigation' for CMake config files
[0.717s] Level 1:colcon.colcon_core.shell:create_environment_hook('my_robot_navigation', 'cmake_prefix_path')
[0.717s] INFO:colcon.colcon_core.shell:Creating environment hook '/home/min/dev_ws/my_mobile/install/my_robot_navigation/share/my_robot_navigation/hook/cmake_prefix_path.ps1'
[0.717s] INFO:colcon.colcon_core.shell:Creating environment descriptor '/home/min/dev_ws/my_mobile/install/my_robot_navigation/share/my_robot_navigation/hook/cmake_prefix_path.dsv'
[0.717s] INFO:colcon.colcon_core.shell:Creating environment hook '/home/min/dev_ws/my_mobile/install/my_robot_navigation/share/my_robot_navigation/hook/cmake_prefix_path.sh'
[0.718s] Level 1:colcon.colcon_core.environment:checking '/home/min/dev_ws/my_mobile/install/my_robot_navigation/bin'
[0.718s] Level 1:colcon.colcon_core.environment:checking '/home/min/dev_ws/my_mobile/install/my_robot_navigation/lib/pkgconfig/my_robot_navigation.pc'
[0.718s] Level 1:colcon.colcon_core.environment:checking '/home/min/dev_ws/my_mobile/install/my_robot_navigation/lib/python3.10/site-packages'
[0.718s] Level 1:colcon.colcon_core.environment:checking '/home/min/dev_ws/my_mobile/install/my_robot_navigation/bin'
[0.719s] INFO:colcon.colcon_core.shell:Creating package script '/home/min/dev_ws/my_mobile/install/my_robot_navigation/share/my_robot_navigation/package.ps1'
[0.719s] INFO:colcon.colcon_core.shell:Creating package descriptor '/home/min/dev_ws/my_mobile/install/my_robot_navigation/share/my_robot_navigation/package.dsv'
[0.719s] INFO:colcon.colcon_core.shell:Creating package script '/home/min/dev_ws/my_mobile/install/my_robot_navigation/share/my_robot_navigation/package.sh'
[0.719s] INFO:colcon.colcon_core.shell:Creating package script '/home/min/dev_ws/my_mobile/install/my_robot_navigation/share/my_robot_navigation/package.bash'
[0.720s] INFO:colcon.colcon_core.shell:Creating package script '/home/min/dev_ws/my_mobile/install/my_robot_navigation/share/my_robot_navigation/package.zsh'
[0.720s] Level 1:colcon.colcon_core.environment:create_file_with_runtime_dependencies(/home/min/dev_ws/my_mobile/install/my_robot_navigation/share/colcon-core/packages/my_robot_navigation)
[0.721s] Level 1:colcon.colcon_core.environment:create_environment_scripts_only(my_robot_gazebo)
[0.721s] Level 1:colcon.colcon_core.environment:checking '/home/min/dev_ws/my_mobile/install/my_robot_gazebo' for CMake module files
[0.722s] Level 1:colcon.colcon_core.environment:checking '/home/min/dev_ws/my_mobile/install/my_robot_gazebo' for CMake config files
[0.722s] Level 1:colcon.colcon_core.shell:create_environment_hook('my_robot_gazebo', 'cmake_prefix_path')
[0.722s] INFO:colcon.colcon_core.shell:Creating environment hook '/home/min/dev_ws/my_mobile/install/my_robot_gazebo/share/my_robot_gazebo/hook/cmake_prefix_path.ps1'
[0.722s] INFO:colcon.colcon_core.shell:Creating environment descriptor '/home/min/dev_ws/my_mobile/install/my_robot_gazebo/share/my_robot_gazebo/hook/cmake_prefix_path.dsv'
[0.723s] INFO:colcon.colcon_core.shell:Creating environment hook '/home/min/dev_ws/my_mobile/install/my_robot_gazebo/share/my_robot_gazebo/hook/cmake_prefix_path.sh'
[0.723s] Level 1:colcon.colcon_core.environment:checking '/home/min/dev_ws/my_mobile/install/my_robot_gazebo/bin'
[0.723s] Level 1:colcon.colcon_core.environment:checking '/home/min/dev_ws/my_mobile/install/my_robot_gazebo/lib/pkgconfig/my_robot_gazebo.pc'
[0.723s] Level 1:colcon.colcon_core.environment:checking '/home/min/dev_ws/my_mobile/install/my_robot_gazebo/lib/python3.10/site-packages'
[0.723s] Level 1:colcon.colcon_core.environment:checking '/home/min/dev_ws/my_mobile/install/my_robot_gazebo/bin'
[0.724s] INFO:colcon.colcon_core.shell:Creating package script '/home/min/dev_ws/my_mobile/install/my_robot_gazebo/share/my_robot_gazebo/package.ps1'
[0.724s] INFO:colcon.colcon_core.shell:Creating package descriptor '/home/min/dev_ws/my_mobile/install/my_robot_gazebo/share/my_robot_gazebo/package.dsv'
[0.724s] INFO:colcon.colcon_core.shell:Creating package script '/home/min/dev_ws/my_mobile/install/my_robot_gazebo/share/my_robot_gazebo/package.sh'
[0.724s] INFO:colcon.colcon_core.shell:Creating package script '/home/min/dev_ws/my_mobile/install/my_robot_gazebo/share/my_robot_gazebo/package.bash'
[0.725s] INFO:colcon.colcon_core.shell:Creating package script '/home/min/dev_ws/my_mobile/install/my_robot_gazebo/share/my_robot_gazebo/package.zsh'
[0.725s] Level 1:colcon.colcon_core.environment:create_file_with_runtime_dependencies(/home/min/dev_ws/my_mobile/install/my_robot_gazebo/share/colcon-core/packages/my_robot_gazebo)
[0.726s] Level 1:colcon.colcon_core.environment:create_environment_scripts_only(my_robot_description)
[0.726s] Level 1:colcon.colcon_core.environment:checking '/home/min/dev_ws/my_mobile/install/my_robot_description' for CMake module files
[0.726s] Level 1:colcon.colcon_core.environment:checking '/home/min/dev_ws/my_mobile/install/my_robot_description' for CMake config files
[0.727s] Level 1:colcon.colcon_core.shell:create_environment_hook('my_robot_description', 'cmake_prefix_path')
[0.727s] INFO:colcon.colcon_core.shell:Creating environment hook '/home/min/dev_ws/my_mobile/install/my_robot_description/share/my_robot_description/hook/cmake_prefix_path.ps1'
[0.727s] INFO:colcon.colcon_core.shell:Creating environment descriptor '/home/min/dev_ws/my_mobile/install/my_robot_description/share/my_robot_description/hook/cmake_prefix_path.dsv'
[0.727s] INFO:colcon.colcon_core.shell:Creating environment hook '/home/min/dev_ws/my_mobile/install/my_robot_description/share/my_robot_description/hook/cmake_prefix_path.sh'
[0.728s] Level 1:colcon.colcon_core.environment:checking '/home/min/dev_ws/my_mobile/install/my_robot_description/bin'
[0.728s] Level 1:colcon.colcon_core.environment:checking '/home/min/dev_ws/my_mobile/install/my_robot_description/lib/pkgconfig/my_robot_description.pc'
[0.728s] Level 1:colcon.colcon_core.environment:checking '/home/min/dev_ws/my_mobile/install/my_robot_description/lib/python3.10/site-packages'
[0.728s] Level 1:colcon.colcon_core.environment:checking '/home/min/dev_ws/my_mobile/install/my_robot_description/bin'
[0.728s] INFO:colcon.colcon_core.shell:Creating package script '/home/min/dev_ws/my_mobile/install/my_robot_description/share/my_robot_description/package.ps1'
[0.729s] INFO:colcon.colcon_core.shell:Creating package descriptor '/home/min/dev_ws/my_mobile/install/my_robot_description/share/my_robot_description/package.dsv'
[0.729s] INFO:colcon.colcon_core.shell:Creating package script '/home/min/dev_ws/my_mobile/install/my_robot_description/share/my_robot_description/package.sh'
[0.729s] INFO:colcon.colcon_core.shell:Creating package script '/home/min/dev_ws/my_mobile/install/my_robot_description/share/my_robot_description/package.bash'
[0.729s] INFO:colcon.colcon_core.shell:Creating package script '/home/min/dev_ws/my_mobile/install/my_robot_description/share/my_robot_description/package.zsh'
[0.730s] Level 1:colcon.colcon_core.environment:create_file_with_runtime_dependencies(/home/min/dev_ws/my_mobile/install/my_robot_description/share/colcon-core/packages/my_robot_description)
[0.730s] DEBUG:colcon.colcon_parallel_executor.executor.parallel:closing loop
[0.730s] DEBUG:colcon.colcon_parallel_executor.executor.parallel:loop closed
[0.730s] DEBUG:colcon.colcon_parallel_executor.executor.parallel:run_until_complete finished with '0'
[0.730s] DEBUG:colcon.colcon_core.event_reactor:joining thread
[0.735s] INFO:colcon.colcon_core.plugin_system:Skipping extension 'colcon_notification.desktop_notification.terminal_notifier': Not used on non-Darwin systems
[0.735s] INFO:colcon.colcon_core.plugin_system:Skipping extension 'colcon_notification.desktop_notification.win32': Not used on non-Windows systems
[0.735s] INFO:colcon.colcon_notification.desktop_notification:Sending desktop notification using 'notify2'
[0.758s] DEBUG:colcon.colcon_core.event_reactor:joined thread
[0.759s] INFO:colcon.colcon_core.shell:Creating prefix script '/home/min/dev_ws/my_mobile/install/local_setup.ps1'
[0.760s] INFO:colcon.colcon_core.shell:Creating prefix util module '/home/min/dev_ws/my_mobile/install/_local_setup_util_ps1.py'
[0.761s] INFO:colcon.colcon_core.shell:Creating prefix chain script '/home/min/dev_ws/my_mobile/install/setup.ps1'
[0.762s] INFO:colcon.colcon_core.shell:Creating prefix script '/home/min/dev_ws/my_mobile/install/local_setup.sh'
[0.762s] INFO:colcon.colcon_core.shell:Creating prefix util module '/home/min/dev_ws/my_mobile/install/_local_setup_util_sh.py'
[0.763s] INFO:colcon.colcon_core.shell:Creating prefix chain script '/home/min/dev_ws/my_mobile/install/setup.sh'
[0.763s] INFO:colcon.colcon_core.shell:Creating prefix script '/home/min/dev_ws/my_mobile/install/local_setup.bash'
[0.764s] INFO:colcon.colcon_core.shell:Creating prefix chain script '/home/min/dev_ws/my_mobile/install/setup.bash'
[0.765s] INFO:colcon.colcon_core.shell:Creating prefix script '/home/min/dev_ws/my_mobile/install/local_setup.zsh'
[0.766s] INFO:colcon.colcon_core.shell:Creating prefix chain script '/home/min/dev_ws/my_mobile/install/setup.zsh'
