[0.007s] Invoking command in '/home/min/dev_ws/my_mobile/build/my_robot_gazebo': /usr/bin/cmake /home/min/dev_ws/my_mobile/src/my_robot_gazebo -DCMAKE_INSTALL_PREFIX=/home/min/dev_ws/my_mobile/install/my_robot_gazebo
[0.048s] -- The C compiler identification is GNU 11.4.0
[0.094s] -- The CXX compiler identification is GNU 11.4.0
[0.099s] -- Detecting C compiler ABI info
[0.150s] -- Detecting C compiler ABI info - done
[0.155s] -- Check for working C compiler: /usr/bin/cc - skipped
[0.156s] -- Detecting C compile features
[0.156s] -- Detecting C compile features - done
[0.158s] -- Detecting CXX compiler ABI info
[0.213s] -- Detecting CXX compiler ABI info - done
[0.219s] -- Check for working CXX compiler: /usr/bin/c++ - skipped
[0.220s] -- Detecting CXX compile features
[0.220s] -- Detecting CXX compile features - done
[0.230s] [31mCMake Error at CMakeLists.txt:9 (find_package):
[0.230s]   By not providing "Findament_cmake.cmake" in CMAKE_MODULE_PATH this project
[0.230s]   has asked CMake to find a package configuration file provided by
[0.230s]   "ament_cmake", but CMake did not find one.
[0.230s] 
[0.231s]   Could not find a package configuration file provided by "ament_cmake" with
[0.231s]   any of the following names:
[0.231s] 
[0.231s]     ament_cmakeConfig.cmake
[0.231s]     ament_cmake-config.cmake
[0.231s] 
[0.231s]   Add the installation prefix of "ament_cmake" to CMAKE_PREFIX_PATH or set
[0.231s]   "ament_cmake_DIR" to a directory containing one of the above files.  If
[0.231s]   "ament_cmake" provides a separate development package or SDK, be sure it
[0.231s]   has been installed.
[0.231s] 
[0.231s] [0m
[0.231s] -- Configuring incomplete, errors occurred!
[0.231s] See also "/home/min/dev_ws/my_mobile/build/my_robot_gazebo/CMakeFiles/CMakeOutput.log".
[0.233s] Invoked command in '/home/min/dev_ws/my_mobile/build/my_robot_gazebo' returned '1': /usr/bin/cmake /home/min/dev_ws/my_mobile/src/my_robot_gazebo -DCMAKE_INSTALL_PREFIX=/home/min/dev_ws/my_mobile/install/my_robot_gazebo
