[0.010s] Invoking command in '/home/min/dev_ws/my_mobile/build/my_robot_description': CMAKE_PREFIX_PATH=${CMAKE_PREFIX_PATH}:/opt/ros/humble /usr/bin/cmake /home/min/dev_ws/my_mobile/src/my_robot_description -DCMAKE_INSTALL_PREFIX=/home/min/dev_ws/my_mobile/install/my_robot_description
[0.052s] -- The C compiler identification is GNU 11.4.0
[0.093s] -- The CXX compiler identification is GNU 11.4.0
[0.098s] -- Detecting C compiler ABI info
[0.151s] -- Detecting C compiler ABI info - done
[0.156s] -- Check for working C compiler: /usr/bin/cc - skipped
[0.157s] -- Detecting C compile features
[0.157s] -- Detecting C compile features - done
[0.159s] -- Detecting CXX compiler ABI info
[0.219s] -- Detecting CXX compiler ABI info - done
[0.226s] -- Check for working CXX compiler: /usr/bin/c++ - skipped
[0.226s] -- Detecting CXX compile features
[0.226s] -- Detecting CXX compile features - done
[0.228s] -- Found ament_cmake: 1.3.9 (/opt/ros/humble/share/ament_cmake/cmake)
[0.343s] -- Found Python3: /usr/bin/python3 (found version "3.10.12") found components: Interpreter 
[0.420s] -- Found ament_lint_auto: 0.12.11 (/opt/ros/humble/share/ament_lint_auto/cmake)
[0.490s] -- Added test 'lint_cmake' to check CMake code style
[0.492s] -- Added test 'xmllint' to check XML markup files
[0.493s] -- Configuring done
[0.495s] -- Generating done
[0.495s] -- Build files have been written to: /home/min/dev_ws/my_mobile/build/my_robot_description
[0.499s] Invoked command in '/home/min/dev_ws/my_mobile/build/my_robot_description' returned '0': CMAKE_PREFIX_PATH=${CMAKE_PREFIX_PATH}:/opt/ros/humble /usr/bin/cmake /home/min/dev_ws/my_mobile/src/my_robot_description -DCMAKE_INSTALL_PREFIX=/home/min/dev_ws/my_mobile/install/my_robot_description
[0.500s] Invoking command in '/home/min/dev_ws/my_mobile/build/my_robot_description': CMAKE_PREFIX_PATH=${CMAKE_PREFIX_PATH}:/opt/ros/humble /usr/bin/cmake --build /home/min/dev_ws/my_mobile/build/my_robot_description -- -j12 -l12
[0.528s] Invoked command in '/home/min/dev_ws/my_mobile/build/my_robot_description' returned '0': CMAKE_PREFIX_PATH=${CMAKE_PREFIX_PATH}:/opt/ros/humble /usr/bin/cmake --build /home/min/dev_ws/my_mobile/build/my_robot_description -- -j12 -l12
[0.551s] Invoking command in '/home/min/dev_ws/my_mobile/build/my_robot_description': CMAKE_PREFIX_PATH=${CMAKE_PREFIX_PATH}:/opt/ros/humble /usr/bin/cmake --install /home/min/dev_ws/my_mobile/build/my_robot_description
[0.556s] -- Install configuration: ""
[0.557s] -- Up-to-date: /home/min/dev_ws/my_mobile/install/my_robot_description/share/my_robot_description/rviz
[0.557s] -- Up-to-date: /home/min/dev_ws/my_mobile/install/my_robot_description/share/my_robot_description/rviz/urdf_config.rviz
[0.557s] -- Up-to-date: /home/min/dev_ws/my_mobile/install/my_robot_description/share/my_robot_description/urdf
[0.557s] -- Up-to-date: /home/min/dev_ws/my_mobile/install/my_robot_description/share/my_robot_description/urdf/ros2_control.xacro
[0.557s] -- Up-to-date: /home/min/dev_ws/my_mobile/install/my_robot_description/share/my_robot_description/urdf/test.urdf
[0.557s] -- Up-to-date: /home/min/dev_ws/my_mobile/install/my_robot_description/share/my_robot_description/urdf/robot_gazebo.xacro
[0.557s] -- Up-to-date: /home/min/dev_ws/my_mobile/install/my_robot_description/share/my_robot_description/urdf/robot.urdf.xacro
[0.557s] -- Up-to-date: /home/min/dev_ws/my_mobile/install/my_robot_description/share/my_robot_description/urdf/gazebo_control.xacro
[0.557s] -- Up-to-date: /home/min/dev_ws/my_mobile/install/my_robot_description/share/my_robot_description/urdf/robot_core.xacro
[0.557s] -- Up-to-date: /home/min/dev_ws/my_mobile/install/my_robot_description/share/my_robot_description/launch
[0.557s] -- Up-to-date: /home/min/dev_ws/my_mobile/install/my_robot_description/share/my_robot_description/launch/test.launch.xml
[0.557s] -- Up-to-date: /home/min/dev_ws/my_mobile/install/my_robot_description/share/my_robot_description/launch/upload.launch.xml
[0.557s] -- Up-to-date: /home/min/dev_ws/my_mobile/install/my_robot_description/share/my_robot_description/launch/display.launch.xml
[0.557s] -- Up-to-date: /home/min/dev_ws/my_mobile/install/my_robot_description/share/my_robot_description/meshes
[0.557s] -- Up-to-date: /home/min/dev_ws/my_mobile/install/my_robot_description/share/my_robot_description/meshes/collision
[0.558s] -- Up-to-date: /home/min/dev_ws/my_mobile/install/my_robot_description/share/my_robot_description/meshes/collision/ydlidar_x2_assy.stl
[0.558s] -- Up-to-date: /home/min/dev_ws/my_mobile/install/my_robot_description/share/my_robot_description/meshes/collision/ul_sensor.stl
[0.558s] -- Up-to-date: /home/min/dev_ws/my_mobile/install/my_robot_description/share/my_robot_description/meshes/collision/base_link.stl
[0.558s] -- Up-to-date: /home/min/dev_ws/my_mobile/install/my_robot_description/share/my_robot_description/meshes/collision/front_camera.stl
[0.558s] -- Up-to-date: /home/min/dev_ws/my_mobile/install/my_robot_description/share/my_robot_description/meshes/collision/wheel.stl
[0.558s] -- Up-to-date: /home/min/dev_ws/my_mobile/install/my_robot_description/share/my_robot_description/meshes/visual
[0.558s] -- Up-to-date: /home/min/dev_ws/my_mobile/install/my_robot_description/share/my_robot_description/meshes/visual/wheel.dae
[0.558s] -- Up-to-date: /home/min/dev_ws/my_mobile/install/my_robot_description/share/my_robot_description/meshes/visual/front_camera.png
[0.558s] -- Up-to-date: /home/min/dev_ws/my_mobile/install/my_robot_description/share/my_robot_description/meshes/visual/wheel.png
[0.558s] -- Up-to-date: /home/min/dev_ws/my_mobile/install/my_robot_description/share/my_robot_description/meshes/visual/front_camera.dae
[0.558s] -- Up-to-date: /home/min/dev_ws/my_mobile/install/my_robot_description/share/my_robot_description/meshes/visual/ydlidar_x2_assy.dae
[0.558s] -- Up-to-date: /home/min/dev_ws/my_mobile/install/my_robot_description/share/my_robot_description/meshes/visual/ul_sensor.dae
[0.558s] -- Up-to-date: /home/min/dev_ws/my_mobile/install/my_robot_description/share/my_robot_description/meshes/visual/ydlidar_x2.png
[0.558s] -- Up-to-date: /home/min/dev_ws/my_mobile/install/my_robot_description/share/my_robot_description/meshes/visual/base_link.dae
[0.558s] -- Installing: /home/min/dev_ws/my_mobile/install/my_robot_description/share/ament_index/resource_index/package_run_dependencies/my_robot_description
[0.558s] -- Installing: /home/min/dev_ws/my_mobile/install/my_robot_description/share/ament_index/resource_index/parent_prefix_path/my_robot_description
[0.558s] -- Up-to-date: /home/min/dev_ws/my_mobile/install/my_robot_description/share/my_robot_description/environment/ament_prefix_path.sh
[0.559s] -- Installing: /home/min/dev_ws/my_mobile/install/my_robot_description/share/my_robot_description/environment/ament_prefix_path.dsv
[0.559s] -- Up-to-date: /home/min/dev_ws/my_mobile/install/my_robot_description/share/my_robot_description/environment/path.sh
[0.559s] -- Installing: /home/min/dev_ws/my_mobile/install/my_robot_description/share/my_robot_description/environment/path.dsv
[0.559s] -- Installing: /home/min/dev_ws/my_mobile/install/my_robot_description/share/my_robot_description/local_setup.bash
[0.559s] -- Installing: /home/min/dev_ws/my_mobile/install/my_robot_description/share/my_robot_description/local_setup.sh
[0.559s] -- Installing: /home/min/dev_ws/my_mobile/install/my_robot_description/share/my_robot_description/local_setup.zsh
[0.559s] -- Installing: /home/min/dev_ws/my_mobile/install/my_robot_description/share/my_robot_description/local_setup.dsv
[0.559s] -- Installing: /home/min/dev_ws/my_mobile/install/my_robot_description/share/my_robot_description/package.dsv
[0.560s] -- Installing: /home/min/dev_ws/my_mobile/install/my_robot_description/share/ament_index/resource_index/packages/my_robot_description
[0.560s] -- Installing: /home/min/dev_ws/my_mobile/install/my_robot_description/share/my_robot_description/cmake/my_robot_descriptionConfig.cmake
[0.560s] -- Installing: /home/min/dev_ws/my_mobile/install/my_robot_description/share/my_robot_description/cmake/my_robot_descriptionConfig-version.cmake
[0.560s] -- Up-to-date: /home/min/dev_ws/my_mobile/install/my_robot_description/share/my_robot_description/package.xml
[0.569s] Invoked command in '/home/min/dev_ws/my_mobile/build/my_robot_description' returned '0': CMAKE_PREFIX_PATH=${CMAKE_PREFIX_PATH}:/opt/ros/humble /usr/bin/cmake --install /home/min/dev_ws/my_mobile/build/my_robot_description
