[0.094s] DEBUG:colcon:Command line arguments: ['/usr/bin/colcon', 'build']
[0.094s] DEBUG:colcon:Parsed command line arguments: Namespace(log_base=None, log_level=None, verb_name='build', build_base='build', install_base='install', merge_install=False, symlink_install=False, test_result_base=None, continue_on_error=False, executor='parallel', parallel_workers=12, event_handlers=None, ignore_user_meta=False, metas=['./colcon.meta'], base_paths=['.'], packages_ignore=None, packages_ignore_regex=None, paths=None, packages_up_to=None, packages_up_to_regex=None, packages_above=None, packages_above_and_dependencies=None, packages_above_depth=None, packages_select_by_dep=None, packages_skip_by_dep=None, packages_skip_up_to=None, packages_select_build_failed=False, packages_skip_build_finished=False, packages_select_test_failures=False, packages_skip_test_passed=False, packages_select=None, packages_skip=None, packages_select_regex=None, packages_skip_regex=None, packages_start=None, packages_end=None, allow_overriding=[], cmake_args=None, cmake_target=None, cmake_target_skip_unavailable=False, cmake_clean_cache=False, cmake_clean_first=False, cmake_force_configure=False, ament_cmake_args=None, catkin_cmake_args=None, catkin_skip_building_tests=False, mixin_files=None, mixin=None, verb_parser=<colcon_mixin.mixin.mixin_argument.MixinArgumentDecorator object at 0x73f29ac81690>, verb_extension=<colcon_core.verb.build.BuildVerb object at 0x73f29ac80c70>, main=<bound method BuildVerb.main of <colcon_core.verb.build.BuildVerb object at 0x73f29ac80c70>>, mixin_verb=('build',))
[0.265s] Level 1:colcon.colcon_core.package_discovery:discover_packages(colcon_meta) check parameters
[0.265s] Level 1:colcon.colcon_core.package_discovery:discover_packages(recursive) check parameters
[0.265s] Level 1:colcon.colcon_core.package_discovery:discover_packages(ignore) check parameters
[0.265s] Level 1:colcon.colcon_core.package_discovery:discover_packages(path) check parameters
[0.265s] Level 1:colcon.colcon_core.package_discovery:discover_packages(colcon_meta) discover
[0.265s] Level 1:colcon.colcon_core.package_discovery:discover_packages(recursive) discover
[0.265s] INFO:colcon.colcon_core.package_discovery:Crawling recursively for packages in '/home/min/dev_ws/my_mobile'
[0.265s] Level 1:colcon.colcon_core.package_identification:_identify(.) by extensions ['ignore', 'ignore_ament_install']
[0.265s] Level 1:colcon.colcon_core.package_identification:_identify(.) by extension 'ignore'
[0.265s] Level 1:colcon.colcon_core.package_identification:_identify(.) by extension 'ignore_ament_install'
[0.265s] Level 1:colcon.colcon_core.package_identification:_identify(.) by extensions ['colcon_pkg']
[0.265s] Level 1:colcon.colcon_core.package_identification:_identify(.) by extension 'colcon_pkg'
[0.265s] Level 1:colcon.colcon_core.package_identification:_identify(.) by extensions ['colcon_meta']
[0.265s] Level 1:colcon.colcon_core.package_identification:_identify(.) by extension 'colcon_meta'
[0.265s] Level 1:colcon.colcon_core.package_identification:_identify(.) by extensions ['ros']
[0.266s] Level 1:colcon.colcon_core.package_identification:_identify(.) by extension 'ros'
[0.280s] Level 1:colcon.colcon_core.package_identification:_identify(.) by extensions ['cmake', 'python']
[0.280s] Level 1:colcon.colcon_core.package_identification:_identify(.) by extension 'cmake'
[0.280s] Level 1:colcon.colcon_core.package_identification:_identify(.) by extension 'python'
[0.280s] Level 1:colcon.colcon_core.package_identification:_identify(.) by extensions ['python_setup_py']
[0.280s] Level 1:colcon.colcon_core.package_identification:_identify(.) by extension 'python_setup_py'
[0.280s] Level 1:colcon.colcon_core.package_identification:_identify(build) by extensions ['ignore', 'ignore_ament_install']
[0.281s] Level 1:colcon.colcon_core.package_identification:_identify(build) by extension 'ignore'
[0.281s] Level 1:colcon.colcon_core.package_identification:_identify(build) ignored
[0.281s] Level 1:colcon.colcon_core.package_identification:_identify(install) by extensions ['ignore', 'ignore_ament_install']
[0.281s] Level 1:colcon.colcon_core.package_identification:_identify(install) by extension 'ignore'
[0.281s] Level 1:colcon.colcon_core.package_identification:_identify(install) ignored
[0.281s] Level 1:colcon.colcon_core.package_identification:_identify(log) by extensions ['ignore', 'ignore_ament_install']
[0.281s] Level 1:colcon.colcon_core.package_identification:_identify(log) by extension 'ignore'
[0.281s] Level 1:colcon.colcon_core.package_identification:_identify(log) ignored
[0.281s] Level 1:colcon.colcon_core.package_identification:_identify(src) by extensions ['ignore', 'ignore_ament_install']
[0.281s] Level 1:colcon.colcon_core.package_identification:_identify(src) by extension 'ignore'
[0.281s] Level 1:colcon.colcon_core.package_identification:_identify(src) by extension 'ignore_ament_install'
[0.281s] Level 1:colcon.colcon_core.package_identification:_identify(src) by extensions ['colcon_pkg']
[0.281s] Level 1:colcon.colcon_core.package_identification:_identify(src) by extension 'colcon_pkg'
[0.281s] Level 1:colcon.colcon_core.package_identification:_identify(src) by extensions ['colcon_meta']
[0.281s] Level 1:colcon.colcon_core.package_identification:_identify(src) by extension 'colcon_meta'
[0.281s] Level 1:colcon.colcon_core.package_identification:_identify(src) by extensions ['ros']
[0.281s] Level 1:colcon.colcon_core.package_identification:_identify(src) by extension 'ros'
[0.282s] Level 1:colcon.colcon_core.package_identification:_identify(src) by extensions ['cmake', 'python']
[0.282s] Level 1:colcon.colcon_core.package_identification:_identify(src) by extension 'cmake'
[0.282s] Level 1:colcon.colcon_core.package_identification:_identify(src) by extension 'python'
[0.282s] Level 1:colcon.colcon_core.package_identification:_identify(src) by extensions ['python_setup_py']
[0.282s] Level 1:colcon.colcon_core.package_identification:_identify(src) by extension 'python_setup_py'
[0.282s] Level 1:colcon.colcon_core.package_identification:_identify(src/my_robot_description) by extensions ['ignore', 'ignore_ament_install']
[0.282s] Level 1:colcon.colcon_core.package_identification:_identify(src/my_robot_description) by extension 'ignore'
[0.282s] Level 1:colcon.colcon_core.package_identification:_identify(src/my_robot_description) by extension 'ignore_ament_install'
[0.282s] Level 1:colcon.colcon_core.package_identification:_identify(src/my_robot_description) by extensions ['colcon_pkg']
[0.282s] Level 1:colcon.colcon_core.package_identification:_identify(src/my_robot_description) by extension 'colcon_pkg'
[0.282s] Level 1:colcon.colcon_core.package_identification:_identify(src/my_robot_description) by extensions ['colcon_meta']
[0.282s] Level 1:colcon.colcon_core.package_identification:_identify(src/my_robot_description) by extension 'colcon_meta'
[0.282s] Level 1:colcon.colcon_core.package_identification:_identify(src/my_robot_description) by extensions ['ros']
[0.282s] Level 1:colcon.colcon_core.package_identification:_identify(src/my_robot_description) by extension 'ros'
[0.284s] DEBUG:colcon.colcon_core.package_identification:Package 'src/my_robot_description' with type 'ros.ament_cmake' and name 'my_robot_description'
[0.284s] Level 1:colcon.colcon_core.package_identification:_identify(src/my_robot_gazebo) by extensions ['ignore', 'ignore_ament_install']
[0.284s] Level 1:colcon.colcon_core.package_identification:_identify(src/my_robot_gazebo) by extension 'ignore'
[0.284s] Level 1:colcon.colcon_core.package_identification:_identify(src/my_robot_gazebo) by extension 'ignore_ament_install'
[0.284s] Level 1:colcon.colcon_core.package_identification:_identify(src/my_robot_gazebo) by extensions ['colcon_pkg']
[0.284s] Level 1:colcon.colcon_core.package_identification:_identify(src/my_robot_gazebo) by extension 'colcon_pkg'
[0.284s] Level 1:colcon.colcon_core.package_identification:_identify(src/my_robot_gazebo) by extensions ['colcon_meta']
[0.284s] Level 1:colcon.colcon_core.package_identification:_identify(src/my_robot_gazebo) by extension 'colcon_meta'
[0.284s] Level 1:colcon.colcon_core.package_identification:_identify(src/my_robot_gazebo) by extensions ['ros']
[0.284s] Level 1:colcon.colcon_core.package_identification:_identify(src/my_robot_gazebo) by extension 'ros'
[0.285s] DEBUG:colcon.colcon_core.package_identification:Package 'src/my_robot_gazebo' with type 'ros.ament_cmake' and name 'my_robot_gazebo'
[0.285s] Level 1:colcon.colcon_core.package_identification:_identify(src/my_robot_navigation) by extensions ['ignore', 'ignore_ament_install']
[0.285s] Level 1:colcon.colcon_core.package_identification:_identify(src/my_robot_navigation) by extension 'ignore'
[0.285s] Level 1:colcon.colcon_core.package_identification:_identify(src/my_robot_navigation) by extension 'ignore_ament_install'
[0.285s] Level 1:colcon.colcon_core.package_identification:_identify(src/my_robot_navigation) by extensions ['colcon_pkg']
[0.285s] Level 1:colcon.colcon_core.package_identification:_identify(src/my_robot_navigation) by extension 'colcon_pkg'
[0.285s] Level 1:colcon.colcon_core.package_identification:_identify(src/my_robot_navigation) by extensions ['colcon_meta']
[0.285s] Level 1:colcon.colcon_core.package_identification:_identify(src/my_robot_navigation) by extension 'colcon_meta'
[0.285s] Level 1:colcon.colcon_core.package_identification:_identify(src/my_robot_navigation) by extensions ['ros']
[0.285s] Level 1:colcon.colcon_core.package_identification:_identify(src/my_robot_navigation) by extension 'ros'
[0.285s] DEBUG:colcon.colcon_core.package_identification:Package 'src/my_robot_navigation' with type 'ros.ament_cmake' and name 'my_robot_navigation'
[0.285s] Level 1:colcon.colcon_core.package_discovery:discover_packages(recursive) using defaults
[0.285s] Level 1:colcon.colcon_core.package_discovery:discover_packages(ignore) discover
[0.286s] Level 1:colcon.colcon_core.package_discovery:discover_packages(ignore) using defaults
[0.286s] Level 1:colcon.colcon_core.package_discovery:discover_packages(path) discover
[0.286s] Level 1:colcon.colcon_core.package_discovery:discover_packages(path) using defaults
[0.301s] Level 1:colcon.colcon_core.package_discovery:discover_packages(prefix_path) check parameters
[0.301s] Level 1:colcon.colcon_core.package_discovery:discover_packages(prefix_path) discover
[0.302s] DEBUG:colcon.colcon_installed_package_information.package_discovery:Found 3 installed packages in /home/min/dev_ws/my_mobile/install
[0.303s] DEBUG:colcon.colcon_installed_package_information.package_discovery:Found 382 installed packages in /opt/ros/humble
[0.305s] Level 1:colcon.colcon_core.package_discovery:discover_packages(prefix_path) using defaults
[0.344s] Level 5:colcon.colcon_core.verb:set package 'my_robot_description' build argument 'cmake_args' from command line to 'None'
[0.344s] Level 5:colcon.colcon_core.verb:set package 'my_robot_description' build argument 'cmake_target' from command line to 'None'
[0.344s] Level 5:colcon.colcon_core.verb:set package 'my_robot_description' build argument 'cmake_target_skip_unavailable' from command line to 'False'
[0.344s] Level 5:colcon.colcon_core.verb:set package 'my_robot_description' build argument 'cmake_clean_cache' from command line to 'False'
[0.344s] Level 5:colcon.colcon_core.verb:set package 'my_robot_description' build argument 'cmake_clean_first' from command line to 'False'
[0.344s] Level 5:colcon.colcon_core.verb:set package 'my_robot_description' build argument 'cmake_force_configure' from command line to 'False'
[0.344s] Level 5:colcon.colcon_core.verb:set package 'my_robot_description' build argument 'ament_cmake_args' from command line to 'None'
[0.344s] Level 5:colcon.colcon_core.verb:set package 'my_robot_description' build argument 'catkin_cmake_args' from command line to 'None'
[0.344s] Level 5:colcon.colcon_core.verb:set package 'my_robot_description' build argument 'catkin_skip_building_tests' from command line to 'False'
[0.344s] DEBUG:colcon.colcon_core.verb:Building package 'my_robot_description' with the following arguments: {'ament_cmake_args': None, 'build_base': '/home/min/dev_ws/my_mobile/build/my_robot_description', 'catkin_cmake_args': None, 'catkin_skip_building_tests': False, 'cmake_args': None, 'cmake_clean_cache': False, 'cmake_clean_first': False, 'cmake_force_configure': False, 'cmake_target': None, 'cmake_target_skip_unavailable': False, 'install_base': '/home/min/dev_ws/my_mobile/install/my_robot_description', 'merge_install': False, 'path': '/home/min/dev_ws/my_mobile/src/my_robot_description', 'symlink_install': False, 'test_result_base': None}
[0.345s] Level 5:colcon.colcon_core.verb:set package 'my_robot_gazebo' build argument 'cmake_args' from command line to 'None'
[0.345s] Level 5:colcon.colcon_core.verb:set package 'my_robot_gazebo' build argument 'cmake_target' from command line to 'None'
[0.345s] Level 5:colcon.colcon_core.verb:set package 'my_robot_gazebo' build argument 'cmake_target_skip_unavailable' from command line to 'False'
[0.345s] Level 5:colcon.colcon_core.verb:set package 'my_robot_gazebo' build argument 'cmake_clean_cache' from command line to 'False'
[0.345s] Level 5:colcon.colcon_core.verb:set package 'my_robot_gazebo' build argument 'cmake_clean_first' from command line to 'False'
[0.345s] Level 5:colcon.colcon_core.verb:set package 'my_robot_gazebo' build argument 'cmake_force_configure' from command line to 'False'
[0.345s] Level 5:colcon.colcon_core.verb:set package 'my_robot_gazebo' build argument 'ament_cmake_args' from command line to 'None'
[0.345s] Level 5:colcon.colcon_core.verb:set package 'my_robot_gazebo' build argument 'catkin_cmake_args' from command line to 'None'
[0.345s] Level 5:colcon.colcon_core.verb:set package 'my_robot_gazebo' build argument 'catkin_skip_building_tests' from command line to 'False'
[0.345s] DEBUG:colcon.colcon_core.verb:Building package 'my_robot_gazebo' with the following arguments: {'ament_cmake_args': None, 'build_base': '/home/min/dev_ws/my_mobile/build/my_robot_gazebo', 'catkin_cmake_args': None, 'catkin_skip_building_tests': False, 'cmake_args': None, 'cmake_clean_cache': False, 'cmake_clean_first': False, 'cmake_force_configure': False, 'cmake_target': None, 'cmake_target_skip_unavailable': False, 'install_base': '/home/min/dev_ws/my_mobile/install/my_robot_gazebo', 'merge_install': False, 'path': '/home/min/dev_ws/my_mobile/src/my_robot_gazebo', 'symlink_install': False, 'test_result_base': None}
[0.345s] Level 5:colcon.colcon_core.verb:set package 'my_robot_navigation' build argument 'cmake_args' from command line to 'None'
[0.345s] Level 5:colcon.colcon_core.verb:set package 'my_robot_navigation' build argument 'cmake_target' from command line to 'None'
[0.345s] Level 5:colcon.colcon_core.verb:set package 'my_robot_navigation' build argument 'cmake_target_skip_unavailable' from command line to 'False'
[0.345s] Level 5:colcon.colcon_core.verb:set package 'my_robot_navigation' build argument 'cmake_clean_cache' from command line to 'False'
[0.345s] Level 5:colcon.colcon_core.verb:set package 'my_robot_navigation' build argument 'cmake_clean_first' from command line to 'False'
[0.345s] Level 5:colcon.colcon_core.verb:set package 'my_robot_navigation' build argument 'cmake_force_configure' from command line to 'False'
[0.345s] Level 5:colcon.colcon_core.verb:set package 'my_robot_navigation' build argument 'ament_cmake_args' from command line to 'None'
[0.345s] Level 5:colcon.colcon_core.verb:set package 'my_robot_navigation' build argument 'catkin_cmake_args' from command line to 'None'
[0.345s] Level 5:colcon.colcon_core.verb:set package 'my_robot_navigation' build argument 'catkin_skip_building_tests' from command line to 'False'
[0.345s] DEBUG:colcon.colcon_core.verb:Building package 'my_robot_navigation' with the following arguments: {'ament_cmake_args': None, 'build_base': '/home/min/dev_ws/my_mobile/build/my_robot_navigation', 'catkin_cmake_args': None, 'catkin_skip_building_tests': False, 'cmake_args': None, 'cmake_clean_cache': False, 'cmake_clean_first': False, 'cmake_force_configure': False, 'cmake_target': None, 'cmake_target_skip_unavailable': False, 'install_base': '/home/min/dev_ws/my_mobile/install/my_robot_navigation', 'merge_install': False, 'path': '/home/min/dev_ws/my_mobile/src/my_robot_navigation', 'symlink_install': False, 'test_result_base': None}
[0.345s] INFO:colcon.colcon_core.executor:Executing jobs using 'parallel' executor
[0.346s] DEBUG:colcon.colcon_parallel_executor.executor.parallel:run_until_complete
[0.346s] INFO:colcon.colcon_ros.task.ament_cmake.build:Building ROS package in '/home/min/dev_ws/my_mobile/src/my_robot_description' with build type 'ament_cmake'
[0.347s] INFO:colcon.colcon_cmake.task.cmake.build:Building CMake package in '/home/min/dev_ws/my_mobile/src/my_robot_description'
[0.348s] INFO:colcon.colcon_core.plugin_system:Skipping extension 'colcon_core.shell.bat': Not used on non-Windows systems
[0.348s] INFO:colcon.colcon_core.shell:Skip shell extension 'powershell' for command environment: Not usable outside of PowerShell
[0.348s] DEBUG:colcon.colcon_core.shell:Skip shell extension 'dsv' for command environment
[0.351s] INFO:colcon.colcon_ros.task.ament_cmake.build:Building ROS package in '/home/min/dev_ws/my_mobile/src/my_robot_gazebo' with build type 'ament_cmake'
[0.351s] INFO:colcon.colcon_cmake.task.cmake.build:Building CMake package in '/home/min/dev_ws/my_mobile/src/my_robot_gazebo'
[0.351s] INFO:colcon.colcon_core.shell:Skip shell extension 'powershell' for command environment: Not usable outside of PowerShell
[0.351s] DEBUG:colcon.colcon_core.shell:Skip shell extension 'dsv' for command environment
[0.354s] INFO:colcon.colcon_ros.task.ament_cmake.build:Building ROS package in '/home/min/dev_ws/my_mobile/src/my_robot_navigation' with build type 'ament_cmake'
[0.354s] INFO:colcon.colcon_cmake.task.cmake.build:Building CMake package in '/home/min/dev_ws/my_mobile/src/my_robot_navigation'
[0.354s] INFO:colcon.colcon_core.shell:Skip shell extension 'powershell' for command environment: Not usable outside of PowerShell
[0.354s] DEBUG:colcon.colcon_core.shell:Skip shell extension 'dsv' for command environment
[0.361s] DEBUG:colcon.colcon_core.event_handler.log_command:Invoking command in '/home/min/dev_ws/my_mobile/build/my_robot_description': CMAKE_PREFIX_PATH=${CMAKE_PREFIX_PATH}:/opt/ros/humble /usr/bin/cmake --build /home/min/dev_ws/my_mobile/build/my_robot_description -- -j12 -l12
[0.364s] DEBUG:colcon.colcon_core.event_handler.log_command:Invoking command in '/home/min/dev_ws/my_mobile/build/my_robot_gazebo': CMAKE_PREFIX_PATH=${CMAKE_PREFIX_PATH}:/opt/ros/humble /usr/bin/cmake --build /home/min/dev_ws/my_mobile/build/my_robot_gazebo -- -j12 -l12
[0.368s] DEBUG:colcon.colcon_core.event_handler.log_command:Invoking command in '/home/min/dev_ws/my_mobile/build/my_robot_navigation': CMAKE_PREFIX_PATH=${CMAKE_PREFIX_PATH}:/opt/ros/humble /usr/bin/cmake --build /home/min/dev_ws/my_mobile/build/my_robot_navigation -- -j12 -l12
[0.390s] DEBUG:colcon.colcon_core.event_handler.log_command:Invoked command in '/home/min/dev_ws/my_mobile/build/my_robot_description' returned '0': CMAKE_PREFIX_PATH=${CMAKE_PREFIX_PATH}:/opt/ros/humble /usr/bin/cmake --build /home/min/dev_ws/my_mobile/build/my_robot_description -- -j12 -l12
[0.393s] DEBUG:colcon.colcon_core.event_handler.log_command:Invoked command in '/home/min/dev_ws/my_mobile/build/my_robot_gazebo' returned '0': CMAKE_PREFIX_PATH=${CMAKE_PREFIX_PATH}:/opt/ros/humble /usr/bin/cmake --build /home/min/dev_ws/my_mobile/build/my_robot_gazebo -- -j12 -l12
[0.396s] DEBUG:colcon.colcon_core.event_handler.log_command:Invoked command in '/home/min/dev_ws/my_mobile/build/my_robot_navigation' returned '0': CMAKE_PREFIX_PATH=${CMAKE_PREFIX_PATH}:/opt/ros/humble /usr/bin/cmake --build /home/min/dev_ws/my_mobile/build/my_robot_navigation -- -j12 -l12
[0.414s] DEBUG:colcon.colcon_core.event_handler.log_command:Invoking command in '/home/min/dev_ws/my_mobile/build/my_robot_description': CMAKE_PREFIX_PATH=${CMAKE_PREFIX_PATH}:/opt/ros/humble /usr/bin/cmake --install /home/min/dev_ws/my_mobile/build/my_robot_description
[0.415s] DEBUG:colcon.colcon_core.event_handler.log_command:Invoking command in '/home/min/dev_ws/my_mobile/build/my_robot_navigation': CMAKE_PREFIX_PATH=${CMAKE_PREFIX_PATH}:/opt/ros/humble /usr/bin/cmake --install /home/min/dev_ws/my_mobile/build/my_robot_navigation
[0.416s] DEBUG:colcon.colcon_core.event_handler.log_command:Invoking command in '/home/min/dev_ws/my_mobile/build/my_robot_gazebo': CMAKE_PREFIX_PATH=${CMAKE_PREFIX_PATH}:/opt/ros/humble /usr/bin/cmake --install /home/min/dev_ws/my_mobile/build/my_robot_gazebo
[0.423s] Level 1:colcon.colcon_core.environment:create_environment_scripts_only(my_robot_description)
[0.426s] Level 1:colcon.colcon_core.environment:checking '/home/min/dev_ws/my_mobile/install/my_robot_description' for CMake module files
[0.426s] Level 1:colcon.colcon_core.environment:checking '/home/min/dev_ws/my_mobile/install/my_robot_description' for CMake config files
[0.427s] Level 1:colcon.colcon_core.shell:create_environment_hook('my_robot_description', 'cmake_prefix_path')
[0.428s] INFO:colcon.colcon_core.shell:Creating environment hook '/home/min/dev_ws/my_mobile/install/my_robot_description/share/my_robot_description/hook/cmake_prefix_path.ps1'
[0.428s] INFO:colcon.colcon_core.shell:Creating environment descriptor '/home/min/dev_ws/my_mobile/install/my_robot_description/share/my_robot_description/hook/cmake_prefix_path.dsv'
[0.429s] INFO:colcon.colcon_core.shell:Creating environment hook '/home/min/dev_ws/my_mobile/install/my_robot_description/share/my_robot_description/hook/cmake_prefix_path.sh'
[0.430s] Level 1:colcon.colcon_core.environment:checking '/home/min/dev_ws/my_mobile/install/my_robot_description/bin'
[0.430s] Level 1:colcon.colcon_core.environment:checking '/home/min/dev_ws/my_mobile/install/my_robot_description/lib/pkgconfig/my_robot_description.pc'
[0.430s] Level 1:colcon.colcon_core.environment:checking '/home/min/dev_ws/my_mobile/install/my_robot_description/lib/python3.10/site-packages'
[0.430s] Level 1:colcon.colcon_core.environment:checking '/home/min/dev_ws/my_mobile/install/my_robot_description/bin'
[0.430s] INFO:colcon.colcon_core.shell:Creating package script '/home/min/dev_ws/my_mobile/install/my_robot_description/share/my_robot_description/package.ps1'
[0.431s] INFO:colcon.colcon_core.shell:Creating package descriptor '/home/min/dev_ws/my_mobile/install/my_robot_description/share/my_robot_description/package.dsv'
[0.432s] INFO:colcon.colcon_core.shell:Creating package script '/home/min/dev_ws/my_mobile/install/my_robot_description/share/my_robot_description/package.sh'
[0.432s] INFO:colcon.colcon_core.shell:Creating package script '/home/min/dev_ws/my_mobile/install/my_robot_description/share/my_robot_description/package.bash'
[0.433s] INFO:colcon.colcon_core.shell:Creating package script '/home/min/dev_ws/my_mobile/install/my_robot_description/share/my_robot_description/package.zsh'
[0.434s] Level 1:colcon.colcon_core.environment:create_file_with_runtime_dependencies(/home/min/dev_ws/my_mobile/install/my_robot_description/share/colcon-core/packages/my_robot_description)
[0.434s] DEBUG:colcon.colcon_core.event_handler.log_command:Invoked command in '/home/min/dev_ws/my_mobile/build/my_robot_description' returned '0': CMAKE_PREFIX_PATH=${CMAKE_PREFIX_PATH}:/opt/ros/humble /usr/bin/cmake --install /home/min/dev_ws/my_mobile/build/my_robot_description
[0.435s] Level 1:colcon.colcon_core.environment:create_environment_scripts_only(my_robot_navigation)
[0.435s] Level 1:colcon.colcon_core.environment:checking '/home/min/dev_ws/my_mobile/install/my_robot_navigation' for CMake module files
[0.435s] DEBUG:colcon.colcon_core.event_handler.log_command:Invoked command in '/home/min/dev_ws/my_mobile/build/my_robot_navigation' returned '0': CMAKE_PREFIX_PATH=${CMAKE_PREFIX_PATH}:/opt/ros/humble /usr/bin/cmake --install /home/min/dev_ws/my_mobile/build/my_robot_navigation
[0.435s] Level 1:colcon.colcon_core.environment:checking '/home/min/dev_ws/my_mobile/install/my_robot_navigation' for CMake config files
[0.436s] Level 1:colcon.colcon_core.shell:create_environment_hook('my_robot_navigation', 'cmake_prefix_path')
[0.436s] INFO:colcon.colcon_core.shell:Creating environment hook '/home/min/dev_ws/my_mobile/install/my_robot_navigation/share/my_robot_navigation/hook/cmake_prefix_path.ps1'
[0.436s] INFO:colcon.colcon_core.shell:Creating environment descriptor '/home/min/dev_ws/my_mobile/install/my_robot_navigation/share/my_robot_navigation/hook/cmake_prefix_path.dsv'
[0.436s] INFO:colcon.colcon_core.shell:Creating environment hook '/home/min/dev_ws/my_mobile/install/my_robot_navigation/share/my_robot_navigation/hook/cmake_prefix_path.sh'
[0.437s] Level 1:colcon.colcon_core.environment:checking '/home/min/dev_ws/my_mobile/install/my_robot_navigation/bin'
[0.437s] Level 1:colcon.colcon_core.environment:checking '/home/min/dev_ws/my_mobile/install/my_robot_navigation/lib/pkgconfig/my_robot_navigation.pc'
[0.437s] Level 1:colcon.colcon_core.environment:checking '/home/min/dev_ws/my_mobile/install/my_robot_navigation/lib/python3.10/site-packages'
[0.437s] Level 1:colcon.colcon_core.environment:checking '/home/min/dev_ws/my_mobile/install/my_robot_navigation/bin'
[0.437s] INFO:colcon.colcon_core.shell:Creating package script '/home/min/dev_ws/my_mobile/install/my_robot_navigation/share/my_robot_navigation/package.ps1'
[0.438s] INFO:colcon.colcon_core.shell:Creating package descriptor '/home/min/dev_ws/my_mobile/install/my_robot_navigation/share/my_robot_navigation/package.dsv'
[0.438s] INFO:colcon.colcon_core.shell:Creating package script '/home/min/dev_ws/my_mobile/install/my_robot_navigation/share/my_robot_navigation/package.sh'
[0.438s] INFO:colcon.colcon_core.shell:Creating package script '/home/min/dev_ws/my_mobile/install/my_robot_navigation/share/my_robot_navigation/package.bash'
[0.438s] INFO:colcon.colcon_core.shell:Creating package script '/home/min/dev_ws/my_mobile/install/my_robot_navigation/share/my_robot_navigation/package.zsh'
[0.438s] Level 1:colcon.colcon_core.environment:create_file_with_runtime_dependencies(/home/min/dev_ws/my_mobile/install/my_robot_navigation/share/colcon-core/packages/my_robot_navigation)
[0.439s] Level 1:colcon.colcon_core.environment:create_environment_scripts_only(my_robot_gazebo)
[0.440s] Level 1:colcon.colcon_core.environment:checking '/home/min/dev_ws/my_mobile/install/my_robot_gazebo' for CMake module files
[0.440s] DEBUG:colcon.colcon_core.event_handler.log_command:Invoked command in '/home/min/dev_ws/my_mobile/build/my_robot_gazebo' returned '0': CMAKE_PREFIX_PATH=${CMAKE_PREFIX_PATH}:/opt/ros/humble /usr/bin/cmake --install /home/min/dev_ws/my_mobile/build/my_robot_gazebo
[0.440s] Level 1:colcon.colcon_core.environment:checking '/home/min/dev_ws/my_mobile/install/my_robot_gazebo' for CMake config files
[0.441s] Level 1:colcon.colcon_core.shell:create_environment_hook('my_robot_gazebo', 'cmake_prefix_path')
[0.441s] INFO:colcon.colcon_core.shell:Creating environment hook '/home/min/dev_ws/my_mobile/install/my_robot_gazebo/share/my_robot_gazebo/hook/cmake_prefix_path.ps1'
[0.441s] INFO:colcon.colcon_core.shell:Creating environment descriptor '/home/min/dev_ws/my_mobile/install/my_robot_gazebo/share/my_robot_gazebo/hook/cmake_prefix_path.dsv'
[0.441s] INFO:colcon.colcon_core.shell:Creating environment hook '/home/min/dev_ws/my_mobile/install/my_robot_gazebo/share/my_robot_gazebo/hook/cmake_prefix_path.sh'
[0.442s] Level 1:colcon.colcon_core.environment:checking '/home/min/dev_ws/my_mobile/install/my_robot_gazebo/bin'
[0.442s] Level 1:colcon.colcon_core.environment:checking '/home/min/dev_ws/my_mobile/install/my_robot_gazebo/lib/pkgconfig/my_robot_gazebo.pc'
[0.442s] Level 1:colcon.colcon_core.environment:checking '/home/min/dev_ws/my_mobile/install/my_robot_gazebo/lib/python3.10/site-packages'
[0.442s] Level 1:colcon.colcon_core.environment:checking '/home/min/dev_ws/my_mobile/install/my_robot_gazebo/bin'
[0.442s] INFO:colcon.colcon_core.shell:Creating package script '/home/min/dev_ws/my_mobile/install/my_robot_gazebo/share/my_robot_gazebo/package.ps1'
[0.443s] INFO:colcon.colcon_core.shell:Creating package descriptor '/home/min/dev_ws/my_mobile/install/my_robot_gazebo/share/my_robot_gazebo/package.dsv'
[0.443s] INFO:colcon.colcon_core.shell:Creating package script '/home/min/dev_ws/my_mobile/install/my_robot_gazebo/share/my_robot_gazebo/package.sh'
[0.443s] INFO:colcon.colcon_core.shell:Creating package script '/home/min/dev_ws/my_mobile/install/my_robot_gazebo/share/my_robot_gazebo/package.bash'
[0.443s] INFO:colcon.colcon_core.shell:Creating package script '/home/min/dev_ws/my_mobile/install/my_robot_gazebo/share/my_robot_gazebo/package.zsh'
[0.444s] Level 1:colcon.colcon_core.environment:create_file_with_runtime_dependencies(/home/min/dev_ws/my_mobile/install/my_robot_gazebo/share/colcon-core/packages/my_robot_gazebo)
[0.449s] Level 1:colcon.colcon_core.environment:create_environment_scripts_only(my_robot_description)
[0.450s] Level 1:colcon.colcon_core.environment:checking '/home/min/dev_ws/my_mobile/install/my_robot_description' for CMake module files
[0.450s] Level 1:colcon.colcon_core.environment:checking '/home/min/dev_ws/my_mobile/install/my_robot_description' for CMake config files
[0.450s] Level 1:colcon.colcon_core.shell:create_environment_hook('my_robot_description', 'cmake_prefix_path')
[0.451s] INFO:colcon.colcon_core.shell:Creating environment hook '/home/min/dev_ws/my_mobile/install/my_robot_description/share/my_robot_description/hook/cmake_prefix_path.ps1'
[0.451s] INFO:colcon.colcon_core.shell:Creating environment descriptor '/home/min/dev_ws/my_mobile/install/my_robot_description/share/my_robot_description/hook/cmake_prefix_path.dsv'
[0.451s] INFO:colcon.colcon_core.shell:Creating environment hook '/home/min/dev_ws/my_mobile/install/my_robot_description/share/my_robot_description/hook/cmake_prefix_path.sh'
[0.452s] Level 1:colcon.colcon_core.environment:checking '/home/min/dev_ws/my_mobile/install/my_robot_description/bin'
[0.452s] Level 1:colcon.colcon_core.environment:checking '/home/min/dev_ws/my_mobile/install/my_robot_description/lib/pkgconfig/my_robot_description.pc'
[0.452s] Level 1:colcon.colcon_core.environment:checking '/home/min/dev_ws/my_mobile/install/my_robot_description/lib/python3.10/site-packages'
[0.453s] Level 1:colcon.colcon_core.environment:checking '/home/min/dev_ws/my_mobile/install/my_robot_description/bin'
[0.453s] INFO:colcon.colcon_core.shell:Creating package script '/home/min/dev_ws/my_mobile/install/my_robot_description/share/my_robot_description/package.ps1'
[0.453s] INFO:colcon.colcon_core.shell:Creating package descriptor '/home/min/dev_ws/my_mobile/install/my_robot_description/share/my_robot_description/package.dsv'
[0.454s] INFO:colcon.colcon_core.shell:Creating package script '/home/min/dev_ws/my_mobile/install/my_robot_description/share/my_robot_description/package.sh'
[0.454s] INFO:colcon.colcon_core.shell:Creating package script '/home/min/dev_ws/my_mobile/install/my_robot_description/share/my_robot_description/package.bash'
[0.455s] INFO:colcon.colcon_core.shell:Creating package script '/home/min/dev_ws/my_mobile/install/my_robot_description/share/my_robot_description/package.zsh'
[0.455s] Level 1:colcon.colcon_core.environment:create_file_with_runtime_dependencies(/home/min/dev_ws/my_mobile/install/my_robot_description/share/colcon-core/packages/my_robot_description)
[0.456s] Level 1:colcon.colcon_core.environment:create_environment_scripts_only(my_robot_navigation)
[0.456s] Level 1:colcon.colcon_core.environment:checking '/home/min/dev_ws/my_mobile/install/my_robot_navigation' for CMake module files
[0.456s] Level 1:colcon.colcon_core.environment:checking '/home/min/dev_ws/my_mobile/install/my_robot_navigation' for CMake config files
[0.457s] Level 1:colcon.colcon_core.shell:create_environment_hook('my_robot_navigation', 'cmake_prefix_path')
[0.457s] INFO:colcon.colcon_core.shell:Creating environment hook '/home/min/dev_ws/my_mobile/install/my_robot_navigation/share/my_robot_navigation/hook/cmake_prefix_path.ps1'
[0.457s] INFO:colcon.colcon_core.shell:Creating environment descriptor '/home/min/dev_ws/my_mobile/install/my_robot_navigation/share/my_robot_navigation/hook/cmake_prefix_path.dsv'
[0.457s] INFO:colcon.colcon_core.shell:Creating environment hook '/home/min/dev_ws/my_mobile/install/my_robot_navigation/share/my_robot_navigation/hook/cmake_prefix_path.sh'
[0.458s] Level 1:colcon.colcon_core.environment:checking '/home/min/dev_ws/my_mobile/install/my_robot_navigation/bin'
[0.458s] Level 1:colcon.colcon_core.environment:checking '/home/min/dev_ws/my_mobile/install/my_robot_navigation/lib/pkgconfig/my_robot_navigation.pc'
[0.458s] Level 1:colcon.colcon_core.environment:checking '/home/min/dev_ws/my_mobile/install/my_robot_navigation/lib/python3.10/site-packages'
[0.459s] Level 1:colcon.colcon_core.environment:checking '/home/min/dev_ws/my_mobile/install/my_robot_navigation/bin'
[0.459s] INFO:colcon.colcon_core.shell:Creating package script '/home/min/dev_ws/my_mobile/install/my_robot_navigation/share/my_robot_navigation/package.ps1'
[0.459s] INFO:colcon.colcon_core.shell:Creating package descriptor '/home/min/dev_ws/my_mobile/install/my_robot_navigation/share/my_robot_navigation/package.dsv'
[0.460s] INFO:colcon.colcon_core.shell:Creating package script '/home/min/dev_ws/my_mobile/install/my_robot_navigation/share/my_robot_navigation/package.sh'
[0.460s] INFO:colcon.colcon_core.shell:Creating package script '/home/min/dev_ws/my_mobile/install/my_robot_navigation/share/my_robot_navigation/package.bash'
[0.460s] INFO:colcon.colcon_core.shell:Creating package script '/home/min/dev_ws/my_mobile/install/my_robot_navigation/share/my_robot_navigation/package.zsh'
[0.461s] Level 1:colcon.colcon_core.environment:create_file_with_runtime_dependencies(/home/min/dev_ws/my_mobile/install/my_robot_navigation/share/colcon-core/packages/my_robot_navigation)
[0.462s] Level 1:colcon.colcon_core.environment:create_environment_scripts_only(my_robot_gazebo)
[0.462s] Level 1:colcon.colcon_core.environment:checking '/home/min/dev_ws/my_mobile/install/my_robot_gazebo' for CMake module files
[0.462s] Level 1:colcon.colcon_core.environment:checking '/home/min/dev_ws/my_mobile/install/my_robot_gazebo' for CMake config files
[0.462s] Level 1:colcon.colcon_core.shell:create_environment_hook('my_robot_gazebo', 'cmake_prefix_path')
[0.462s] INFO:colcon.colcon_core.shell:Creating environment hook '/home/min/dev_ws/my_mobile/install/my_robot_gazebo/share/my_robot_gazebo/hook/cmake_prefix_path.ps1'
[0.463s] INFO:colcon.colcon_core.shell:Creating environment descriptor '/home/min/dev_ws/my_mobile/install/my_robot_gazebo/share/my_robot_gazebo/hook/cmake_prefix_path.dsv'
[0.463s] INFO:colcon.colcon_core.shell:Creating environment hook '/home/min/dev_ws/my_mobile/install/my_robot_gazebo/share/my_robot_gazebo/hook/cmake_prefix_path.sh'
[0.463s] Level 1:colcon.colcon_core.environment:checking '/home/min/dev_ws/my_mobile/install/my_robot_gazebo/bin'
[0.463s] Level 1:colcon.colcon_core.environment:checking '/home/min/dev_ws/my_mobile/install/my_robot_gazebo/lib/pkgconfig/my_robot_gazebo.pc'
[0.463s] Level 1:colcon.colcon_core.environment:checking '/home/min/dev_ws/my_mobile/install/my_robot_gazebo/lib/python3.10/site-packages'
[0.464s] Level 1:colcon.colcon_core.environment:checking '/home/min/dev_ws/my_mobile/install/my_robot_gazebo/bin'
[0.464s] INFO:colcon.colcon_core.shell:Creating package script '/home/min/dev_ws/my_mobile/install/my_robot_gazebo/share/my_robot_gazebo/package.ps1'
[0.464s] INFO:colcon.colcon_core.shell:Creating package descriptor '/home/min/dev_ws/my_mobile/install/my_robot_gazebo/share/my_robot_gazebo/package.dsv'
[0.465s] INFO:colcon.colcon_core.shell:Creating package script '/home/min/dev_ws/my_mobile/install/my_robot_gazebo/share/my_robot_gazebo/package.sh'
[0.465s] INFO:colcon.colcon_core.shell:Creating package script '/home/min/dev_ws/my_mobile/install/my_robot_gazebo/share/my_robot_gazebo/package.bash'
[0.465s] INFO:colcon.colcon_core.shell:Creating package script '/home/min/dev_ws/my_mobile/install/my_robot_gazebo/share/my_robot_gazebo/package.zsh'
[0.465s] Level 1:colcon.colcon_core.environment:create_file_with_runtime_dependencies(/home/min/dev_ws/my_mobile/install/my_robot_gazebo/share/colcon-core/packages/my_robot_gazebo)
[0.466s] DEBUG:colcon.colcon_parallel_executor.executor.parallel:closing loop
[0.466s] DEBUG:colcon.colcon_parallel_executor.executor.parallel:loop closed
[0.466s] DEBUG:colcon.colcon_parallel_executor.executor.parallel:run_until_complete finished with '0'
[0.466s] DEBUG:colcon.colcon_core.event_reactor:joining thread
[0.470s] INFO:colcon.colcon_core.plugin_system:Skipping extension 'colcon_notification.desktop_notification.terminal_notifier': Not used on non-Darwin systems
[0.470s] INFO:colcon.colcon_core.plugin_system:Skipping extension 'colcon_notification.desktop_notification.win32': Not used on non-Windows systems
[0.470s] INFO:colcon.colcon_notification.desktop_notification:Sending desktop notification using 'notify2'
[0.479s] DEBUG:colcon.colcon_core.event_reactor:joined thread
[0.479s] INFO:colcon.colcon_core.shell:Creating prefix script '/home/min/dev_ws/my_mobile/install/local_setup.ps1'
[0.480s] INFO:colcon.colcon_core.shell:Creating prefix util module '/home/min/dev_ws/my_mobile/install/_local_setup_util_ps1.py'
[0.481s] INFO:colcon.colcon_core.shell:Creating prefix chain script '/home/min/dev_ws/my_mobile/install/setup.ps1'
[0.481s] INFO:colcon.colcon_core.shell:Creating prefix script '/home/min/dev_ws/my_mobile/install/local_setup.sh'
[0.482s] INFO:colcon.colcon_core.shell:Creating prefix util module '/home/min/dev_ws/my_mobile/install/_local_setup_util_sh.py'
[0.482s] INFO:colcon.colcon_core.shell:Creating prefix chain script '/home/min/dev_ws/my_mobile/install/setup.sh'
[0.483s] INFO:colcon.colcon_core.shell:Creating prefix script '/home/min/dev_ws/my_mobile/install/local_setup.bash'
[0.483s] INFO:colcon.colcon_core.shell:Creating prefix chain script '/home/min/dev_ws/my_mobile/install/setup.bash'
[0.484s] INFO:colcon.colcon_core.shell:Creating prefix script '/home/min/dev_ws/my_mobile/install/local_setup.zsh'
[0.484s] INFO:colcon.colcon_core.shell:Creating prefix chain script '/home/min/dev_ws/my_mobile/install/setup.zsh'
