[0.022s] Invoking command in '/home/min/dev_ws/my_mobile/build/my_robot_gazebo': /usr/bin/cmake --build /home/min/dev_ws/my_mobile/build/my_robot_gazebo -- -j12 -l12
[0.115s] Invoked command in '/home/min/dev_ws/my_mobile/build/my_robot_gazebo' returned '0': /usr/bin/cmake --build /home/min/dev_ws/my_mobile/build/my_robot_gazebo -- -j12 -l12
[0.182s] Invoking command in '/home/min/dev_ws/my_mobile/build/my_robot_gazebo': /usr/bin/cmake --install /home/min/dev_ws/my_mobile/build/my_robot_gazebo
[0.211s] -- Install configuration: ""
[0.211s] -- Up-to-date: /home/min/dev_ws/my_mobile/install/my_robot_gazebo/share/my_robot_gazebo/launch
[0.211s] -- Up-to-date: /home/min/dev_ws/my_mobile/install/my_robot_gazebo/share/my_robot_gazebo/launch/launch_sim.launch.xml
[0.211s] -- Up-to-date: /home/min/dev_ws/my_mobile/install/my_robot_gazebo/share/my_robot_gazebo/config
[0.212s] -- Up-to-date: /home/min/dev_ws/my_mobile/install/my_robot_gazebo/share/my_robot_gazebo/config/my_controllers.yaml
[0.212s] -- Up-to-date: /home/min/dev_ws/my_mobile/install/my_robot_gazebo/share/ament_index/resource_index/package_run_dependencies/my_robot_gazebo
[0.212s] -- Up-to-date: /home/min/dev_ws/my_mobile/install/my_robot_gazebo/share/ament_index/resource_index/parent_prefix_path/my_robot_gazebo
[0.213s] -- Up-to-date: /home/min/dev_ws/my_mobile/install/my_robot_gazebo/share/my_robot_gazebo/environment/ament_prefix_path.sh
[0.214s] -- Up-to-date: /home/min/dev_ws/my_mobile/install/my_robot_gazebo/share/my_robot_gazebo/environment/ament_prefix_path.dsv
[0.215s] -- Up-to-date: /home/min/dev_ws/my_mobile/install/my_robot_gazebo/share/my_robot_gazebo/environment/path.sh
[0.218s] -- Up-to-date: /home/min/dev_ws/my_mobile/install/my_robot_gazebo/share/my_robot_gazebo/environment/path.dsv
[0.218s] -- Up-to-date: /home/min/dev_ws/my_mobile/install/my_robot_gazebo/share/my_robot_gazebo/local_setup.bash
[0.219s] -- Up-to-date: /home/min/dev_ws/my_mobile/install/my_robot_gazebo/share/my_robot_gazebo/local_setup.sh
[0.219s] -- Up-to-date: /home/min/dev_ws/my_mobile/install/my_robot_gazebo/share/my_robot_gazebo/local_setup.zsh
[0.219s] -- Up-to-date: /home/min/dev_ws/my_mobile/install/my_robot_gazebo/share/my_robot_gazebo/local_setup.dsv
[0.225s] -- Installing: /home/min/dev_ws/my_mobile/install/my_robot_gazebo/share/my_robot_gazebo/package.dsv
[0.226s] -- Up-to-date: /home/min/dev_ws/my_mobile/install/my_robot_gazebo/share/ament_index/resource_index/packages/my_robot_gazebo
[0.227s] -- Up-to-date: /home/min/dev_ws/my_mobile/install/my_robot_gazebo/share/my_robot_gazebo/cmake/my_robot_gazeboConfig.cmake
[0.227s] -- Up-to-date: /home/min/dev_ws/my_mobile/install/my_robot_gazebo/share/my_robot_gazebo/cmake/my_robot_gazeboConfig-version.cmake
[0.228s] -- Up-to-date: /home/min/dev_ws/my_mobile/install/my_robot_gazebo/share/my_robot_gazebo/package.xml
[0.259s] Invoked command in '/home/min/dev_ws/my_mobile/build/my_robot_gazebo' returned '0': /usr/bin/cmake --install /home/min/dev_ws/my_mobile/build/my_robot_gazebo
