[0.229s] DEBUG:colcon:Command line arguments: ['/usr/bin/colcon', 'build']
[0.230s] DEBUG:colcon:Parsed command line arguments: Namespace(log_base=None, log_level=None, verb_name='build', build_base='build', install_base='install', merge_install=False, symlink_install=False, test_result_base=None, continue_on_error=False, executor='parallel', parallel_workers=12, event_handlers=None, ignore_user_meta=False, metas=['./colcon.meta'], base_paths=['.'], packages_ignore=None, packages_ignore_regex=None, paths=None, packages_up_to=None, packages_up_to_regex=None, packages_above=None, packages_above_and_dependencies=None, packages_above_depth=None, packages_select_by_dep=None, packages_skip_by_dep=None, packages_skip_up_to=None, packages_select_build_failed=False, packages_skip_build_finished=False, packages_select_test_failures=False, packages_skip_test_passed=False, packages_select=None, packages_skip=None, packages_select_regex=None, packages_skip_regex=None, packages_start=None, packages_end=None, allow_overriding=[], cmake_args=None, cmake_target=None, cmake_target_skip_unavailable=False, cmake_clean_cache=False, cmake_clean_first=False, cmake_force_configure=False, ament_cmake_args=None, catkin_cmake_args=None, catkin_skip_building_tests=False, mixin_files=None, mixin=None, verb_parser=<colcon_mixin.mixin.mixin_argument.MixinArgumentDecorator object at 0x744ca1a6d660>, verb_extension=<colcon_core.verb.build.BuildVerb object at 0x744ca1a6cc40>, main=<bound method BuildVerb.main of <colcon_core.verb.build.BuildVerb object at 0x744ca1a6cc40>>, mixin_verb=('build',))
[0.571s] Level 1:colcon.colcon_core.package_discovery:discover_packages(colcon_meta) check parameters
[0.571s] Level 1:colcon.colcon_core.package_discovery:discover_packages(recursive) check parameters
[0.571s] Level 1:colcon.colcon_core.package_discovery:discover_packages(ignore) check parameters
[0.571s] Level 1:colcon.colcon_core.package_discovery:discover_packages(path) check parameters
[0.571s] Level 1:colcon.colcon_core.package_discovery:discover_packages(colcon_meta) discover
[0.571s] Level 1:colcon.colcon_core.package_discovery:discover_packages(recursive) discover
[0.571s] INFO:colcon.colcon_core.package_discovery:Crawling recursively for packages in '/home/min/dev_ws/my_mobile'
[0.571s] Level 1:colcon.colcon_core.package_identification:_identify(.) by extensions ['ignore', 'ignore_ament_install']
[0.571s] Level 1:colcon.colcon_core.package_identification:_identify(.) by extension 'ignore'
[0.571s] Level 1:colcon.colcon_core.package_identification:_identify(.) by extension 'ignore_ament_install'
[0.571s] Level 1:colcon.colcon_core.package_identification:_identify(.) by extensions ['colcon_pkg']
[0.571s] Level 1:colcon.colcon_core.package_identification:_identify(.) by extension 'colcon_pkg'
[0.571s] Level 1:colcon.colcon_core.package_identification:_identify(.) by extensions ['colcon_meta']
[0.571s] Level 1:colcon.colcon_core.package_identification:_identify(.) by extension 'colcon_meta'
[0.571s] Level 1:colcon.colcon_core.package_identification:_identify(.) by extensions ['ros']
[0.571s] Level 1:colcon.colcon_core.package_identification:_identify(.) by extension 'ros'
[0.633s] Level 1:colcon.colcon_core.package_identification:_identify(.) by extensions ['cmake', 'python']
[0.633s] Level 1:colcon.colcon_core.package_identification:_identify(.) by extension 'cmake'
[0.633s] Level 1:colcon.colcon_core.package_identification:_identify(.) by extension 'python'
[0.633s] Level 1:colcon.colcon_core.package_identification:_identify(.) by extensions ['python_setup_py']
[0.634s] Level 1:colcon.colcon_core.package_identification:_identify(.) by extension 'python_setup_py'
[0.634s] Level 1:colcon.colcon_core.package_identification:_identify(build) by extensions ['ignore', 'ignore_ament_install']
[0.634s] Level 1:colcon.colcon_core.package_identification:_identify(build) by extension 'ignore'
[0.634s] Level 1:colcon.colcon_core.package_identification:_identify(build) ignored
[0.634s] Level 1:colcon.colcon_core.package_identification:_identify(install) by extensions ['ignore', 'ignore_ament_install']
[0.634s] Level 1:colcon.colcon_core.package_identification:_identify(install) by extension 'ignore'
[0.634s] Level 1:colcon.colcon_core.package_identification:_identify(install) ignored
[0.634s] Level 1:colcon.colcon_core.package_identification:_identify(log) by extensions ['ignore', 'ignore_ament_install']
[0.634s] Level 1:colcon.colcon_core.package_identification:_identify(log) by extension 'ignore'
[0.634s] Level 1:colcon.colcon_core.package_identification:_identify(log) ignored
[0.635s] Level 1:colcon.colcon_core.package_identification:_identify(src) by extensions ['ignore', 'ignore_ament_install']
[0.635s] Level 1:colcon.colcon_core.package_identification:_identify(src) by extension 'ignore'
[0.635s] Level 1:colcon.colcon_core.package_identification:_identify(src) by extension 'ignore_ament_install'
[0.635s] Level 1:colcon.colcon_core.package_identification:_identify(src) by extensions ['colcon_pkg']
[0.635s] Level 1:colcon.colcon_core.package_identification:_identify(src) by extension 'colcon_pkg'
[0.635s] Level 1:colcon.colcon_core.package_identification:_identify(src) by extensions ['colcon_meta']
[0.635s] Level 1:colcon.colcon_core.package_identification:_identify(src) by extension 'colcon_meta'
[0.635s] Level 1:colcon.colcon_core.package_identification:_identify(src) by extensions ['ros']
[0.635s] Level 1:colcon.colcon_core.package_identification:_identify(src) by extension 'ros'
[0.635s] Level 1:colcon.colcon_core.package_identification:_identify(src) by extensions ['cmake', 'python']
[0.635s] Level 1:colcon.colcon_core.package_identification:_identify(src) by extension 'cmake'
[0.635s] Level 1:colcon.colcon_core.package_identification:_identify(src) by extension 'python'
[0.635s] Level 1:colcon.colcon_core.package_identification:_identify(src) by extensions ['python_setup_py']
[0.635s] Level 1:colcon.colcon_core.package_identification:_identify(src) by extension 'python_setup_py'
[0.635s] Level 1:colcon.colcon_core.package_identification:_identify(src/my_robot_description) by extensions ['ignore', 'ignore_ament_install']
[0.635s] Level 1:colcon.colcon_core.package_identification:_identify(src/my_robot_description) by extension 'ignore'
[0.635s] Level 1:colcon.colcon_core.package_identification:_identify(src/my_robot_description) by extension 'ignore_ament_install'
[0.635s] Level 1:colcon.colcon_core.package_identification:_identify(src/my_robot_description) by extensions ['colcon_pkg']
[0.635s] Level 1:colcon.colcon_core.package_identification:_identify(src/my_robot_description) by extension 'colcon_pkg'
[0.635s] Level 1:colcon.colcon_core.package_identification:_identify(src/my_robot_description) by extensions ['colcon_meta']
[0.635s] Level 1:colcon.colcon_core.package_identification:_identify(src/my_robot_description) by extension 'colcon_meta'
[0.635s] Level 1:colcon.colcon_core.package_identification:_identify(src/my_robot_description) by extensions ['ros']
[0.636s] Level 1:colcon.colcon_core.package_identification:_identify(src/my_robot_description) by extension 'ros'
[0.649s] DEBUG:colcon.colcon_core.package_identification:Package 'src/my_robot_description' with type 'ros.ament_cmake' and name 'my_robot_description'
[0.649s] Level 1:colcon.colcon_core.package_identification:_identify(src/my_robot_gazebo) by extensions ['ignore', 'ignore_ament_install']
[0.650s] Level 1:colcon.colcon_core.package_identification:_identify(src/my_robot_gazebo) by extension 'ignore'
[0.650s] Level 1:colcon.colcon_core.package_identification:_identify(src/my_robot_gazebo) by extension 'ignore_ament_install'
[0.650s] Level 1:colcon.colcon_core.package_identification:_identify(src/my_robot_gazebo) by extensions ['colcon_pkg']
[0.650s] Level 1:colcon.colcon_core.package_identification:_identify(src/my_robot_gazebo) by extension 'colcon_pkg'
[0.650s] Level 1:colcon.colcon_core.package_identification:_identify(src/my_robot_gazebo) by extensions ['colcon_meta']
[0.650s] Level 1:colcon.colcon_core.package_identification:_identify(src/my_robot_gazebo) by extension 'colcon_meta'
[0.650s] Level 1:colcon.colcon_core.package_identification:_identify(src/my_robot_gazebo) by extensions ['ros']
[0.650s] Level 1:colcon.colcon_core.package_identification:_identify(src/my_robot_gazebo) by extension 'ros'
[0.651s] DEBUG:colcon.colcon_core.package_identification:Package 'src/my_robot_gazebo' with type 'ros.ament_cmake' and name 'my_robot_gazebo'
[0.651s] Level 1:colcon.colcon_core.package_identification:_identify(src/my_robot_navigation) by extensions ['ignore', 'ignore_ament_install']
[0.651s] Level 1:colcon.colcon_core.package_identification:_identify(src/my_robot_navigation) by extension 'ignore'
[0.652s] Level 1:colcon.colcon_core.package_identification:_identify(src/my_robot_navigation) by extension 'ignore_ament_install'
[0.652s] Level 1:colcon.colcon_core.package_identification:_identify(src/my_robot_navigation) by extensions ['colcon_pkg']
[0.652s] Level 1:colcon.colcon_core.package_identification:_identify(src/my_robot_navigation) by extension 'colcon_pkg'
[0.652s] Level 1:colcon.colcon_core.package_identification:_identify(src/my_robot_navigation) by extensions ['colcon_meta']
[0.652s] Level 1:colcon.colcon_core.package_identification:_identify(src/my_robot_navigation) by extension 'colcon_meta'
[0.652s] Level 1:colcon.colcon_core.package_identification:_identify(src/my_robot_navigation) by extensions ['ros']
[0.652s] Level 1:colcon.colcon_core.package_identification:_identify(src/my_robot_navigation) by extension 'ros'
[0.653s] DEBUG:colcon.colcon_core.package_identification:Package 'src/my_robot_navigation' with type 'ros.ament_cmake' and name 'my_robot_navigation'
[0.653s] Level 1:colcon.colcon_core.package_discovery:discover_packages(recursive) using defaults
[0.653s] Level 1:colcon.colcon_core.package_discovery:discover_packages(ignore) discover
[0.653s] Level 1:colcon.colcon_core.package_discovery:discover_packages(ignore) using defaults
[0.653s] Level 1:colcon.colcon_core.package_discovery:discover_packages(path) discover
[0.653s] Level 1:colcon.colcon_core.package_discovery:discover_packages(path) using defaults
[0.705s] Level 1:colcon.colcon_core.package_discovery:discover_packages(prefix_path) check parameters
[0.706s] Level 1:colcon.colcon_core.package_discovery:discover_packages(prefix_path) discover
[0.712s] DEBUG:colcon.colcon_installed_package_information.package_discovery:Found 3 installed packages in /home/min/dev_ws/my_mobile/install
[0.716s] DEBUG:colcon.colcon_installed_package_information.package_discovery:Found 382 installed packages in /opt/ros/humble
[0.719s] Level 1:colcon.colcon_core.package_discovery:discover_packages(prefix_path) using defaults
[0.806s] Level 5:colcon.colcon_core.verb:set package 'my_robot_description' build argument 'cmake_args' from command line to 'None'
[0.807s] Level 5:colcon.colcon_core.verb:set package 'my_robot_description' build argument 'cmake_target' from command line to 'None'
[0.807s] Level 5:colcon.colcon_core.verb:set package 'my_robot_description' build argument 'cmake_target_skip_unavailable' from command line to 'False'
[0.807s] Level 5:colcon.colcon_core.verb:set package 'my_robot_description' build argument 'cmake_clean_cache' from command line to 'False'
[0.807s] Level 5:colcon.colcon_core.verb:set package 'my_robot_description' build argument 'cmake_clean_first' from command line to 'False'
[0.807s] Level 5:colcon.colcon_core.verb:set package 'my_robot_description' build argument 'cmake_force_configure' from command line to 'False'
[0.807s] Level 5:colcon.colcon_core.verb:set package 'my_robot_description' build argument 'ament_cmake_args' from command line to 'None'
[0.807s] Level 5:colcon.colcon_core.verb:set package 'my_robot_description' build argument 'catkin_cmake_args' from command line to 'None'
[0.807s] Level 5:colcon.colcon_core.verb:set package 'my_robot_description' build argument 'catkin_skip_building_tests' from command line to 'False'
[0.807s] DEBUG:colcon.colcon_core.verb:Building package 'my_robot_description' with the following arguments: {'ament_cmake_args': None, 'build_base': '/home/min/dev_ws/my_mobile/build/my_robot_description', 'catkin_cmake_args': None, 'catkin_skip_building_tests': False, 'cmake_args': None, 'cmake_clean_cache': False, 'cmake_clean_first': False, 'cmake_force_configure': False, 'cmake_target': None, 'cmake_target_skip_unavailable': False, 'install_base': '/home/min/dev_ws/my_mobile/install/my_robot_description', 'merge_install': False, 'path': '/home/min/dev_ws/my_mobile/src/my_robot_description', 'symlink_install': False, 'test_result_base': None}
[0.808s] Level 5:colcon.colcon_core.verb:set package 'my_robot_gazebo' build argument 'cmake_args' from command line to 'None'
[0.808s] Level 5:colcon.colcon_core.verb:set package 'my_robot_gazebo' build argument 'cmake_target' from command line to 'None'
[0.808s] Level 5:colcon.colcon_core.verb:set package 'my_robot_gazebo' build argument 'cmake_target_skip_unavailable' from command line to 'False'
[0.808s] Level 5:colcon.colcon_core.verb:set package 'my_robot_gazebo' build argument 'cmake_clean_cache' from command line to 'False'
[0.808s] Level 5:colcon.colcon_core.verb:set package 'my_robot_gazebo' build argument 'cmake_clean_first' from command line to 'False'
[0.808s] Level 5:colcon.colcon_core.verb:set package 'my_robot_gazebo' build argument 'cmake_force_configure' from command line to 'False'
[0.808s] Level 5:colcon.colcon_core.verb:set package 'my_robot_gazebo' build argument 'ament_cmake_args' from command line to 'None'
[0.808s] Level 5:colcon.colcon_core.verb:set package 'my_robot_gazebo' build argument 'catkin_cmake_args' from command line to 'None'
[0.808s] Level 5:colcon.colcon_core.verb:set package 'my_robot_gazebo' build argument 'catkin_skip_building_tests' from command line to 'False'
[0.808s] DEBUG:colcon.colcon_core.verb:Building package 'my_robot_gazebo' with the following arguments: {'ament_cmake_args': None, 'build_base': '/home/min/dev_ws/my_mobile/build/my_robot_gazebo', 'catkin_cmake_args': None, 'catkin_skip_building_tests': False, 'cmake_args': None, 'cmake_clean_cache': False, 'cmake_clean_first': False, 'cmake_force_configure': False, 'cmake_target': None, 'cmake_target_skip_unavailable': False, 'install_base': '/home/min/dev_ws/my_mobile/install/my_robot_gazebo', 'merge_install': False, 'path': '/home/min/dev_ws/my_mobile/src/my_robot_gazebo', 'symlink_install': False, 'test_result_base': None}
[0.809s] Level 5:colcon.colcon_core.verb:set package 'my_robot_navigation' build argument 'cmake_args' from command line to 'None'
[0.809s] Level 5:colcon.colcon_core.verb:set package 'my_robot_navigation' build argument 'cmake_target' from command line to 'None'
[0.809s] Level 5:colcon.colcon_core.verb:set package 'my_robot_navigation' build argument 'cmake_target_skip_unavailable' from command line to 'False'
[0.809s] Level 5:colcon.colcon_core.verb:set package 'my_robot_navigation' build argument 'cmake_clean_cache' from command line to 'False'
[0.809s] Level 5:colcon.colcon_core.verb:set package 'my_robot_navigation' build argument 'cmake_clean_first' from command line to 'False'
[0.809s] Level 5:colcon.colcon_core.verb:set package 'my_robot_navigation' build argument 'cmake_force_configure' from command line to 'False'
[0.809s] Level 5:colcon.colcon_core.verb:set package 'my_robot_navigation' build argument 'ament_cmake_args' from command line to 'None'
[0.809s] Level 5:colcon.colcon_core.verb:set package 'my_robot_navigation' build argument 'catkin_cmake_args' from command line to 'None'
[0.809s] Level 5:colcon.colcon_core.verb:set package 'my_robot_navigation' build argument 'catkin_skip_building_tests' from command line to 'False'
[0.809s] DEBUG:colcon.colcon_core.verb:Building package 'my_robot_navigation' with the following arguments: {'ament_cmake_args': None, 'build_base': '/home/min/dev_ws/my_mobile/build/my_robot_navigation', 'catkin_cmake_args': None, 'catkin_skip_building_tests': False, 'cmake_args': None, 'cmake_clean_cache': False, 'cmake_clean_first': False, 'cmake_force_configure': False, 'cmake_target': None, 'cmake_target_skip_unavailable': False, 'install_base': '/home/min/dev_ws/my_mobile/install/my_robot_navigation', 'merge_install': False, 'path': '/home/min/dev_ws/my_mobile/src/my_robot_navigation', 'symlink_install': False, 'test_result_base': None}
[0.809s] INFO:colcon.colcon_core.executor:Executing jobs using 'parallel' executor
[0.810s] DEBUG:colcon.colcon_parallel_executor.executor.parallel:run_until_complete
[0.810s] INFO:colcon.colcon_ros.task.ament_cmake.build:Building ROS package in '/home/min/dev_ws/my_mobile/src/my_robot_description' with build type 'ament_cmake'
[0.811s] INFO:colcon.colcon_cmake.task.cmake.build:Building CMake package in '/home/min/dev_ws/my_mobile/src/my_robot_description'
[0.813s] INFO:colcon.colcon_core.plugin_system:Skipping extension 'colcon_core.shell.bat': Not used on non-Windows systems
[0.813s] INFO:colcon.colcon_core.shell:Skip shell extension 'powershell' for command environment: Not usable outside of PowerShell
[0.814s] DEBUG:colcon.colcon_core.shell:Skip shell extension 'dsv' for command environment
[0.826s] INFO:colcon.colcon_ros.task.ament_cmake.build:Building ROS package in '/home/min/dev_ws/my_mobile/src/my_robot_gazebo' with build type 'ament_cmake'
[0.828s] INFO:colcon.colcon_cmake.task.cmake.build:Building CMake package in '/home/min/dev_ws/my_mobile/src/my_robot_gazebo'
[0.832s] INFO:colcon.colcon_core.shell:Skip shell extension 'powershell' for command environment: Not usable outside of PowerShell
[0.832s] DEBUG:colcon.colcon_core.shell:Skip shell extension 'dsv' for command environment
[0.843s] INFO:colcon.colcon_ros.task.ament_cmake.build:Building ROS package in '/home/min/dev_ws/my_mobile/src/my_robot_navigation' with build type 'ament_cmake'
[0.844s] INFO:colcon.colcon_cmake.task.cmake.build:Building CMake package in '/home/min/dev_ws/my_mobile/src/my_robot_navigation'
[0.846s] INFO:colcon.colcon_core.shell:Skip shell extension 'powershell' for command environment: Not usable outside of PowerShell
[0.846s] DEBUG:colcon.colcon_core.shell:Skip shell extension 'dsv' for command environment
[0.871s] DEBUG:colcon.colcon_core.event_handler.log_command:Invoking command in '/home/min/dev_ws/my_mobile/build/my_robot_description': CMAKE_PREFIX_PATH=${CMAKE_PREFIX_PATH}:/opt/ros/humble /usr/bin/cmake --build /home/min/dev_ws/my_mobile/build/my_robot_description -- -j12 -l12
[0.886s] DEBUG:colcon.colcon_core.event_handler.log_command:Invoking command in '/home/min/dev_ws/my_mobile/build/my_robot_gazebo': CMAKE_PREFIX_PATH=${CMAKE_PREFIX_PATH}:/opt/ros/humble /usr/bin/cmake --build /home/min/dev_ws/my_mobile/build/my_robot_gazebo -- -j12 -l12
[0.899s] DEBUG:colcon.colcon_core.event_handler.log_command:Invoking command in '/home/min/dev_ws/my_mobile/build/my_robot_navigation': CMAKE_PREFIX_PATH=${CMAKE_PREFIX_PATH}:/opt/ros/humble /usr/bin/cmake --build /home/min/dev_ws/my_mobile/build/my_robot_navigation -- -j12 -l12
[0.988s] DEBUG:colcon.colcon_core.event_handler.log_command:Invoked command in '/home/min/dev_ws/my_mobile/build/my_robot_description' returned '0': CMAKE_PREFIX_PATH=${CMAKE_PREFIX_PATH}:/opt/ros/humble /usr/bin/cmake --build /home/min/dev_ws/my_mobile/build/my_robot_description -- -j12 -l12
[1.004s] DEBUG:colcon.colcon_core.event_handler.log_command:Invoked command in '/home/min/dev_ws/my_mobile/build/my_robot_gazebo' returned '0': CMAKE_PREFIX_PATH=${CMAKE_PREFIX_PATH}:/opt/ros/humble /usr/bin/cmake --build /home/min/dev_ws/my_mobile/build/my_robot_gazebo -- -j12 -l12
[1.006s] DEBUG:colcon.colcon_core.event_handler.log_command:Invoked command in '/home/min/dev_ws/my_mobile/build/my_robot_navigation' returned '0': CMAKE_PREFIX_PATH=${CMAKE_PREFIX_PATH}:/opt/ros/humble /usr/bin/cmake --build /home/min/dev_ws/my_mobile/build/my_robot_navigation -- -j12 -l12
[1.064s] DEBUG:colcon.colcon_core.event_handler.log_command:Invoking command in '/home/min/dev_ws/my_mobile/build/my_robot_description': CMAKE_PREFIX_PATH=${CMAKE_PREFIX_PATH}:/opt/ros/humble /usr/bin/cmake --install /home/min/dev_ws/my_mobile/build/my_robot_description
[1.068s] DEBUG:colcon.colcon_core.event_handler.log_command:Invoking command in '/home/min/dev_ws/my_mobile/build/my_robot_gazebo': CMAKE_PREFIX_PATH=${CMAKE_PREFIX_PATH}:/opt/ros/humble /usr/bin/cmake --install /home/min/dev_ws/my_mobile/build/my_robot_gazebo
[1.075s] DEBUG:colcon.colcon_core.event_handler.log_command:Invoking command in '/home/min/dev_ws/my_mobile/build/my_robot_navigation': CMAKE_PREFIX_PATH=${CMAKE_PREFIX_PATH}:/opt/ros/humble /usr/bin/cmake --install /home/min/dev_ws/my_mobile/build/my_robot_navigation
[1.091s] Level 1:colcon.colcon_core.environment:create_environment_scripts_only(my_robot_description)
[1.105s] DEBUG:colcon.colcon_core.event_handler.log_command:Invoked command in '/home/min/dev_ws/my_mobile/build/my_robot_description' returned '0': CMAKE_PREFIX_PATH=${CMAKE_PREFIX_PATH}:/opt/ros/humble /usr/bin/cmake --install /home/min/dev_ws/my_mobile/build/my_robot_description
[1.112s] Level 1:colcon.colcon_core.environment:checking '/home/min/dev_ws/my_mobile/install/my_robot_description' for CMake module files
[1.116s] Level 1:colcon.colcon_core.environment:checking '/home/min/dev_ws/my_mobile/install/my_robot_description' for CMake config files
[1.120s] Level 1:colcon.colcon_core.shell:create_environment_hook('my_robot_description', 'cmake_prefix_path')
[1.123s] INFO:colcon.colcon_core.shell:Creating environment hook '/home/min/dev_ws/my_mobile/install/my_robot_description/share/my_robot_description/hook/cmake_prefix_path.ps1'
[1.128s] INFO:colcon.colcon_core.shell:Creating environment descriptor '/home/min/dev_ws/my_mobile/install/my_robot_description/share/my_robot_description/hook/cmake_prefix_path.dsv'
[1.133s] INFO:colcon.colcon_core.shell:Creating environment hook '/home/min/dev_ws/my_mobile/install/my_robot_description/share/my_robot_description/hook/cmake_prefix_path.sh'
[1.136s] Level 1:colcon.colcon_core.environment:checking '/home/min/dev_ws/my_mobile/install/my_robot_description/bin'
[1.136s] Level 1:colcon.colcon_core.environment:checking '/home/min/dev_ws/my_mobile/install/my_robot_description/lib/pkgconfig/my_robot_description.pc'
[1.137s] Level 1:colcon.colcon_core.environment:checking '/home/min/dev_ws/my_mobile/install/my_robot_description/lib/python3.10/site-packages'
[1.137s] Level 1:colcon.colcon_core.environment:checking '/home/min/dev_ws/my_mobile/install/my_robot_description/bin'
[1.139s] INFO:colcon.colcon_core.shell:Creating package script '/home/min/dev_ws/my_mobile/install/my_robot_description/share/my_robot_description/package.ps1'
[1.141s] INFO:colcon.colcon_core.shell:Creating package descriptor '/home/min/dev_ws/my_mobile/install/my_robot_description/share/my_robot_description/package.dsv'
[1.147s] INFO:colcon.colcon_core.shell:Creating package script '/home/min/dev_ws/my_mobile/install/my_robot_description/share/my_robot_description/package.sh'
[1.150s] INFO:colcon.colcon_core.shell:Creating package script '/home/min/dev_ws/my_mobile/install/my_robot_description/share/my_robot_description/package.bash'
[1.151s] INFO:colcon.colcon_core.shell:Creating package script '/home/min/dev_ws/my_mobile/install/my_robot_description/share/my_robot_description/package.zsh'
[1.152s] Level 1:colcon.colcon_core.environment:create_file_with_runtime_dependencies(/home/min/dev_ws/my_mobile/install/my_robot_description/share/colcon-core/packages/my_robot_description)
[1.176s] Level 1:colcon.colcon_core.environment:create_environment_scripts_only(my_robot_navigation)
[1.179s] Level 1:colcon.colcon_core.environment:checking '/home/min/dev_ws/my_mobile/install/my_robot_navigation' for CMake module files
[1.182s] DEBUG:colcon.colcon_core.event_handler.log_command:Invoked command in '/home/min/dev_ws/my_mobile/build/my_robot_navigation' returned '0': CMAKE_PREFIX_PATH=${CMAKE_PREFIX_PATH}:/opt/ros/humble /usr/bin/cmake --install /home/min/dev_ws/my_mobile/build/my_robot_navigation
[1.183s] Level 1:colcon.colcon_core.environment:checking '/home/min/dev_ws/my_mobile/install/my_robot_navigation' for CMake config files
[1.183s] Level 1:colcon.colcon_core.shell:create_environment_hook('my_robot_navigation', 'cmake_prefix_path')
[1.184s] INFO:colcon.colcon_core.shell:Creating environment hook '/home/min/dev_ws/my_mobile/install/my_robot_navigation/share/my_robot_navigation/hook/cmake_prefix_path.ps1'
[1.185s] INFO:colcon.colcon_core.shell:Creating environment descriptor '/home/min/dev_ws/my_mobile/install/my_robot_navigation/share/my_robot_navigation/hook/cmake_prefix_path.dsv'
[1.185s] INFO:colcon.colcon_core.shell:Creating environment hook '/home/min/dev_ws/my_mobile/install/my_robot_navigation/share/my_robot_navigation/hook/cmake_prefix_path.sh'
[1.187s] Level 1:colcon.colcon_core.environment:checking '/home/min/dev_ws/my_mobile/install/my_robot_navigation/bin'
[1.187s] Level 1:colcon.colcon_core.environment:checking '/home/min/dev_ws/my_mobile/install/my_robot_navigation/lib/pkgconfig/my_robot_navigation.pc'
[1.188s] Level 1:colcon.colcon_core.environment:checking '/home/min/dev_ws/my_mobile/install/my_robot_navigation/lib/python3.10/site-packages'
[1.190s] Level 1:colcon.colcon_core.environment:checking '/home/min/dev_ws/my_mobile/install/my_robot_navigation/bin'
[1.192s] INFO:colcon.colcon_core.shell:Creating package script '/home/min/dev_ws/my_mobile/install/my_robot_navigation/share/my_robot_navigation/package.ps1'
[1.194s] INFO:colcon.colcon_core.shell:Creating package descriptor '/home/min/dev_ws/my_mobile/install/my_robot_navigation/share/my_robot_navigation/package.dsv'
[1.196s] INFO:colcon.colcon_core.shell:Creating package script '/home/min/dev_ws/my_mobile/install/my_robot_navigation/share/my_robot_navigation/package.sh'
[1.197s] INFO:colcon.colcon_core.shell:Creating package script '/home/min/dev_ws/my_mobile/install/my_robot_navigation/share/my_robot_navigation/package.bash'
[1.198s] INFO:colcon.colcon_core.shell:Creating package script '/home/min/dev_ws/my_mobile/install/my_robot_navigation/share/my_robot_navigation/package.zsh'
[1.199s] Level 1:colcon.colcon_core.environment:create_file_with_runtime_dependencies(/home/min/dev_ws/my_mobile/install/my_robot_navigation/share/colcon-core/packages/my_robot_navigation)
[1.200s] Level 1:colcon.colcon_core.environment:create_environment_scripts_only(my_robot_gazebo)
[1.202s] Level 1:colcon.colcon_core.environment:checking '/home/min/dev_ws/my_mobile/install/my_robot_gazebo' for CMake module files
[1.206s] Level 1:colcon.colcon_core.environment:checking '/home/min/dev_ws/my_mobile/install/my_robot_gazebo' for CMake config files
[1.208s] Level 1:colcon.colcon_core.shell:create_environment_hook('my_robot_gazebo', 'cmake_prefix_path')
[1.210s] INFO:colcon.colcon_core.shell:Creating environment hook '/home/min/dev_ws/my_mobile/install/my_robot_gazebo/share/my_robot_gazebo/hook/cmake_prefix_path.ps1'
[1.215s] DEBUG:colcon.colcon_core.event_handler.log_command:Invoked command in '/home/min/dev_ws/my_mobile/build/my_robot_gazebo' returned '0': CMAKE_PREFIX_PATH=${CMAKE_PREFIX_PATH}:/opt/ros/humble /usr/bin/cmake --install /home/min/dev_ws/my_mobile/build/my_robot_gazebo
[1.216s] INFO:colcon.colcon_core.shell:Creating environment descriptor '/home/min/dev_ws/my_mobile/install/my_robot_gazebo/share/my_robot_gazebo/hook/cmake_prefix_path.dsv'
[1.217s] INFO:colcon.colcon_core.shell:Creating environment hook '/home/min/dev_ws/my_mobile/install/my_robot_gazebo/share/my_robot_gazebo/hook/cmake_prefix_path.sh'
[1.220s] Level 1:colcon.colcon_core.environment:checking '/home/min/dev_ws/my_mobile/install/my_robot_gazebo/bin'
[1.221s] Level 1:colcon.colcon_core.environment:checking '/home/min/dev_ws/my_mobile/install/my_robot_gazebo/lib/pkgconfig/my_robot_gazebo.pc'
[1.222s] Level 1:colcon.colcon_core.environment:checking '/home/min/dev_ws/my_mobile/install/my_robot_gazebo/lib/python3.10/site-packages'
[1.223s] Level 1:colcon.colcon_core.environment:checking '/home/min/dev_ws/my_mobile/install/my_robot_gazebo/bin'
[1.224s] INFO:colcon.colcon_core.shell:Creating package script '/home/min/dev_ws/my_mobile/install/my_robot_gazebo/share/my_robot_gazebo/package.ps1'
[1.225s] INFO:colcon.colcon_core.shell:Creating package descriptor '/home/min/dev_ws/my_mobile/install/my_robot_gazebo/share/my_robot_gazebo/package.dsv'
[1.228s] INFO:colcon.colcon_core.shell:Creating package script '/home/min/dev_ws/my_mobile/install/my_robot_gazebo/share/my_robot_gazebo/package.sh'
[1.233s] INFO:colcon.colcon_core.shell:Creating package script '/home/min/dev_ws/my_mobile/install/my_robot_gazebo/share/my_robot_gazebo/package.bash'
[1.237s] INFO:colcon.colcon_core.shell:Creating package script '/home/min/dev_ws/my_mobile/install/my_robot_gazebo/share/my_robot_gazebo/package.zsh'
[1.244s] Level 1:colcon.colcon_core.environment:create_file_with_runtime_dependencies(/home/min/dev_ws/my_mobile/install/my_robot_gazebo/share/colcon-core/packages/my_robot_gazebo)
[1.256s] Level 1:colcon.colcon_core.environment:create_environment_scripts_only(my_robot_description)
[1.258s] Level 1:colcon.colcon_core.environment:checking '/home/min/dev_ws/my_mobile/install/my_robot_description' for CMake module files
[1.259s] Level 1:colcon.colcon_core.environment:checking '/home/min/dev_ws/my_mobile/install/my_robot_description' for CMake config files
[1.260s] Level 1:colcon.colcon_core.shell:create_environment_hook('my_robot_description', 'cmake_prefix_path')
[1.262s] INFO:colcon.colcon_core.shell:Creating environment hook '/home/min/dev_ws/my_mobile/install/my_robot_description/share/my_robot_description/hook/cmake_prefix_path.ps1'
[1.267s] INFO:colcon.colcon_core.shell:Creating environment descriptor '/home/min/dev_ws/my_mobile/install/my_robot_description/share/my_robot_description/hook/cmake_prefix_path.dsv'
[1.268s] INFO:colcon.colcon_core.shell:Creating environment hook '/home/min/dev_ws/my_mobile/install/my_robot_description/share/my_robot_description/hook/cmake_prefix_path.sh'
[1.270s] Level 1:colcon.colcon_core.environment:checking '/home/min/dev_ws/my_mobile/install/my_robot_description/bin'
[1.270s] Level 1:colcon.colcon_core.environment:checking '/home/min/dev_ws/my_mobile/install/my_robot_description/lib/pkgconfig/my_robot_description.pc'
[1.271s] Level 1:colcon.colcon_core.environment:checking '/home/min/dev_ws/my_mobile/install/my_robot_description/lib/python3.10/site-packages'
[1.272s] Level 1:colcon.colcon_core.environment:checking '/home/min/dev_ws/my_mobile/install/my_robot_description/bin'
[1.272s] INFO:colcon.colcon_core.shell:Creating package script '/home/min/dev_ws/my_mobile/install/my_robot_description/share/my_robot_description/package.ps1'
[1.273s] INFO:colcon.colcon_core.shell:Creating package descriptor '/home/min/dev_ws/my_mobile/install/my_robot_description/share/my_robot_description/package.dsv'
[1.275s] INFO:colcon.colcon_core.shell:Creating package script '/home/min/dev_ws/my_mobile/install/my_robot_description/share/my_robot_description/package.sh'
[1.276s] INFO:colcon.colcon_core.shell:Creating package script '/home/min/dev_ws/my_mobile/install/my_robot_description/share/my_robot_description/package.bash'
[1.276s] INFO:colcon.colcon_core.shell:Creating package script '/home/min/dev_ws/my_mobile/install/my_robot_description/share/my_robot_description/package.zsh'
[1.277s] Level 1:colcon.colcon_core.environment:create_file_with_runtime_dependencies(/home/min/dev_ws/my_mobile/install/my_robot_description/share/colcon-core/packages/my_robot_description)
[1.280s] Level 1:colcon.colcon_core.environment:create_environment_scripts_only(my_robot_navigation)
[1.281s] Level 1:colcon.colcon_core.environment:checking '/home/min/dev_ws/my_mobile/install/my_robot_navigation' for CMake module files
[1.284s] Level 1:colcon.colcon_core.environment:checking '/home/min/dev_ws/my_mobile/install/my_robot_navigation' for CMake config files
[1.287s] Level 1:colcon.colcon_core.shell:create_environment_hook('my_robot_navigation', 'cmake_prefix_path')
[1.288s] INFO:colcon.colcon_core.shell:Creating environment hook '/home/min/dev_ws/my_mobile/install/my_robot_navigation/share/my_robot_navigation/hook/cmake_prefix_path.ps1'
[1.290s] INFO:colcon.colcon_core.shell:Creating environment descriptor '/home/min/dev_ws/my_mobile/install/my_robot_navigation/share/my_robot_navigation/hook/cmake_prefix_path.dsv'
[1.292s] INFO:colcon.colcon_core.shell:Creating environment hook '/home/min/dev_ws/my_mobile/install/my_robot_navigation/share/my_robot_navigation/hook/cmake_prefix_path.sh'
[1.295s] Level 1:colcon.colcon_core.environment:checking '/home/min/dev_ws/my_mobile/install/my_robot_navigation/bin'
[1.296s] Level 1:colcon.colcon_core.environment:checking '/home/min/dev_ws/my_mobile/install/my_robot_navigation/lib/pkgconfig/my_robot_navigation.pc'
[1.298s] Level 1:colcon.colcon_core.environment:checking '/home/min/dev_ws/my_mobile/install/my_robot_navigation/lib/python3.10/site-packages'
[1.299s] Level 1:colcon.colcon_core.environment:checking '/home/min/dev_ws/my_mobile/install/my_robot_navigation/bin'
[1.300s] INFO:colcon.colcon_core.shell:Creating package script '/home/min/dev_ws/my_mobile/install/my_robot_navigation/share/my_robot_navigation/package.ps1'
[1.303s] INFO:colcon.colcon_core.shell:Creating package descriptor '/home/min/dev_ws/my_mobile/install/my_robot_navigation/share/my_robot_navigation/package.dsv'
[1.308s] INFO:colcon.colcon_core.shell:Creating package script '/home/min/dev_ws/my_mobile/install/my_robot_navigation/share/my_robot_navigation/package.sh'
[1.309s] INFO:colcon.colcon_core.shell:Creating package script '/home/min/dev_ws/my_mobile/install/my_robot_navigation/share/my_robot_navigation/package.bash'
[1.309s] INFO:colcon.colcon_core.shell:Creating package script '/home/min/dev_ws/my_mobile/install/my_robot_navigation/share/my_robot_navigation/package.zsh'
[1.309s] Level 1:colcon.colcon_core.environment:create_file_with_runtime_dependencies(/home/min/dev_ws/my_mobile/install/my_robot_navigation/share/colcon-core/packages/my_robot_navigation)
[1.316s] Level 1:colcon.colcon_core.environment:create_environment_scripts_only(my_robot_gazebo)
[1.317s] Level 1:colcon.colcon_core.environment:checking '/home/min/dev_ws/my_mobile/install/my_robot_gazebo' for CMake module files
[1.318s] Level 1:colcon.colcon_core.environment:checking '/home/min/dev_ws/my_mobile/install/my_robot_gazebo' for CMake config files
[1.319s] Level 1:colcon.colcon_core.shell:create_environment_hook('my_robot_gazebo', 'cmake_prefix_path')
[1.319s] INFO:colcon.colcon_core.shell:Creating environment hook '/home/min/dev_ws/my_mobile/install/my_robot_gazebo/share/my_robot_gazebo/hook/cmake_prefix_path.ps1'
[1.324s] INFO:colcon.colcon_core.shell:Creating environment descriptor '/home/min/dev_ws/my_mobile/install/my_robot_gazebo/share/my_robot_gazebo/hook/cmake_prefix_path.dsv'
[1.325s] INFO:colcon.colcon_core.shell:Creating environment hook '/home/min/dev_ws/my_mobile/install/my_robot_gazebo/share/my_robot_gazebo/hook/cmake_prefix_path.sh'
[1.327s] Level 1:colcon.colcon_core.environment:checking '/home/min/dev_ws/my_mobile/install/my_robot_gazebo/bin'
[1.327s] Level 1:colcon.colcon_core.environment:checking '/home/min/dev_ws/my_mobile/install/my_robot_gazebo/lib/pkgconfig/my_robot_gazebo.pc'
[1.327s] Level 1:colcon.colcon_core.environment:checking '/home/min/dev_ws/my_mobile/install/my_robot_gazebo/lib/python3.10/site-packages'
[1.328s] Level 1:colcon.colcon_core.environment:checking '/home/min/dev_ws/my_mobile/install/my_robot_gazebo/bin'
[1.329s] INFO:colcon.colcon_core.shell:Creating package script '/home/min/dev_ws/my_mobile/install/my_robot_gazebo/share/my_robot_gazebo/package.ps1'
[1.330s] INFO:colcon.colcon_core.shell:Creating package descriptor '/home/min/dev_ws/my_mobile/install/my_robot_gazebo/share/my_robot_gazebo/package.dsv'
[1.331s] INFO:colcon.colcon_core.shell:Creating package script '/home/min/dev_ws/my_mobile/install/my_robot_gazebo/share/my_robot_gazebo/package.sh'
[1.332s] INFO:colcon.colcon_core.shell:Creating package script '/home/min/dev_ws/my_mobile/install/my_robot_gazebo/share/my_robot_gazebo/package.bash'
[1.333s] INFO:colcon.colcon_core.shell:Creating package script '/home/min/dev_ws/my_mobile/install/my_robot_gazebo/share/my_robot_gazebo/package.zsh'
[1.335s] Level 1:colcon.colcon_core.environment:create_file_with_runtime_dependencies(/home/min/dev_ws/my_mobile/install/my_robot_gazebo/share/colcon-core/packages/my_robot_gazebo)
[1.339s] DEBUG:colcon.colcon_parallel_executor.executor.parallel:closing loop
[1.341s] DEBUG:colcon.colcon_parallel_executor.executor.parallel:loop closed
[1.343s] DEBUG:colcon.colcon_parallel_executor.executor.parallel:run_until_complete finished with '0'
[1.344s] DEBUG:colcon.colcon_core.event_reactor:joining thread
[1.353s] INFO:colcon.colcon_core.plugin_system:Skipping extension 'colcon_notification.desktop_notification.terminal_notifier': Not used on non-Darwin systems
[1.353s] INFO:colcon.colcon_core.plugin_system:Skipping extension 'colcon_notification.desktop_notification.win32': Not used on non-Windows systems
[1.354s] INFO:colcon.colcon_notification.desktop_notification:Sending desktop notification using 'notify2'
[1.386s] DEBUG:colcon.colcon_core.event_reactor:joined thread
[1.389s] INFO:colcon.colcon_core.shell:Creating prefix script '/home/min/dev_ws/my_mobile/install/local_setup.ps1'
[1.392s] INFO:colcon.colcon_core.shell:Creating prefix util module '/home/min/dev_ws/my_mobile/install/_local_setup_util_ps1.py'
[1.394s] INFO:colcon.colcon_core.shell:Creating prefix chain script '/home/min/dev_ws/my_mobile/install/setup.ps1'
[1.397s] INFO:colcon.colcon_core.shell:Creating prefix script '/home/min/dev_ws/my_mobile/install/local_setup.sh'
[1.398s] INFO:colcon.colcon_core.shell:Creating prefix util module '/home/min/dev_ws/my_mobile/install/_local_setup_util_sh.py'
[1.404s] INFO:colcon.colcon_core.shell:Creating prefix chain script '/home/min/dev_ws/my_mobile/install/setup.sh'
[1.406s] INFO:colcon.colcon_core.shell:Creating prefix script '/home/min/dev_ws/my_mobile/install/local_setup.bash'
[1.407s] INFO:colcon.colcon_core.shell:Creating prefix chain script '/home/min/dev_ws/my_mobile/install/setup.bash'
[1.408s] INFO:colcon.colcon_core.shell:Creating prefix script '/home/min/dev_ws/my_mobile/install/local_setup.zsh'
[1.408s] INFO:colcon.colcon_core.shell:Creating prefix chain script '/home/min/dev_ws/my_mobile/install/setup.zsh'
