[0.013s] Invoking command in '/home/min/dev_ws/my_mobile/build/my_robot_description': CMAKE_PREFIX_PATH=${CMAKE_PREFIX_PATH}:/opt/ros/humble /usr/bin/cmake /home/min/dev_ws/my_mobile/src/my_robot_description -DCMAKE_INSTALL_PREFIX=/home/min/dev_ws/my_mobile/install/my_robot_description
[0.135s] -- The C compiler identification is GNU 11.4.0
[0.224s] -- The CXX compiler identification is GNU 11.4.0
[0.235s] -- Detecting C compiler ABI info
[0.290s] -- Detecting C compiler ABI info - done
[0.296s] -- Check for working C compiler: /usr/bin/cc - skipped
[0.297s] -- Detecting C compile features
[0.297s] -- Detecting C compile features - done
[0.300s] -- Detecting CXX compiler ABI info
[0.382s] -- Detecting CXX compiler ABI info - done
[0.392s] -- Check for working CXX compiler: /usr/bin/c++ - skipped
[0.392s] -- Detecting CXX compile features
[0.393s] -- Detecting CXX compile features - done
[0.396s] -- Found ament_cmake: 1.3.9 (/opt/ros/humble/share/ament_cmake/cmake)
[0.559s] -- Found Python3: /usr/bin/python3 (found version "3.10.12") found components: Interpreter 
[0.649s] -- Found ament_lint_auto: 0.12.11 (/opt/ros/humble/share/ament_lint_auto/cmake)
[0.718s] -- Added test 'lint_cmake' to check CMake code style
[0.720s] -- Added test 'xmllint' to check XML markup files
[0.721s] -- Configuring done
[0.723s] -- Generating done
[0.724s] -- Build files have been written to: /home/min/dev_ws/my_mobile/build/my_robot_description
[0.728s] Invoked command in '/home/min/dev_ws/my_mobile/build/my_robot_description' returned '0': CMAKE_PREFIX_PATH=${CMAKE_PREFIX_PATH}:/opt/ros/humble /usr/bin/cmake /home/min/dev_ws/my_mobile/src/my_robot_description -DCMAKE_INSTALL_PREFIX=/home/min/dev_ws/my_mobile/install/my_robot_description
[0.729s] Invoking command in '/home/min/dev_ws/my_mobile/build/my_robot_description': CMAKE_PREFIX_PATH=${CMAKE_PREFIX_PATH}:/opt/ros/humble /usr/bin/cmake --build /home/min/dev_ws/my_mobile/build/my_robot_description -- -j12 -l12
[0.760s] Invoked command in '/home/min/dev_ws/my_mobile/build/my_robot_description' returned '0': CMAKE_PREFIX_PATH=${CMAKE_PREFIX_PATH}:/opt/ros/humble /usr/bin/cmake --build /home/min/dev_ws/my_mobile/build/my_robot_description -- -j12 -l12
[0.784s] Invoking command in '/home/min/dev_ws/my_mobile/build/my_robot_description': CMAKE_PREFIX_PATH=${CMAKE_PREFIX_PATH}:/opt/ros/humble /usr/bin/cmake --install /home/min/dev_ws/my_mobile/build/my_robot_description
[0.790s] -- Install configuration: ""
[0.790s] -- Installing: /home/min/dev_ws/my_mobile/install/my_robot_description/share/my_robot_description/rviz
[0.790s] -- Installing: /home/min/dev_ws/my_mobile/install/my_robot_description/share/my_robot_description/rviz/urdf_config.rviz
[0.791s] -- Installing: /home/min/dev_ws/my_mobile/install/my_robot_description/share/my_robot_description/urdf
[0.791s] -- Installing: /home/min/dev_ws/my_mobile/install/my_robot_description/share/my_robot_description/urdf/ros2_control.xacro
[0.791s] -- Installing: /home/min/dev_ws/my_mobile/install/my_robot_description/share/my_robot_description/urdf/robot_gazebo.xacro
[0.791s] -- Installing: /home/min/dev_ws/my_mobile/install/my_robot_description/share/my_robot_description/urdf/robot.urdf.xacro
[0.791s] -- Installing: /home/min/dev_ws/my_mobile/install/my_robot_description/share/my_robot_description/urdf/camera.xacro
[0.792s] -- Installing: /home/min/dev_ws/my_mobile/install/my_robot_description/share/my_robot_description/urdf/gazebo_control.xacro
[0.792s] -- Installing: /home/min/dev_ws/my_mobile/install/my_robot_description/share/my_robot_description/urdf/lidar.xacro
[0.792s] -- Installing: /home/min/dev_ws/my_mobile/install/my_robot_description/share/my_robot_description/urdf/robot_core.xacro
[0.792s] -- Installing: /home/min/dev_ws/my_mobile/install/my_robot_description/share/my_robot_description/launch
[0.792s] -- Installing: /home/min/dev_ws/my_mobile/install/my_robot_description/share/my_robot_description/launch/upload.launch.xml
[0.793s] -- Installing: /home/min/dev_ws/my_mobile/install/my_robot_description/share/my_robot_description/launch/display.launch.xml
[0.794s] -- Installing: /home/min/dev_ws/my_mobile/install/my_robot_description/share/my_robot_description/meshes
[0.794s] -- Installing: /home/min/dev_ws/my_mobile/install/my_robot_description/share/my_robot_description/meshes/collision
[0.794s] -- Installing: /home/min/dev_ws/my_mobile/install/my_robot_description/share/my_robot_description/meshes/collision/ydlidar_x2_assy.stl
[0.796s] -- Installing: /home/min/dev_ws/my_mobile/install/my_robot_description/share/my_robot_description/meshes/collision/ul_sensor.stl
[0.796s] -- Installing: /home/min/dev_ws/my_mobile/install/my_robot_description/share/my_robot_description/meshes/collision/base_link.stl
[0.797s] -- Installing: /home/min/dev_ws/my_mobile/install/my_robot_description/share/my_robot_description/meshes/collision/front_camera.stl
[0.799s] -- Installing: /home/min/dev_ws/my_mobile/install/my_robot_description/share/my_robot_description/meshes/collision/wheel.stl
[0.799s] -- Installing: /home/min/dev_ws/my_mobile/install/my_robot_description/share/my_robot_description/meshes/visual
[0.799s] -- Installing: /home/min/dev_ws/my_mobile/install/my_robot_description/share/my_robot_description/meshes/visual/wheel.dae
[0.800s] -- Installing: /home/min/dev_ws/my_mobile/install/my_robot_description/share/my_robot_description/meshes/visual/front_camera.png
[0.800s] -- Installing: /home/min/dev_ws/my_mobile/install/my_robot_description/share/my_robot_description/meshes/visual/wheel.png
[0.800s] -- Installing: /home/min/dev_ws/my_mobile/install/my_robot_description/share/my_robot_description/meshes/visual/front_camera.dae
[0.801s] -- Installing: /home/min/dev_ws/my_mobile/install/my_robot_description/share/my_robot_description/meshes/visual/ydlidar_x2_assy.dae
[0.804s] -- Installing: /home/min/dev_ws/my_mobile/install/my_robot_description/share/my_robot_description/meshes/visual/ul_sensor.dae
[0.804s] -- Installing: /home/min/dev_ws/my_mobile/install/my_robot_description/share/my_robot_description/meshes/visual/ydlidar_x2.png
[0.804s] -- Installing: /home/min/dev_ws/my_mobile/install/my_robot_description/share/my_robot_description/meshes/visual/base_link.dae
[0.804s] -- Installing: /home/min/dev_ws/my_mobile/install/my_robot_description/share/ament_index/resource_index/package_run_dependencies/my_robot_description
[0.804s] -- Installing: /home/min/dev_ws/my_mobile/install/my_robot_description/share/ament_index/resource_index/parent_prefix_path/my_robot_description
[0.804s] -- Installing: /home/min/dev_ws/my_mobile/install/my_robot_description/share/my_robot_description/environment/ament_prefix_path.sh
[0.805s] -- Installing: /home/min/dev_ws/my_mobile/install/my_robot_description/share/my_robot_description/environment/ament_prefix_path.dsv
[0.805s] -- Installing: /home/min/dev_ws/my_mobile/install/my_robot_description/share/my_robot_description/environment/path.sh
[0.805s] -- Installing: /home/min/dev_ws/my_mobile/install/my_robot_description/share/my_robot_description/environment/path.dsv
[0.805s] -- Installing: /home/min/dev_ws/my_mobile/install/my_robot_description/share/my_robot_description/local_setup.bash
[0.805s] -- Installing: /home/min/dev_ws/my_mobile/install/my_robot_description/share/my_robot_description/local_setup.sh
[0.806s] -- Installing: /home/min/dev_ws/my_mobile/install/my_robot_description/share/my_robot_description/local_setup.zsh
[0.806s] -- Installing: /home/min/dev_ws/my_mobile/install/my_robot_description/share/my_robot_description/local_setup.dsv
[0.807s] -- Installing: /home/min/dev_ws/my_mobile/install/my_robot_description/share/my_robot_description/package.dsv
[0.807s] -- Installing: /home/min/dev_ws/my_mobile/install/my_robot_description/share/ament_index/resource_index/packages/my_robot_description
[0.808s] -- Installing: /home/min/dev_ws/my_mobile/install/my_robot_description/share/my_robot_description/cmake/my_robot_descriptionConfig.cmake
[0.808s] -- Installing: /home/min/dev_ws/my_mobile/install/my_robot_description/share/my_robot_description/cmake/my_robot_descriptionConfig-version.cmake
[0.808s] -- Installing: /home/min/dev_ws/my_mobile/install/my_robot_description/share/my_robot_description/package.xml
[0.813s] Invoked command in '/home/min/dev_ws/my_mobile/build/my_robot_description' returned '0': CMAKE_PREFIX_PATH=${CMAKE_PREFIX_PATH}:/opt/ros/humble /usr/bin/cmake --install /home/min/dev_ws/my_mobile/build/my_robot_description
